2024-09-22 00:36:39,476 INFO [RAFT-NOTIFIER] datum is deleted, key: com.alibaba.nacos.naming.domains.meta.public##DEFAULT_GROUP@@bizspring-auth

2024-09-22 00:36:39,485 INFO [RAFT-NOTIFIER] datum is deleted, key: com.alibaba.nacos.naming.domains.meta.public##DEFAULT_GROUP@@bizspring-module-gateway

2024-09-22 00:36:39,485 INFO [RAFT-NOTIFIER] datum is deleted, key: com.alibaba.nacos.naming.domains.meta.public##DEFAULT_GROUP@@bizspring-upms

2024-09-22 00:37:09,436 INFO [RAFT-NOTIFIER] datum is deleted, key: com.alibaba.nacos.naming.domains.meta.public##DEFAULT_GROUP@@bizspring-goods

2024-09-22 00:37:09,439 INFO [RAFT-NOTIFIER] datum is deleted, key: com.alibaba.nacos.naming.domains.meta.public##DEFAULT_GROUP@@bizspring-order

2024-09-22 00:37:39,434 INFO [RAFT-NOTIFIER] datum is deleted, key: com.alibaba.nacos.naming.domains.meta.public##DEFAULT_GROUP@@bizspring-store

2024-09-22 12:56:33,526 INFO add listener: com.alibaba.nacos.naming.iplist.public##DEFAULT_GROUP@@bizspring-module-gateway

2024-09-22 12:56:35,006 INFO add listener: com.alibaba.nacos.naming.iplist.public##DEFAULT_GROUP@@bizspring-auth

2024-09-22 12:56:43,235 INFO add listener: com.alibaba.nacos.naming.iplist.public##DEFAULT_GROUP@@bizspring-upms

2024-09-22 12:56:46,362 INFO add listener: com.alibaba.nacos.naming.iplist.public##DEFAULT_GROUP@@bizspring-goods

2024-09-22 12:56:46,958 INFO add listener: com.alibaba.nacos.naming.iplist.public##DEFAULT_GROUP@@bizspring-order

2024-09-22 12:56:48,377 INFO add listener: com.alibaba.nacos.naming.iplist.public##DEFAULT_GROUP@@bizspring-store

2024-09-22 20:50:33,294 INFO [RAFT-NOTIFIER] datum is deleted, key: com.alibaba.nacos.naming.domains.meta.public##DEFAULT_GROUP@@bizspring-module-gateway

2024-09-22 20:51:03,265 INFO [RAFT-NOTIFIER] datum is deleted, key: com.alibaba.nacos.naming.domains.meta.public##DEFAULT_GROUP@@bizspring-auth

2024-09-22 20:51:03,276 INFO [RAFT-NOTIFIER] datum is deleted, key: com.alibaba.nacos.naming.domains.meta.public##DEFAULT_GROUP@@bizspring-goods

2024-09-22 20:51:03,276 INFO [RAFT-NOTIFIER] datum is deleted, key: com.alibaba.nacos.naming.domains.meta.public##DEFAULT_GROUP@@bizspring-order

2024-09-22 20:51:03,278 INFO [RAFT-NOTIFIER] datum is deleted, key: com.alibaba.nacos.naming.domains.meta.public##DEFAULT_GROUP@@bizspring-store

2024-09-22 20:51:03,278 INFO [RAFT-NOTIFIER] datum is deleted, key: com.alibaba.nacos.naming.domains.meta.public##DEFAULT_GROUP@@bizspring-upms

2024-09-22 21:07:15,141 INFO add listener: com.alibaba.nacos.naming.iplist.public##DEFAULT_GROUP@@bizspring-module-gateway

2024-09-22 21:07:15,989 INFO add listener: com.alibaba.nacos.naming.iplist.public##DEFAULT_GROUP@@bizspring-auth

2024-09-22 21:07:27,220 INFO add listener: com.alibaba.nacos.naming.iplist.public##DEFAULT_GROUP@@bizspring-upms

2024-09-22 21:07:29,349 INFO add listener: com.alibaba.nacos.naming.iplist.public##DEFAULT_GROUP@@bizspring-goods

2024-09-22 21:07:30,537 INFO add listener: com.alibaba.nacos.naming.iplist.public##DEFAULT_GROUP@@bizspring-order

2024-09-22 21:07:32,514 INFO add listener: com.alibaba.nacos.naming.iplist.public##DEFAULT_GROUP@@bizspring-store

2024-09-22 21:11:03,273 INFO [RAFT-NOTIFIER] datum is deleted, key: com.alibaba.nacos.naming.domains.meta.public##DEFAULT_GROUP@@bizspring-auth

2024-09-22 21:11:33,273 INFO [RAFT-NOTIFIER] datum is deleted, key: com.alibaba.nacos.naming.domains.meta.public##DEFAULT_GROUP@@bizspring-module-gateway

2024-09-22 21:11:33,273 INFO [RAFT-NOTIFIER] datum is deleted, key: com.alibaba.nacos.naming.domains.meta.public##DEFAULT_GROUP@@bizspring-upms

2024-09-22 21:12:03,281 INFO [RAFT-NOTIFIER] datum is deleted, key: com.alibaba.nacos.naming.domains.meta.public##DEFAULT_GROUP@@bizspring-goods

2024-09-22 21:12:03,293 INFO [RAFT-NOTIFIER] datum is deleted, key: com.alibaba.nacos.naming.domains.meta.public##DEFAULT_GROUP@@bizspring-order

2024-09-22 21:12:33,268 INFO [RAFT-NOTIFIER] datum is deleted, key: com.alibaba.nacos.naming.domains.meta.public##DEFAULT_GROUP@@bizspring-store

