2024-09-22 00:01:48,239 INFO PERFORMANCE:|6|6|-1|-1

2024-09-22 00:06:48,256 INFO PERFORMANCE:|6|6|-1|-1

2024-09-22 00:11:48,267 INFO PERFORMANCE:|6|6|-1|-1

2024-09-22 00:16:48,282 INFO PERFORMANCE:|6|6|-1|-1

2024-09-22 00:21:48,290 INFO PERFORMANCE:|6|6|-1|-1

2024-09-22 00:26:48,300 INFO PERFORMANCE:|6|6|-1|-1

2024-09-22 00:31:48,300 INFO PERFORMANCE:|6|6|-1|-1

2024-09-22 00:36:48,312 INFO PERFORMANCE:|3|0|-1|-1

2024-09-22 00:41:48,326 INFO PERFORMANCE:|0|0|-1|-1

2024-09-22 00:46:48,328 INFO PERFORMANCE:|0|0|-1|-1

2024-09-22 10:26:34,269 INFO PERFORMANCE:|0|0|-1|-1

2024-09-22 10:31:34,274 INFO PERFORMANCE:|0|0|-1|-1

2024-09-22 10:36:34,286 INFO PERFORMANCE:|0|0|-1|-1

2024-09-22 10:41:34,303 INFO PERFORMANCE:|0|0|-1|-1

2024-09-22 10:46:34,310 INFO PERFORMANCE:|0|0|-1|-1

2024-09-22 10:51:34,320 INFO PERFORMANCE:|0|0|-1|-1

2024-09-22 10:56:34,325 INFO PERFORMANCE:|0|0|-1|-1

2024-09-22 11:01:34,327 INFO PERFORMANCE:|0|0|-1|-1

2024-09-22 11:06:34,336 INFO PERFORMANCE:|0|0|-1|-1

2024-09-22 11:11:34,351 INFO PERFORMANCE:|0|0|-1|-1

2024-09-22 11:16:34,360 INFO PERFORMANCE:|0|0|-1|-1

2024-09-22 11:21:34,370 INFO PERFORMANCE:|0|0|-1|-1

2024-09-22 11:26:34,374 INFO PERFORMANCE:|0|0|-1|-1

2024-09-22 11:31:34,376 INFO PERFORMANCE:|0|0|-1|-1

2024-09-22 11:36:34,386 INFO PERFORMANCE:|0|0|-1|-1

2024-09-22 11:41:34,392 INFO PERFORMANCE:|0|0|-1|-1

2024-09-22 11:46:34,393 INFO PERFORMANCE:|0|0|-1|-1

2024-09-22 11:51:34,399 INFO PERFORMANCE:|0|0|-1|-1

2024-09-22 11:56:34,414 INFO PERFORMANCE:|0|0|-1|-1

2024-09-22 12:01:34,428 INFO PERFORMANCE:|0|0|-1|-1

2024-09-22 12:06:34,435 INFO PERFORMANCE:|0|0|-1|-1

2024-09-22 12:11:34,445 INFO PERFORMANCE:|0|0|-1|-1

2024-09-22 12:16:34,459 INFO PERFORMANCE:|0|0|-1|-1

2024-09-22 12:21:34,460 INFO PERFORMANCE:|0|0|-1|-1

2024-09-22 12:26:34,468 INFO PERFORMANCE:|0|0|-1|-1

2024-09-22 12:31:34,471 INFO PERFORMANCE:|0|0|-1|-1

2024-09-22 12:36:34,488 INFO PERFORMANCE:|0|0|-1|-1

2024-09-22 12:41:34,495 INFO PERFORMANCE:|0|0|-1|-1

2024-09-22 12:46:34,500 INFO PERFORMANCE:|0|0|-1|-1

2024-09-22 12:51:34,515 INFO PERFORMANCE:|0|0|-1|-1

2024-09-22 12:56:34,530 INFO PERFORMANCE:|1|1|-1|-1

2024-09-22 13:01:34,538 INFO PERFORMANCE:|6|6|-1|-1

2024-09-22 13:06:34,540 INFO PERFORMANCE:|6|6|-1|-1

2024-09-22 13:11:34,544 INFO PERFORMANCE:|6|6|-1|-1

2024-09-22 13:16:34,554 INFO PERFORMANCE:|6|6|-1|-1

2024-09-22 13:21:34,557 INFO PERFORMANCE:|6|6|-1|-1

2024-09-22 13:26:34,561 INFO PERFORMANCE:|6|6|-1|-1

2024-09-22 13:31:34,566 INFO PERFORMANCE:|6|6|-1|-1

2024-09-22 13:36:34,573 INFO PERFORMANCE:|6|6|-1|-1

2024-09-22 13:41:34,583 INFO PERFORMANCE:|6|6|-1|-1

2024-09-22 13:46:34,592 INFO PERFORMANCE:|6|6|-1|-1

2024-09-22 13:51:34,593 INFO PERFORMANCE:|6|6|-1|-1

2024-09-22 13:56:34,596 INFO PERFORMANCE:|6|6|-1|-1

2024-09-22 14:01:34,610 INFO PERFORMANCE:|6|6|-1|-1

2024-09-22 14:06:34,618 INFO PERFORMANCE:|6|6|-1|-1

2024-09-22 14:11:34,620 INFO PERFORMANCE:|6|6|-1|-1

2024-09-22 14:16:34,634 INFO PERFORMANCE:|6|6|-1|-1

2024-09-22 14:21:34,645 INFO PERFORMANCE:|6|6|-1|-1

2024-09-22 14:26:34,656 INFO PERFORMANCE:|6|6|-1|-1

2024-09-22 14:31:34,658 INFO PERFORMANCE:|6|6|-1|-1

2024-09-22 14:36:34,660 INFO PERFORMANCE:|6|6|-1|-1

2024-09-22 14:41:34,662 INFO PERFORMANCE:|6|6|-1|-1

2024-09-22 14:46:34,668 INFO PERFORMANCE:|6|6|-1|-1

2024-09-22 14:51:34,678 INFO PERFORMANCE:|6|6|-1|-1

2024-09-22 14:56:34,686 INFO PERFORMANCE:|6|6|-1|-1

2024-09-22 15:01:34,689 INFO PERFORMANCE:|6|6|-1|-1

2024-09-22 15:06:34,697 INFO PERFORMANCE:|6|6|-1|-1

2024-09-22 15:11:34,709 INFO PERFORMANCE:|6|6|-1|-1

2024-09-22 15:16:34,717 INFO PERFORMANCE:|6|6|-1|-1

2024-09-22 15:21:34,724 INFO PERFORMANCE:|6|6|-1|-1

2024-09-22 15:26:34,732 INFO PERFORMANCE:|6|6|-1|-1

2024-09-22 15:31:34,738 INFO PERFORMANCE:|6|6|-1|-1

2024-09-22 15:36:34,751 INFO PERFORMANCE:|6|6|-1|-1

2024-09-22 15:41:34,760 INFO PERFORMANCE:|6|6|-1|-1

2024-09-22 15:46:34,772 INFO PERFORMANCE:|6|6|-1|-1

2024-09-22 15:51:34,782 INFO PERFORMANCE:|6|6|-1|-1

2024-09-22 15:56:34,785 INFO PERFORMANCE:|6|6|-1|-1

2024-09-22 16:01:34,798 INFO PERFORMANCE:|6|6|-1|-1

2024-09-22 16:06:34,811 INFO PERFORMANCE:|6|6|-1|-1

2024-09-22 16:11:34,819 INFO PERFORMANCE:|6|6|-1|-1

2024-09-22 16:16:34,828 INFO PERFORMANCE:|6|6|-1|-1

2024-09-22 16:21:34,836 INFO PERFORMANCE:|6|6|-1|-1

2024-09-22 16:26:34,849 INFO PERFORMANCE:|6|6|-1|-1

2024-09-22 16:31:34,861 INFO PERFORMANCE:|6|6|-1|-1

2024-09-22 16:36:34,866 INFO PERFORMANCE:|6|6|-1|-1

2024-09-22 16:41:34,876 INFO PERFORMANCE:|6|6|-1|-1

2024-09-22 16:46:34,890 INFO PERFORMANCE:|6|6|-1|-1

2024-09-22 16:51:34,902 INFO PERFORMANCE:|6|6|-1|-1

2024-09-22 16:56:34,919 INFO PERFORMANCE:|6|6|-1|-1

2024-09-22 17:01:34,925 INFO PERFORMANCE:|6|6|-1|-1

2024-09-22 17:06:34,939 INFO PERFORMANCE:|6|6|-1|-1

2024-09-22 17:11:34,952 INFO PERFORMANCE:|6|6|-1|-1

2024-09-22 17:16:34,957 INFO PERFORMANCE:|6|6|-1|-1

2024-09-22 17:21:34,964 INFO PERFORMANCE:|6|6|-1|-1

2024-09-22 17:26:34,967 INFO PERFORMANCE:|6|6|-1|-1

2024-09-22 17:31:34,981 INFO PERFORMANCE:|6|6|-1|-1

2024-09-22 17:36:34,992 INFO PERFORMANCE:|6|6|-1|-1

2024-09-22 17:41:34,996 INFO PERFORMANCE:|6|6|-1|-1

2024-09-22 17:46:34,997 INFO PERFORMANCE:|6|6|-1|-1

2024-09-22 17:51:35,013 INFO PERFORMANCE:|6|6|-1|-1

2024-09-22 17:56:35,022 INFO PERFORMANCE:|6|6|-1|-1

2024-09-22 18:01:35,034 INFO PERFORMANCE:|6|6|-1|-1

2024-09-22 18:06:35,048 INFO PERFORMANCE:|6|6|-1|-1

2024-09-22 18:11:35,057 INFO PERFORMANCE:|6|6|-1|-1

2024-09-22 18:16:35,061 INFO PERFORMANCE:|6|6|-1|-1

2024-09-22 18:21:35,077 INFO PERFORMANCE:|6|6|-1|-1

2024-09-22 18:26:35,084 INFO PERFORMANCE:|6|6|-1|-1

2024-09-22 18:31:35,098 INFO PERFORMANCE:|6|6|-1|-1

2024-09-22 18:36:35,103 INFO PERFORMANCE:|6|6|-1|-1

2024-09-22 18:41:35,109 INFO PERFORMANCE:|6|6|-1|-1

2024-09-22 18:46:35,114 INFO PERFORMANCE:|6|6|-1|-1

2024-09-22 18:51:35,129 INFO PERFORMANCE:|6|6|-1|-1

2024-09-22 18:56:35,135 INFO PERFORMANCE:|6|6|-1|-1

2024-09-22 19:01:35,138 INFO PERFORMANCE:|6|6|-1|-1

2024-09-22 19:06:35,144 INFO PERFORMANCE:|6|6|-1|-1

2024-09-22 19:11:35,148 INFO PERFORMANCE:|6|6|-1|-1

2024-09-22 19:16:35,161 INFO PERFORMANCE:|6|6|-1|-1

2024-09-22 19:21:35,167 INFO PERFORMANCE:|6|6|-1|-1

2024-09-22 19:26:35,170 INFO PERFORMANCE:|6|6|-1|-1

2024-09-22 19:31:35,180 INFO PERFORMANCE:|6|6|-1|-1

2024-09-22 19:36:35,195 INFO PERFORMANCE:|6|6|-1|-1

2024-09-22 19:41:35,210 INFO PERFORMANCE:|6|6|-1|-1

2024-09-22 19:46:35,224 INFO PERFORMANCE:|6|6|-1|-1

2024-09-22 19:51:35,237 INFO PERFORMANCE:|6|6|-1|-1

2024-09-22 19:56:35,238 INFO PERFORMANCE:|6|6|-1|-1

2024-09-22 20:01:35,253 INFO PERFORMANCE:|6|6|-1|-1

2024-09-22 20:06:35,270 INFO PERFORMANCE:|6|6|-1|-1

2024-09-22 20:11:35,282 INFO PERFORMANCE:|6|6|-1|-1

2024-09-22 20:16:35,292 INFO PERFORMANCE:|6|6|-1|-1

2024-09-22 20:21:35,306 INFO PERFORMANCE:|6|6|-1|-1

2024-09-22 20:26:35,324 INFO PERFORMANCE:|6|6|-1|-1

2024-09-22 20:31:35,329 INFO PERFORMANCE:|6|6|-1|-1

2024-09-22 20:36:35,338 INFO PERFORMANCE:|6|6|-1|-1

2024-09-22 20:41:35,347 INFO PERFORMANCE:|6|6|-1|-1

2024-09-22 20:46:35,348 INFO PERFORMANCE:|6|6|-1|-1

2024-09-22 20:51:35,358 INFO PERFORMANCE:|0|0|-1|-1

2024-09-22 20:56:35,359 INFO PERFORMANCE:|0|0|-1|-1

2024-09-22 21:01:35,367 INFO PERFORMANCE:|0|0|-1|-1

2024-09-22 21:06:35,384 INFO PERFORMANCE:|0|0|-1|-1

2024-09-22 21:11:35,388 INFO PERFORMANCE:|3|0|-1|-1

