2024-09-22 21:06:51,364 [background-preinit] INFO  [org.hibernate.validator.internal.util.Version] Version.java:21 - HV000001: Hibernate Validator 6.1.5.Final
2024-09-22 21:06:54,288 [main] INFO  [c.u.j.c.EnableEncryptablePropertiesBeanFactoryPostProcessor] EnableEncryptablePropertiesBeanFactoryPostProcessor.java:50 - Post-processing PropertySource instances
2024-09-22 21:06:54,548 [main] INFO  [c.u.j.EncryptablePropertySourceConverter] EncryptablePropertySourceConverter.java:39 - Converting PropertySource configurationProperties [org.springframework.boot.context.properties.source.ConfigurationPropertySourcesPropertySource] to AOP Proxy
2024-09-22 21:06:54,550 [main] INFO  [c.u.j.EncryptablePropertySourceConverter] EncryptablePropertySourceConverter.java:39 - Converting PropertySource bootstrap [org.springframework.core.env.MapPropertySource] to EncryptableMapPropertySourceWrapper
2024-09-22 21:06:54,550 [main] INFO  [c.u.j.EncryptablePropertySourceConverter] EncryptablePropertySourceConverter.java:39 - Converting PropertySource systemProperties [org.springframework.core.env.PropertiesPropertySource] to EncryptableMapPropertySourceWrapper
2024-09-22 21:06:54,552 [main] INFO  [c.u.j.EncryptablePropertySourceConverter] EncryptablePropertySourceConverter.java:39 - Converting PropertySource systemEnvironment [org.springframework.boot.env.SystemEnvironmentPropertySourceEnvironmentPostProcessor$OriginAwareSystemEnvironmentPropertySource] to EncryptableMapPropertySourceWrapper
2024-09-22 21:06:54,554 [main] INFO  [c.u.j.EncryptablePropertySourceConverter] EncryptablePropertySourceConverter.java:39 - Converting PropertySource random [org.springframework.boot.env.RandomValuePropertySource] to EncryptablePropertySourceWrapper
2024-09-22 21:06:54,554 [main] INFO  [c.u.j.EncryptablePropertySourceConverter] EncryptablePropertySourceConverter.java:39 - Converting PropertySource springCloudClientHostInfo [org.springframework.core.env.MapPropertySource] to EncryptableMapPropertySourceWrapper
2024-09-22 21:06:54,555 [main] INFO  [c.u.j.EncryptablePropertySourceConverter] EncryptablePropertySourceConverter.java:39 - Converting PropertySource applicationConfig: [classpath:/bootstrap.yml] [org.springframework.boot.env.OriginTrackedMapPropertySource] to EncryptableMapPropertySourceWrapper
2024-09-22 21:06:54,690 [main] INFO  [c.u.j.filter.DefaultLazyPropertyFilter] DefaultLazyPropertyFilter.java:31 - Property Filter custom Bean not found with name 'encryptablePropertyFilter'. Initializing Default Property Filter
2024-09-22 21:06:54,697 [main] INFO  [c.u.j.resolver.DefaultLazyPropertyResolver] DefaultLazyPropertyResolver.java:31 - Property Resolver custom Bean not found with name 'encryptablePropertyResolver'. Initializing Default Property Resolver
2024-09-22 21:06:54,700 [main] INFO  [c.u.j.detector.DefaultLazyPropertyDetector] DefaultLazyPropertyDetector.java:30 - Property Detector custom Bean not found with name 'encryptablePropertyDetector'. Initializing Default Property Detector
2024-09-22 21:06:56,578 [main] INFO  [c.a.n.client.config.impl.LocalConfigInfoProcessor] LocalConfigInfoProcessor.java:212 - LOCAL_SNAPSHOT_PATH:C:\Users\Administrator\nacos\config
2024-09-22 21:06:56,670 [main] INFO  [com.alibaba.nacos.client.config.impl.Limiter] Limiter.java:54 - limitTime:5.0
2024-09-22 21:06:56,739 [main] INFO  [com.alibaba.nacos.client.config.utils.JvmUtil] JvmUtil.java:49 - isMultiInstance:false
2024-09-22 21:06:56,762 [main] WARN  [c.a.cloud.nacos.client.NacosPropertySourceBuilder] NacosPropertySourceBuilder.java:87 - Ignore the empty nacos configuration and get it based on dataId[bizspring-upms] & group[DEFAULT_GROUP]
2024-09-22 21:06:56,765 [main] WARN  [c.a.cloud.nacos.client.NacosPropertySourceBuilder] NacosPropertySourceBuilder.java:87 - Ignore the empty nacos configuration and get it based on dataId[bizspring-upms.yml] & group[DEFAULT_GROUP]
2024-09-22 21:06:56,775 [main] INFO  [o.s.c.b.c.PropertySourceBootstrapConfiguration] PropertySourceBootstrapConfiguration.java:112 - Located property source: [BootstrapPropertySource {name='bootstrapProperties-bizspring-upms-dev.yml,DEFAULT_GROUP'}, BootstrapPropertySource {name='bootstrapProperties-bizspring-upms.yml,DEFAULT_GROUP'}, BootstrapPropertySource {name='bootstrapProperties-bizspring-upms,DEFAULT_GROUP'}, BootstrapPropertySource {name='bootstrapProperties-application-dev.yml,DEFAULT_GROUP'}]
2024-09-22 21:06:56,844 [main] INFO  [c.u.j.c.EnableEncryptablePropertiesConfiguration] EnableEncryptablePropertiesConfiguration.java:72 - Bootstraping jasypt-string-boot auto configuration in context: bizspring-upms-1
2024-09-22 21:06:56,845 [main] INFO  [c.b.cloud.upms.admin.BizSpringUpmsApplication] SpringApplication.java:655 - The following profiles are active: dev
2024-09-22 21:07:01,170 [main] INFO  [o.s.context.annotation.AutoProxyRegistrar] AutoProxyRegistrar.java:83 - AutoProxyRegistrar was imported but no annotations were found having both 'mode' and 'proxyTargetClass' attributes of type AdviceMode and boolean respectively. This means that auto proxy creator registration and configuration may not have occurred as intended, and components may not be proxied as expected. Check to ensure that AutoProxyRegistrar has been @Import'ed on the same class where these annotations are declared; otherwise remove the import of AutoProxyRegistrar altogether.
2024-09-22 21:07:02,801 [main] INFO  [o.s.d.r.config.RepositoryConfigurationDelegate] RepositoryConfigurationDelegate.java:249 - Multiple Spring Data modules found, entering strict repository configuration mode!
2024-09-22 21:07:02,805 [main] INFO  [o.s.d.r.config.RepositoryConfigurationDelegate] RepositoryConfigurationDelegate.java:127 - Bootstrapping Spring Data Elasticsearch repositories in DEFAULT mode.
2024-09-22 21:07:02,891 [main] INFO  [o.s.d.r.config.RepositoryConfigurationDelegate] RepositoryConfigurationDelegate.java:187 - Finished Spring Data repository scanning in 60ms. Found 0 Elasticsearch repository interfaces.
2024-09-22 21:07:02,900 [main] INFO  [o.s.d.r.config.RepositoryConfigurationDelegate] RepositoryConfigurationDelegate.java:249 - Multiple Spring Data modules found, entering strict repository configuration mode!
2024-09-22 21:07:02,902 [main] INFO  [o.s.d.r.config.RepositoryConfigurationDelegate] RepositoryConfigurationDelegate.java:127 - Bootstrapping Spring Data Reactive Elasticsearch repositories in DEFAULT mode.
2024-09-22 21:07:02,931 [main] INFO  [o.s.d.r.config.RepositoryConfigurationDelegate] RepositoryConfigurationDelegate.java:187 - Finished Spring Data repository scanning in 28ms. Found 0 Reactive Elasticsearch repository interfaces.
2024-09-22 21:07:02,955 [main] INFO  [o.s.d.r.config.RepositoryConfigurationDelegate] RepositoryConfigurationDelegate.java:249 - Multiple Spring Data modules found, entering strict repository configuration mode!
2024-09-22 21:07:02,958 [main] INFO  [o.s.d.r.config.RepositoryConfigurationDelegate] RepositoryConfigurationDelegate.java:127 - Bootstrapping Spring Data Redis repositories in DEFAULT mode.
2024-09-22 21:07:03,037 [main] INFO  [o.s.d.r.config.RepositoryConfigurationDelegate] RepositoryConfigurationDelegate.java:187 - Finished Spring Data repository scanning in 38ms. Found 0 Redis repository interfaces.
2024-09-22 21:07:03,392 [main] WARN  [o.springframework.boot.actuate.endpoint.EndpointId] EndpointId.java:155 - Endpoint ID 'service-registry' contains invalid characters, please migrate to a valid format.
2024-09-22 21:07:04,155 [main] INFO  [o.springframework.cloud.context.scope.GenericScope] GenericScope.java:295 - BeanFactory id=d76a7eeb-ae78-37ae-994e-e9774b1c854f
2024-09-22 21:07:04,285 [main] INFO  [c.u.j.c.EnableEncryptablePropertiesBeanFactoryPostProcessor] EnableEncryptablePropertiesBeanFactoryPostProcessor.java:50 - Post-processing PropertySource instances
2024-09-22 21:07:04,323 [main] INFO  [c.u.j.EncryptablePropertySourceConverter] EncryptablePropertySourceConverter.java:39 - Converting PropertySource bootstrapProperties-bizspring-upms-dev.yml,DEFAULT_GROUP [org.springframework.cloud.bootstrap.config.BootstrapPropertySource] to EncryptableEnumerablePropertySourceWrapper
2024-09-22 21:07:04,324 [main] INFO  [c.u.j.EncryptablePropertySourceConverter] EncryptablePropertySourceConverter.java:39 - Converting PropertySource bootstrapProperties-bizspring-upms.yml,DEFAULT_GROUP [org.springframework.cloud.bootstrap.config.BootstrapPropertySource] to EncryptableEnumerablePropertySourceWrapper
2024-09-22 21:07:04,324 [main] INFO  [c.u.j.EncryptablePropertySourceConverter] EncryptablePropertySourceConverter.java:39 - Converting PropertySource bootstrapProperties-bizspring-upms,DEFAULT_GROUP [org.springframework.cloud.bootstrap.config.BootstrapPropertySource] to EncryptableEnumerablePropertySourceWrapper
2024-09-22 21:07:04,325 [main] INFO  [c.u.j.EncryptablePropertySourceConverter] EncryptablePropertySourceConverter.java:39 - Converting PropertySource bootstrapProperties-application-dev.yml,DEFAULT_GROUP [org.springframework.cloud.bootstrap.config.BootstrapPropertySource] to EncryptableEnumerablePropertySourceWrapper
2024-09-22 21:07:04,326 [main] INFO  [c.u.j.EncryptablePropertySourceConverter] EncryptablePropertySourceConverter.java:39 - Converting PropertySource configurationProperties [org.springframework.boot.context.properties.source.ConfigurationPropertySourcesPropertySource] to AOP Proxy
2024-09-22 21:07:04,326 [main] INFO  [c.u.j.EncryptablePropertySourceConverter] EncryptablePropertySourceConverter.java:39 - Converting PropertySource servletConfigInitParams [org.springframework.core.env.PropertySource$StubPropertySource] to EncryptablePropertySourceWrapper
2024-09-22 21:07:04,326 [main] INFO  [c.u.j.EncryptablePropertySourceConverter] EncryptablePropertySourceConverter.java:39 - Converting PropertySource servletContextInitParams [org.springframework.core.env.PropertySource$StubPropertySource] to EncryptablePropertySourceWrapper
2024-09-22 21:07:04,327 [main] INFO  [c.u.j.EncryptablePropertySourceConverter] EncryptablePropertySourceConverter.java:39 - Converting PropertySource systemProperties [org.springframework.core.env.PropertiesPropertySource] to EncryptableMapPropertySourceWrapper
2024-09-22 21:07:04,328 [main] INFO  [c.u.j.EncryptablePropertySourceConverter] EncryptablePropertySourceConverter.java:39 - Converting PropertySource systemEnvironment [org.springframework.boot.env.SystemEnvironmentPropertySourceEnvironmentPostProcessor$OriginAwareSystemEnvironmentPropertySource] to EncryptableMapPropertySourceWrapper
2024-09-22 21:07:04,328 [main] INFO  [c.u.j.EncryptablePropertySourceConverter] EncryptablePropertySourceConverter.java:39 - Converting PropertySource random [org.springframework.boot.env.RandomValuePropertySource] to EncryptablePropertySourceWrapper
2024-09-22 21:07:04,328 [main] INFO  [c.u.j.EncryptablePropertySourceConverter] EncryptablePropertySourceConverter.java:39 - Converting PropertySource springCloudClientHostInfo [org.springframework.core.env.MapPropertySource] to EncryptableMapPropertySourceWrapper
2024-09-22 21:07:04,329 [main] INFO  [c.u.j.EncryptablePropertySourceConverter] EncryptablePropertySourceConverter.java:39 - Converting PropertySource springCloudDefaultProperties [org.springframework.core.env.MapPropertySource] to EncryptableMapPropertySourceWrapper
2024-09-22 21:07:04,329 [main] INFO  [c.u.j.EncryptablePropertySourceConverter] EncryptablePropertySourceConverter.java:39 - Converting PropertySource cachedrandom [org.springframework.cloud.util.random.CachedRandomPropertySource] to EncryptablePropertySourceWrapper
2024-09-22 21:07:04,358 [main] INFO  [c.u.j.filter.DefaultLazyPropertyFilter] DefaultLazyPropertyFilter.java:31 - Property Filter custom Bean not found with name 'encryptablePropertyFilter'. Initializing Default Property Filter
2024-09-22 21:07:05,099 [main] INFO  [o.s.c.s.PostProcessorRegistrationDelegate$BeanPostProcessorChecker] PostProcessorRegistrationDelegate.java:335 - Bean 'org.springframework.security.access.expression.method.DefaultMethodSecurityExpressionHandler@3d2ecfa' of type [org.springframework.security.oauth2.provider.expression.OAuth2MethodSecurityExpressionHandler] is not eligible for getting processed by all BeanPostProcessors (for example: not eligible for auto-proxying)
2024-09-22 21:07:05,121 [main] INFO  [o.s.c.s.PostProcessorRegistrationDelegate$BeanPostProcessorChecker] PostProcessorRegistrationDelegate.java:335 - Bean 'methodSecurityMetadataSource' of type [org.springframework.security.access.method.DelegatingMethodSecurityMetadataSource] is not eligible for getting processed by all BeanPostProcessors (for example: not eligible for auto-proxying)
2024-09-22 21:07:05,143 [main] INFO  [c.u.j.resolver.DefaultLazyPropertyResolver] DefaultLazyPropertyResolver.java:31 - Property Resolver custom Bean not found with name 'encryptablePropertyResolver'. Initializing Default Property Resolver
2024-09-22 21:07:05,143 [main] INFO  [c.u.j.detector.DefaultLazyPropertyDetector] DefaultLazyPropertyDetector.java:30 - Property Detector custom Bean not found with name 'encryptablePropertyDetector'. Initializing Default Property Detector
2024-09-22 21:07:05,243 [main] INFO  [o.s.c.s.PostProcessorRegistrationDelegate$BeanPostProcessorChecker] PostProcessorRegistrationDelegate.java:335 - Bean 'spring.cloud.sentinel-com.alibaba.cloud.sentinel.SentinelProperties' of type [com.alibaba.cloud.sentinel.SentinelProperties] is not eligible for getting processed by all BeanPostProcessors (for example: not eligible for auto-proxying)
2024-09-22 21:07:05,326 [main] INFO  [o.s.c.s.PostProcessorRegistrationDelegate$BeanPostProcessorChecker] PostProcessorRegistrationDelegate.java:335 - Bean 'com.alibaba.cloud.sentinel.custom.SentinelAutoConfiguration' of type [com.alibaba.cloud.sentinel.custom.SentinelAutoConfiguration] is not eligible for getting processed by all BeanPostProcessors (for example: not eligible for auto-proxying)
2024-09-22 21:07:05,378 [main] INFO  [o.s.c.s.PostProcessorRegistrationDelegate$BeanPostProcessorChecker] PostProcessorRegistrationDelegate.java:335 - Bean 'org.springframework.cloud.client.loadbalancer.reactive.LoadBalancerBeanPostProcessorAutoConfiguration' of type [org.springframework.cloud.client.loadbalancer.reactive.LoadBalancerBeanPostProcessorAutoConfiguration] is not eligible for getting processed by all BeanPostProcessors (for example: not eligible for auto-proxying)
2024-09-22 21:07:05,385 [main] INFO  [o.s.c.s.PostProcessorRegistrationDelegate$BeanPostProcessorChecker] PostProcessorRegistrationDelegate.java:335 - Bean 'org.springframework.cloud.client.loadbalancer.reactive.LoadBalancerBeanPostProcessorAutoConfiguration$ReactiveLoadBalancerConfig' of type [org.springframework.cloud.client.loadbalancer.reactive.LoadBalancerBeanPostProcessorAutoConfiguration$ReactiveLoadBalancerConfig] is not eligible for getting processed by all BeanPostProcessors (for example: not eligible for auto-proxying)
2024-09-22 21:07:05,392 [main] INFO  [o.s.c.s.PostProcessorRegistrationDelegate$BeanPostProcessorChecker] PostProcessorRegistrationDelegate.java:335 - Bean 'deferringLoadBalancerExchangeFilterFunction' of type [org.springframework.cloud.client.loadbalancer.reactive.DeferringLoadBalancerExchangeFilterFunction] is not eligible for getting processed by all BeanPostProcessors (for example: not eligible for auto-proxying)
2024-09-22 21:07:06,456 [main] INFO  [o.s.boot.web.embedded.tomcat.TomcatWebServer] TomcatWebServer.java:108 - Tomcat initialized with port(s): 5979 (http)
2024-09-22 21:07:06,514 [main] INFO  [org.apache.coyote.http11.Http11NioProtocol] DirectJDKLog.java:173 - Initializing ProtocolHandler ["http-nio-5979"]
2024-09-22 21:07:06,515 [main] INFO  [org.apache.catalina.core.StandardService] DirectJDKLog.java:173 - Starting service [Tomcat]
2024-09-22 21:07:06,515 [main] INFO  [org.apache.catalina.core.StandardEngine] DirectJDKLog.java:173 - Starting Servlet engine: [Apache Tomcat/9.0.38]
2024-09-22 21:07:06,885 [main] INFO  [o.a.c.core.ContainerBase.[Tomcat].[localhost].[/]] DirectJDKLog.java:173 - Initializing Spring embedded WebApplicationContext
2024-09-22 21:07:06,886 [main] INFO  [o.s.b.w.s.c.ServletWebServerApplicationContext] ServletWebServerApplicationContext.java:285 - Root WebApplicationContext: initialization completed in 9911 ms
2024-09-22 21:07:08,439 [main] INFO  [c.a.d.s.b.a.DruidDataSourceAutoConfigure] DruidDataSourceAutoConfigure.java:56 - Init DruidDataSource
2024-09-22 21:07:08,846 [main] INFO  [com.alibaba.druid.pool.DruidDataSource] DruidDataSource.java:985 - {dataSource-1} inited
2024-09-22 21:07:10,472 [main] WARN  [c.b.mybatisplus.core.injector.AbstractMethod] AbstractMethod.java:324 - [cn.bizspring.cloud.upms.admin.mapper.AddressMapper.update] Has been loaded by XML or SqlProvider or Mybatis's Annotation, so ignoring this injection for [class com.baomidou.mybatisplus.core.injector.methods.Update]
2024-09-22 21:07:10,555 [main] WARN  [c.b.mybatisplus.core.injector.AbstractMethod] AbstractMethod.java:324 - [cn.bizspring.cloud.upms.admin.mapper.AdminMapper.delete] Has been loaded by XML or SqlProvider or Mybatis's Annotation, so ignoring this injection for [class com.baomidou.mybatisplus.core.injector.methods.Delete]
2024-09-22 21:07:10,568 [main] WARN  [c.b.mybatisplus.core.injector.AbstractMethod] AbstractMethod.java:324 - [cn.bizspring.cloud.upms.admin.mapper.AdminMapper.update] Has been loaded by XML or SqlProvider or Mybatis's Annotation, so ignoring this injection for [class com.baomidou.mybatisplus.core.injector.methods.Update]
2024-09-22 21:07:10,582 [main] WARN  [c.b.mybatisplus.core.injector.AbstractMethod] AbstractMethod.java:324 - [cn.bizspring.cloud.upms.admin.mapper.AdminMapper.selectCount] Has been loaded by XML or SqlProvider or Mybatis's Annotation, so ignoring this injection for [class com.baomidou.mybatisplus.core.injector.methods.SelectCount]
2024-09-22 21:07:10,599 [main] WARN  [c.b.mybatisplus.core.injector.AbstractMethod] AbstractMethod.java:324 - [cn.bizspring.cloud.upms.admin.mapper.AdminMapper.selectPage] Has been loaded by XML or SqlProvider or Mybatis's Annotation, so ignoring this injection for [class com.baomidou.mybatisplus.core.injector.methods.SelectPage]
2024-09-22 21:07:10,698 [main] WARN  [c.b.mybatisplus.core.injector.AbstractMethod] AbstractMethod.java:324 - [cn.bizspring.cloud.upms.admin.mapper.ConfigMapper.update] Has been loaded by XML or SqlProvider or Mybatis's Annotation, so ignoring this injection for [class com.baomidou.mybatisplus.core.injector.methods.Update]
2024-09-22 21:07:11,037 [main] WARN  [c.b.mybatisplus.core.injector.AbstractMethod] AbstractMethod.java:324 - [cn.bizspring.cloud.upms.admin.mapper.MemberMapper.delete] Has been loaded by XML or SqlProvider or Mybatis's Annotation, so ignoring this injection for [class com.baomidou.mybatisplus.core.injector.methods.Delete]
2024-09-22 21:07:11,047 [main] WARN  [c.b.mybatisplus.core.injector.AbstractMethod] AbstractMethod.java:324 - [cn.bizspring.cloud.upms.admin.mapper.MemberMapper.update] Has been loaded by XML or SqlProvider or Mybatis's Annotation, so ignoring this injection for [class com.baomidou.mybatisplus.core.injector.methods.Update]
2024-09-22 21:07:11,077 [main] WARN  [c.b.mybatisplus.core.injector.AbstractMethod] AbstractMethod.java:324 - [cn.bizspring.cloud.upms.admin.mapper.MemberMapper.selectPage] Has been loaded by XML or SqlProvider or Mybatis's Annotation, so ignoring this injection for [class com.baomidou.mybatisplus.core.injector.methods.SelectPage]
2024-09-22 21:07:11,151 [main] WARN  [c.b.mybatisplus.core.injector.AbstractMethod] AbstractMethod.java:324 - [cn.bizspring.cloud.upms.admin.mapper.MerchantMapper.delete] Has been loaded by XML or SqlProvider or Mybatis's Annotation, so ignoring this injection for [class com.baomidou.mybatisplus.core.injector.methods.Delete]
2024-09-22 21:07:11,160 [main] WARN  [c.b.mybatisplus.core.injector.AbstractMethod] AbstractMethod.java:324 - [cn.bizspring.cloud.upms.admin.mapper.MerchantMapper.update] Has been loaded by XML or SqlProvider or Mybatis's Annotation, so ignoring this injection for [class com.baomidou.mybatisplus.core.injector.methods.Update]
2024-09-22 21:07:11,185 [main] WARN  [c.b.mybatisplus.core.injector.AbstractMethod] AbstractMethod.java:324 - [cn.bizspring.cloud.upms.admin.mapper.MerchantMapper.selectPage] Has been loaded by XML or SqlProvider or Mybatis's Annotation, so ignoring this injection for [class com.baomidou.mybatisplus.core.injector.methods.SelectPage]
2024-09-22 21:07:11,387 [main] WARN  [c.b.mybatisplus.core.injector.AbstractMethod] AbstractMethod.java:324 - [cn.bizspring.cloud.upms.admin.mapper.RegionMapper.update] Has been loaded by XML or SqlProvider or Mybatis's Annotation, so ignoring this injection for [class com.baomidou.mybatisplus.core.injector.methods.Update]
2024-09-22 21:07:11,438 [main] WARN  [c.b.mybatisplus.core.injector.AbstractMethod] AbstractMethod.java:324 - [cn.bizspring.cloud.upms.admin.mapper.RoleMapper.update] Has been loaded by XML or SqlProvider or Mybatis's Annotation, so ignoring this injection for [class com.baomidou.mybatisplus.core.injector.methods.Update]
2024-09-22 21:07:11,693 [main] WARN  [c.b.mybatisplus.core.injector.AbstractMethod] AbstractMethod.java:324 - [cn.bizspring.cloud.upms.admin.mapper.UserMapper.delete] Has been loaded by XML or SqlProvider or Mybatis's Annotation, so ignoring this injection for [class com.baomidou.mybatisplus.core.injector.methods.Delete]
2024-09-22 21:07:11,711 [main] WARN  [c.b.mybatisplus.core.injector.AbstractMethod] AbstractMethod.java:324 - [cn.bizspring.cloud.upms.admin.mapper.UserMapper.selectOne] Has been loaded by XML or SqlProvider or Mybatis's Annotation, so ignoring this injection for [class com.baomidou.mybatisplus.core.injector.methods.SelectOne]
2024-09-22 21:07:11,725 [main] WARN  [c.b.mybatisplus.core.injector.AbstractMethod] AbstractMethod.java:324 - [cn.bizspring.cloud.upms.admin.mapper.UserMapper.selectPage] Has been loaded by XML or SqlProvider or Mybatis's Annotation, so ignoring this injection for [class com.baomidou.mybatisplus.core.injector.methods.SelectPage]
2024-09-22 21:07:11,730 [main] WARN  [c.b.mybatisplus.core.metadata.TableInfoHelper] TableInfoHelper.java:327 - Can not find table primary key in Class: "cn.bizspring.cloud.upms.common.entity.UserRole".
2024-09-22 21:07:13,446 [main] WARN  [c.baomidou.mybatisplus.core.toolkit.ReflectionKit] ReflectionKit.java:112 - Warn: Index: 1, Size of RoleServiceImpl's Parameterized Type: 1 .
2024-09-22 21:07:13,897 [main] WARN  [c.baomidou.mybatisplus.core.toolkit.ReflectionKit] ReflectionKit.java:112 - Warn: Index: 1, Size of UserServiceImpl's Parameterized Type: 1 .
2024-09-22 21:07:15,435 [main] WARN  [c.baomidou.mybatisplus.core.toolkit.ReflectionKit] ReflectionKit.java:112 - Warn: Index: 1, Size of RegionServiceImpl's Parameterized Type: 1 .
2024-09-22 21:07:15,517 [main] WARN  [c.baomidou.mybatisplus.core.toolkit.ReflectionKit] ReflectionKit.java:112 - Warn: Index: 1, Size of GoodsFavoriteServiceImpl's Parameterized Type: 1 .
2024-09-22 21:07:15,665 [main] WARN  [c.baomidou.mybatisplus.core.toolkit.ReflectionKit] ReflectionKit.java:112 - Warn: Index: 1, Size of StoreFavoriteServiceImpl's Parameterized Type: 1 .
2024-09-22 21:07:15,733 [main] WARN  [c.baomidou.mybatisplus.core.toolkit.ReflectionKit] ReflectionKit.java:112 - Warn: Index: 1, Size of AddressServiceImpl's Parameterized Type: 1 .
2024-09-22 21:07:15,809 [main] WARN  [c.baomidou.mybatisplus.core.toolkit.ReflectionKit] ReflectionKit.java:112 - Warn: Index: 1, Size of ConfigServiceImpl's Parameterized Type: 1 .
2024-09-22 21:07:16,415 [main] INFO  [c.a.cloud.sentinel.SentinelWebAutoConfiguration] SentinelWebAutoConfiguration.java:80 - [Sentinel Starter] register SentinelWebInterceptor with urlPatterns: [/**].
2024-09-22 21:07:19,084 [main] INFO  [o.s.b.actuate.endpoint.web.EndpointLinksResolver] EndpointLinksResolver.java:58 - Exposing 20 endpoint(s) beneath base path '/actuator'
2024-09-22 21:07:19,621 [main] INFO  [s.d.s.w.PropertySourcedRequestMappingHandlerMapping] PropertySourcedRequestMappingHandlerMapping.java:69 - Mapped URL path [/v2/api-docs] onto method [springfox.documentation.swagger2.web.Swagger2Controller#getDocumentation(String, HttpServletRequest)]
2024-09-22 21:07:19,852 [main] WARN  [com.netflix.config.sources.URLConfigurationSource] URLConfigurationSource.java:121 - No URLs will be polled as dynamic configuration sources.
2024-09-22 21:07:19,853 [main] INFO  [com.netflix.config.sources.URLConfigurationSource] URLConfigurationSource.java:122 - To enable URLs as dynamic configuration sources, define System property archaius.configurationSource.additionalUrls or make config.properties available on classpath.
2024-09-22 21:07:19,864 [main] WARN  [com.netflix.config.sources.URLConfigurationSource] URLConfigurationSource.java:121 - No URLs will be polled as dynamic configuration sources.
2024-09-22 21:07:19,864 [main] INFO  [com.netflix.config.sources.URLConfigurationSource] URLConfigurationSource.java:122 - To enable URLs as dynamic configuration sources, define System property archaius.configurationSource.additionalUrls or make config.properties available on classpath.
2024-09-22 21:07:20,078 [main] INFO  [o.s.scheduling.concurrent.ThreadPoolTaskExecutor] ExecutorConfigurationSupport.java:181 - Initializing ExecutorService 'applicationTaskExecutor'
2024-09-22 21:07:20,649 [main] INFO  [o.s.scheduling.concurrent.ThreadPoolTaskScheduler] ExecutorConfigurationSupport.java:181 - Initializing ExecutorService 'Nacos-Watch-Task-Scheduler'
2024-09-22 21:07:23,475 [main] INFO  [o.s.security.web.DefaultSecurityFilterChain] DefaultSecurityFilterChain.java:43 - Creating filter chain: any request, [org.springframework.security.web.context.request.async.WebAsyncManagerIntegrationFilter@21e1083b, org.springframework.security.web.context.SecurityContextPersistenceFilter@c1757cf, org.springframework.security.web.header.HeaderWriterFilter@6c35299f, org.springframework.security.web.authentication.logout.LogoutFilter@5e1e77e, org.springframework.security.oauth2.provider.authentication.OAuth2AuthenticationProcessingFilter@71b7b56d, org.springframework.security.web.savedrequest.RequestCacheAwareFilter@394a4dc4, org.springframework.security.web.servletapi.SecurityContextHolderAwareRequestFilter@2853e5df, org.springframework.security.web.authentication.AnonymousAuthenticationFilter@5fb1c8e9, org.springframework.security.web.session.SessionManagementFilter@13dc4a0, org.springframework.security.web.access.ExceptionTranslationFilter@4685634c, org.springframework.security.web.access.intercept.FilterSecurityInterceptor@30646a52]
2024-09-22 21:07:23,527 [main] WARN  [org.springframework.data.convert.CustomConversions] CustomConversions.java:273 - Registering converter from class org.springframework.data.geo.Point to interface java.util.Map as writing converter although it doesn't convert to a store-supported type! You might want to check your annotation setup at the converter implementation.
2024-09-22 21:07:23,528 [main] WARN  [org.springframework.data.convert.CustomConversions] CustomConversions.java:263 - Registering converter from interface java.util.Map to class org.springframework.data.geo.Point as reading converter although it doesn't convert from a store-supported type! You might want to check your annotation setup at the converter implementation.
2024-09-22 21:07:23,528 [main] WARN  [org.springframework.data.convert.CustomConversions] CustomConversions.java:273 - Registering converter from class org.springframework.data.elasticsearch.core.geo.GeoPoint to interface java.util.Map as writing converter although it doesn't convert to a store-supported type! You might want to check your annotation setup at the converter implementation.
2024-09-22 21:07:23,528 [main] WARN  [org.springframework.data.convert.CustomConversions] CustomConversions.java:263 - Registering converter from interface java.util.Map to class org.springframework.data.elasticsearch.core.geo.GeoPoint as reading converter although it doesn't convert from a store-supported type! You might want to check your annotation setup at the converter implementation.
2024-09-22 21:07:23,760 [main] INFO  [o.s.data.elasticsearch.support.VersionInfo] VersionInfo.java:59 - Version Spring Data Elasticsearch: 4.0.4.RELEASE
2024-09-22 21:07:23,760 [main] INFO  [o.s.data.elasticsearch.support.VersionInfo] VersionInfo.java:60 - Version Elasticsearch Client in build: 7.6.2
2024-09-22 21:07:23,760 [main] INFO  [o.s.data.elasticsearch.support.VersionInfo] VersionInfo.java:61 - Version Elasticsearch Client used: 7.6.2
2024-09-22 21:07:23,761 [main] INFO  [o.s.data.elasticsearch.support.VersionInfo] VersionInfo.java:69 - Version Elasticsearch cluster: 7.6.2
2024-09-22 21:07:25,972 [main] WARN  [o.s.c.s.o.SpringCloudSecurityAutoConfiguration] SpringCloudSecurityAutoConfiguration.java:38 - All Spring Cloud Security modules and starters are deprecated. They will be moved to individual projects in the next major release.
2024-09-22 21:07:26,363 [main] INFO  [org.apache.coyote.http11.Http11NioProtocol] DirectJDKLog.java:173 - Starting ProtocolHandler ["http-nio-5979"]
2024-09-22 21:07:26,406 [main] INFO  [o.s.boot.web.embedded.tomcat.TomcatWebServer] TomcatWebServer.java:220 - Tomcat started on port(s): 5979 (http) with context path ''
2024-09-22 21:07:27,223 [main] INFO  [c.a.cloud.nacos.registry.NacosServiceRegistry] NacosServiceRegistry.java:75 - nacos registry, DEFAULT_GROUP bizspring-upms 192.168.2.2:5979 register finished
2024-09-22 21:07:28,212 [main] INFO  [s.d.s.web.plugins.DocumentationPluginsBootstrapper] DocumentationPluginsBootstrapper.java:160 - Context refreshed
2024-09-22 21:07:28,256 [main] INFO  [s.d.s.web.plugins.DocumentationPluginsBootstrapper] DocumentationPluginsBootstrapper.java:163 - Found 1 custom documentation plugin(s)
2024-09-22 21:07:28,381 [main] INFO  [s.d.spring.web.scanners.ApiListingReferenceScanner] ApiListingReferenceScanner.java:41 - Scanning for api listing references
2024-09-22 21:07:28,658 [main] INFO  [s.d.s.w.r.operation.CachingOperationNameGenerator] CachingOperationNameGenerator.java:40 - Generating unique operation named: saveUsingPOST_1
2024-09-22 21:07:28,669 [main] INFO  [s.d.s.w.r.operation.CachingOperationNameGenerator] CachingOperationNameGenerator.java:40 - Generating unique operation named: getUsingGET_1
2024-09-22 21:07:28,670 [main] INFO  [s.d.s.w.r.operation.CachingOperationNameGenerator] CachingOperationNameGenerator.java:40 - Generating unique operation named: getByIdUsingGET_1
2024-09-22 21:07:28,677 [main] INFO  [s.d.s.w.r.operation.CachingOperationNameGenerator] CachingOperationNameGenerator.java:40 - Generating unique operation named: getPageUsingGET_1
2024-09-22 21:07:28,678 [main] INFO  [s.d.s.w.r.operation.CachingOperationNameGenerator] CachingOperationNameGenerator.java:40 - Generating unique operation named: removeByIdUsingDELETE_1
2024-09-22 21:07:28,684 [main] INFO  [s.d.s.w.r.operation.CachingOperationNameGenerator] CachingOperationNameGenerator.java:40 - Generating unique operation named: saveUsingPOST_2
2024-09-22 21:07:28,685 [main] INFO  [s.d.s.w.r.operation.CachingOperationNameGenerator] CachingOperationNameGenerator.java:40 - Generating unique operation named: updateByIdUsingPUT_1
2024-09-22 21:07:28,692 [main] INFO  [s.d.s.w.r.operation.CachingOperationNameGenerator] CachingOperationNameGenerator.java:40 - Generating unique operation named: getByIdUsingGET_2
2024-09-22 21:07:28,708 [main] INFO  [s.d.s.w.r.operation.CachingOperationNameGenerator] CachingOperationNameGenerator.java:40 - Generating unique operation named: removeByIdUsingDELETE_2
2024-09-22 21:07:28,714 [main] INFO  [s.d.s.w.r.operation.CachingOperationNameGenerator] CachingOperationNameGenerator.java:40 - Generating unique operation named: saveUsingPOST_3
2024-09-22 21:07:28,718 [main] INFO  [s.d.s.w.r.operation.CachingOperationNameGenerator] CachingOperationNameGenerator.java:40 - Generating unique operation named: saveUsingPOST_4
2024-09-22 21:07:28,719 [main] INFO  [s.d.s.w.r.operation.CachingOperationNameGenerator] CachingOperationNameGenerator.java:40 - Generating unique operation named: updateByIdUsingPUT_2
2024-09-22 21:07:28,720 [main] INFO  [s.d.s.w.r.operation.CachingOperationNameGenerator] CachingOperationNameGenerator.java:40 - Generating unique operation named: updateByIdUsingPUT_3
2024-09-22 21:07:28,722 [main] INFO  [s.d.s.w.r.operation.CachingOperationNameGenerator] CachingOperationNameGenerator.java:40 - Generating unique operation named: listUsingGET_1
2024-09-22 21:07:28,725 [main] WARN  [s.d.s.w.readers.parameter.ParameterDataTypeReader] ParameterDataTypeReader.java:92 - Trying to infer dataType java.lang.String[]
2024-09-22 21:07:28,726 [main] INFO  [s.d.s.w.r.operation.CachingOperationNameGenerator] CachingOperationNameGenerator.java:40 - Generating unique operation named: deleteUsingDELETE_1
2024-09-22 21:07:28,727 [main] INFO  [s.d.s.w.r.operation.CachingOperationNameGenerator] CachingOperationNameGenerator.java:40 - Generating unique operation named: listUsingGET_2
2024-09-22 21:07:28,729 [main] INFO  [s.d.s.w.r.operation.CachingOperationNameGenerator] CachingOperationNameGenerator.java:40 - Generating unique operation named: indexUsingGET_1
2024-09-22 21:07:28,730 [main] INFO  [s.d.s.w.r.operation.CachingOperationNameGenerator] CachingOperationNameGenerator.java:40 - Generating unique operation named: indexUsingGET_2
2024-09-22 21:07:28,732 [main] INFO  [s.d.s.w.r.operation.CachingOperationNameGenerator] CachingOperationNameGenerator.java:40 - Generating unique operation named: getByIdUsingGET_3
2024-09-22 21:07:28,738 [main] INFO  [s.d.s.w.r.operation.CachingOperationNameGenerator] CachingOperationNameGenerator.java:40 - Generating unique operation named: getPageUsingGET_2
2024-09-22 21:07:28,739 [main] INFO  [s.d.s.w.r.operation.CachingOperationNameGenerator] CachingOperationNameGenerator.java:40 - Generating unique operation named: removeByIdUsingDELETE_3
2024-09-22 21:07:28,743 [main] INFO  [s.d.s.w.r.operation.CachingOperationNameGenerator] CachingOperationNameGenerator.java:40 - Generating unique operation named: saveUsingPOST_5
2024-09-22 21:07:28,746 [main] INFO  [s.d.s.w.r.operation.CachingOperationNameGenerator] CachingOperationNameGenerator.java:40 - Generating unique operation named: updateByIdUsingPUT_4
2024-09-22 21:07:28,746 [main] INFO  [s.d.s.w.r.operation.CachingOperationNameGenerator] CachingOperationNameGenerator.java:40 - Generating unique operation named: addUsingGET_1
2024-09-22 21:07:28,747 [main] WARN  [s.d.s.w.readers.parameter.ParameterDataTypeReader] ParameterDataTypeReader.java:92 - Trying to infer dataType java.lang.String[]
2024-09-22 21:07:28,748 [main] INFO  [s.d.s.w.r.operation.CachingOperationNameGenerator] CachingOperationNameGenerator.java:40 - Generating unique operation named: deleteUsingDELETE_2
2024-09-22 21:07:28,748 [main] INFO  [s.d.s.w.r.operation.CachingOperationNameGenerator] CachingOperationNameGenerator.java:40 - Generating unique operation named: editUsingGET_1
2024-09-22 21:07:28,764 [main] INFO  [s.d.s.w.r.operation.CachingOperationNameGenerator] CachingOperationNameGenerator.java:40 - Generating unique operation named: listUsingGET_3
2024-09-22 21:07:28,765 [main] INFO  [s.d.s.w.r.operation.CachingOperationNameGenerator] CachingOperationNameGenerator.java:40 - Generating unique operation named: saveUsingPOST_6
2024-09-22 21:07:28,778 [main] INFO  [s.d.s.w.r.operation.CachingOperationNameGenerator] CachingOperationNameGenerator.java:40 - Generating unique operation named: findUsingGET_1
2024-09-22 21:07:28,781 [main] INFO  [s.d.s.w.r.operation.CachingOperationNameGenerator] CachingOperationNameGenerator.java:40 - Generating unique operation named: getByIdUsingGET_4
2024-09-22 21:07:28,785 [main] INFO  [s.d.s.w.r.operation.CachingOperationNameGenerator] CachingOperationNameGenerator.java:40 - Generating unique operation named: removeByIdUsingDELETE_4
2024-09-22 21:07:28,791 [main] INFO  [s.d.s.w.r.operation.CachingOperationNameGenerator] CachingOperationNameGenerator.java:40 - Generating unique operation named: saveUsingPOST_7
2024-09-22 21:07:28,793 [main] INFO  [s.d.s.w.r.operation.CachingOperationNameGenerator] CachingOperationNameGenerator.java:40 - Generating unique operation named: updateUsingPUT_1
2024-09-22 21:07:28,794 [main] INFO  [s.d.s.w.r.operation.CachingOperationNameGenerator] CachingOperationNameGenerator.java:40 - Generating unique operation named: addUsingGET_2
2024-09-22 21:07:28,795 [main] WARN  [s.d.s.w.readers.parameter.ParameterDataTypeReader] ParameterDataTypeReader.java:92 - Trying to infer dataType java.lang.String[]
2024-09-22 21:07:28,795 [main] INFO  [s.d.s.w.r.operation.CachingOperationNameGenerator] CachingOperationNameGenerator.java:40 - Generating unique operation named: deleteUsingDELETE_3
2024-09-22 21:07:28,797 [main] INFO  [s.d.s.w.r.operation.CachingOperationNameGenerator] CachingOperationNameGenerator.java:40 - Generating unique operation named: editUsingGET_2
2024-09-22 21:07:28,798 [main] INFO  [s.d.s.w.r.operation.CachingOperationNameGenerator] CachingOperationNameGenerator.java:40 - Generating unique operation named: listUsingGET_4
2024-09-22 21:07:28,800 [main] INFO  [s.d.s.w.r.operation.CachingOperationNameGenerator] CachingOperationNameGenerator.java:40 - Generating unique operation named: saveUsingPOST_8
2024-09-22 21:07:28,801 [main] INFO  [s.d.s.w.r.operation.CachingOperationNameGenerator] CachingOperationNameGenerator.java:40 - Generating unique operation named: updateUsingPUT_2
2024-09-22 21:07:28,801 [main] INFO  [s.d.s.w.r.operation.CachingOperationNameGenerator] CachingOperationNameGenerator.java:40 - Generating unique operation named: viewUsingGET_1
2024-09-22 21:07:28,803 [main] INFO  [s.d.s.w.r.operation.CachingOperationNameGenerator] CachingOperationNameGenerator.java:40 - Generating unique operation named: countUsingGET_1
2024-09-22 21:07:28,810 [main] INFO  [s.d.s.w.r.operation.CachingOperationNameGenerator] CachingOperationNameGenerator.java:40 - Generating unique operation named: findUsingGET_2
2024-09-22 21:07:28,815 [main] INFO  [s.d.s.w.r.operation.CachingOperationNameGenerator] CachingOperationNameGenerator.java:40 - Generating unique operation named: addUsingPOST_1
2024-09-22 21:07:28,816 [main] INFO  [s.d.s.w.r.operation.CachingOperationNameGenerator] CachingOperationNameGenerator.java:40 - Generating unique operation named: getByIdUsingGET_5
2024-09-22 21:07:28,823 [main] INFO  [s.d.s.w.r.operation.CachingOperationNameGenerator] CachingOperationNameGenerator.java:40 - Generating unique operation named: removeByIdUsingDELETE_5
2024-09-22 21:07:28,824 [main] INFO  [s.d.s.w.r.operation.CachingOperationNameGenerator] CachingOperationNameGenerator.java:40 - Generating unique operation named: updateUsingPUT_3
2024-09-22 21:07:28,825 [main] INFO  [s.d.s.w.r.operation.CachingOperationNameGenerator] CachingOperationNameGenerator.java:40 - Generating unique operation named: getByIdUsingGET_6
2024-09-22 21:07:28,830 [main] INFO  [s.d.s.w.r.operation.CachingOperationNameGenerator] CachingOperationNameGenerator.java:40 - Generating unique operation named: getTreeUsingGET_1
2024-09-22 21:07:28,831 [main] INFO  [s.d.s.w.r.operation.CachingOperationNameGenerator] CachingOperationNameGenerator.java:40 - Generating unique operation named: removeByIdUsingDELETE_6
2024-09-22 21:07:28,834 [main] INFO  [s.d.s.w.r.operation.CachingOperationNameGenerator] CachingOperationNameGenerator.java:40 - Generating unique operation named: saveUsingPOST_9
2024-09-22 21:07:28,835 [main] INFO  [s.d.s.w.r.operation.CachingOperationNameGenerator] CachingOperationNameGenerator.java:40 - Generating unique operation named: updateUsingPUT_4
2024-09-22 21:07:28,838 [main] INFO  [s.d.s.w.r.operation.CachingOperationNameGenerator] CachingOperationNameGenerator.java:40 - Generating unique operation named: editUsingGET_3
2024-09-22 21:07:28,839 [main] INFO  [s.d.s.w.r.operation.CachingOperationNameGenerator] CachingOperationNameGenerator.java:40 - Generating unique operation named: updateUsingPOST_1
2024-09-22 21:07:28,841 [main] INFO  [s.d.s.w.r.operation.CachingOperationNameGenerator] CachingOperationNameGenerator.java:40 - Generating unique operation named: indexUsingGET_3
2024-09-22 21:07:28,845 [main] INFO  [s.d.s.w.r.operation.CachingOperationNameGenerator] CachingOperationNameGenerator.java:40 - Generating unique operation named: findUsingGET_3
2024-09-22 21:07:28,849 [main] INFO  [s.d.s.w.r.operation.CachingOperationNameGenerator] CachingOperationNameGenerator.java:40 - Generating unique operation named: addUsingGET_3
2024-09-22 21:07:28,850 [main] INFO  [s.d.s.w.r.operation.CachingOperationNameGenerator] CachingOperationNameGenerator.java:40 - Generating unique operation named: deleteUsingDELETE_4
2024-09-22 21:07:28,851 [main] INFO  [s.d.s.w.r.operation.CachingOperationNameGenerator] CachingOperationNameGenerator.java:40 - Generating unique operation named: editUsingGET_4
2024-09-22 21:07:28,852 [main] INFO  [s.d.s.w.r.operation.CachingOperationNameGenerator] CachingOperationNameGenerator.java:40 - Generating unique operation named: listUsingGET_5
2024-09-22 21:07:28,856 [main] INFO  [s.d.s.w.r.operation.CachingOperationNameGenerator] CachingOperationNameGenerator.java:40 - Generating unique operation named: saveUsingPOST_10
2024-09-22 21:07:28,857 [main] INFO  [s.d.s.w.r.operation.CachingOperationNameGenerator] CachingOperationNameGenerator.java:40 - Generating unique operation named: updateUsingPUT_5
2024-09-22 21:07:28,858 [main] INFO  [s.d.s.w.r.operation.CachingOperationNameGenerator] CachingOperationNameGenerator.java:40 - Generating unique operation named: getByIdUsingGET_7
2024-09-22 21:07:28,865 [main] INFO  [s.d.s.w.r.operation.CachingOperationNameGenerator] CachingOperationNameGenerator.java:40 - Generating unique operation named: getListUsingGET_1
2024-09-22 21:07:28,869 [main] INFO  [s.d.s.w.r.operation.CachingOperationNameGenerator] CachingOperationNameGenerator.java:40 - Generating unique operation named: removeByIdUsingDELETE_7
2024-09-22 21:07:28,873 [main] INFO  [s.d.s.w.r.operation.CachingOperationNameGenerator] CachingOperationNameGenerator.java:40 - Generating unique operation named: saveUsingPOST_11
2024-09-22 21:07:28,877 [main] INFO  [s.d.s.w.r.operation.CachingOperationNameGenerator] CachingOperationNameGenerator.java:40 - Generating unique operation named: updateUsingPUT_6
2024-09-22 21:07:28,877 [main] INFO  [s.d.s.w.r.operation.CachingOperationNameGenerator] CachingOperationNameGenerator.java:40 - Generating unique operation named: getInfoUsingGET_1
2024-09-22 21:07:28,879 [main] INFO  [s.d.s.w.r.operation.CachingOperationNameGenerator] CachingOperationNameGenerator.java:40 - Generating unique operation named: addUsingPOST_2
2024-09-22 21:07:28,880 [main] WARN  [s.d.s.w.readers.parameter.ParameterDataTypeReader] ParameterDataTypeReader.java:92 - Trying to infer dataType java.lang.String[]
2024-09-22 21:07:28,880 [main] INFO  [s.d.s.w.r.operation.CachingOperationNameGenerator] CachingOperationNameGenerator.java:40 - Generating unique operation named: deleteUsingDELETE_5
2024-09-22 21:07:28,883 [main] INFO  [s.d.s.w.r.operation.CachingOperationNameGenerator] CachingOperationNameGenerator.java:40 - Generating unique operation named: listUsingGET_6
2024-09-22 21:07:28,884 [main] INFO  [s.d.s.w.r.operation.CachingOperationNameGenerator] CachingOperationNameGenerator.java:40 - Generating unique operation named: listUsingGET_7
2024-09-22 21:07:28,890 [main] INFO  [s.d.s.w.r.operation.CachingOperationNameGenerator] CachingOperationNameGenerator.java:40 - Generating unique operation named: removeByIdUsingDELETE_8
2024-09-22 21:07:28,894 [main] INFO  [s.d.s.w.r.operation.CachingOperationNameGenerator] CachingOperationNameGenerator.java:40 - Generating unique operation named: getByIdUsingGET_8
2024-09-22 21:07:28,903 [main] INFO  [s.d.s.w.r.operation.CachingOperationNameGenerator] CachingOperationNameGenerator.java:40 - Generating unique operation named: getListUsingGET_2
2024-09-22 21:07:28,906 [main] INFO  [s.d.s.w.r.operation.CachingOperationNameGenerator] CachingOperationNameGenerator.java:40 - Generating unique operation named: removeByIdUsingDELETE_9
2024-09-22 21:07:28,913 [main] INFO  [s.d.s.w.r.operation.CachingOperationNameGenerator] CachingOperationNameGenerator.java:40 - Generating unique operation named: saveUsingPOST_12
2024-09-22 21:07:28,916 [main] INFO  [s.d.s.w.r.operation.CachingOperationNameGenerator] CachingOperationNameGenerator.java:40 - Generating unique operation named: updateUsingPUT_7
2024-09-22 21:07:28,918 [main] INFO  [s.d.s.w.r.operation.CachingOperationNameGenerator] CachingOperationNameGenerator.java:40 - Generating unique operation named: removeByIdUsingDELETE_10
2024-09-22 21:07:28,948 [main] INFO  [s.d.s.w.r.operation.CachingOperationNameGenerator] CachingOperationNameGenerator.java:40 - Generating unique operation named: getUserPageUsingGET_1
2024-09-22 21:07:28,950 [main] INFO  [s.d.s.w.r.operation.CachingOperationNameGenerator] CachingOperationNameGenerator.java:40 - Generating unique operation named: infoUsingGET_1
2024-09-22 21:07:29,018 [main] INFO  [c.b.cloud.upms.admin.BizSpringUpmsApplication] StartupInfoLogger.java:61 - Started BizSpringUpmsApplication in 41.025 seconds (JVM running for 46.507)
2024-09-22 21:07:29,030 [main] INFO  [com.alibaba.nacos.client.config.impl.ClientWorker] ClientWorker.java:239 - [fixed-bizspring-module-nacos_8878] [subscribe] bizspring-upms+DEFAULT_GROUP
2024-09-22 21:07:29,032 [main] INFO  [com.alibaba.nacos.client.config.impl.CacheData] CacheData.java:93 - [fixed-bizspring-module-nacos_8878] [add-listener] ok, tenant=, dataId=bizspring-upms, group=DEFAULT_GROUP, cnt=1
2024-09-22 21:07:29,034 [main] INFO  [com.alibaba.nacos.client.config.impl.ClientWorker] ClientWorker.java:239 - [fixed-bizspring-module-nacos_8878] [subscribe] bizspring-upms.yml+DEFAULT_GROUP
2024-09-22 21:07:29,034 [main] INFO  [com.alibaba.nacos.client.config.impl.CacheData] CacheData.java:93 - [fixed-bizspring-module-nacos_8878] [add-listener] ok, tenant=, dataId=bizspring-upms.yml, group=DEFAULT_GROUP, cnt=1
2024-09-22 21:07:29,034 [main] INFO  [com.alibaba.nacos.client.config.impl.ClientWorker] ClientWorker.java:239 - [fixed-bizspring-module-nacos_8878] [subscribe] bizspring-upms-dev.yml+DEFAULT_GROUP
2024-09-22 21:07:29,034 [main] INFO  [com.alibaba.nacos.client.config.impl.CacheData] CacheData.java:93 - [fixed-bizspring-module-nacos_8878] [add-listener] ok, tenant=, dataId=bizspring-upms-dev.yml, group=DEFAULT_GROUP, cnt=1
2024-09-22 21:07:30,026 [RMI TCP Connection(2)-192.168.2.2] INFO  [o.a.c.core.ContainerBase.[Tomcat].[localhost].[/]] DirectJDKLog.java:173 - Initializing Spring DispatcherServlet 'dispatcherServlet'
2024-09-22 21:07:30,027 [RMI TCP Connection(2)-192.168.2.2] INFO  [org.springframework.web.servlet.DispatcherServlet] FrameworkServlet.java:525 - Initializing Servlet 'dispatcherServlet'
2024-09-22 21:07:30,045 [RMI TCP Connection(2)-192.168.2.2] INFO  [org.springframework.web.servlet.DispatcherServlet] FrameworkServlet.java:547 - Completed initialization in 18 ms
2024-09-22 21:09:14,820 [Thread-85] WARN  [com.alibaba.nacos.common.notify.NotifyCenter] NotifyCenter.java:145 - [NotifyCenter] Start destroying Publisher
2024-09-22 21:09:14,821 [Thread-85] WARN  [com.alibaba.nacos.common.notify.NotifyCenter] NotifyCenter.java:162 - [NotifyCenter] Destruction of the end
2024-09-22 21:09:14,821 [Thread-27] WARN  [com.alibaba.nacos.common.http.HttpClientBeanHolder] HttpClientBeanHolder.java:108 - [HttpClientBeanHolder] Start destroying common HttpClient
2024-09-22 21:09:14,828 [Thread-27] WARN  [com.alibaba.nacos.common.http.HttpClientBeanHolder] HttpClientBeanHolder.java:114 - [HttpClientBeanHolder] Destruction of the end
2024-09-22 21:09:15,089 [SpringContextShutdownHook] INFO  [o.s.scheduling.concurrent.ThreadPoolTaskScheduler] ExecutorConfigurationSupport.java:218 - Shutting down ExecutorService 'Nacos-Watch-Task-Scheduler'
2024-09-22 21:09:17,189 [SpringContextShutdownHook] INFO  [c.a.cloud.nacos.registry.NacosServiceRegistry] NacosServiceRegistry.java:90 - De-registering from Nacos Server now...
2024-09-22 21:09:17,191 [SpringContextShutdownHook] INFO  [c.a.cloud.nacos.registry.NacosServiceRegistry] NacosServiceRegistry.java:110 - De-registration finished.
2024-09-22 21:09:20,592 [SpringContextShutdownHook] INFO  [c.alibaba.nacos.client.identify.CredentialWatcher] CredentialWatcher.java:105 - [null] CredentialWatcher is stopped
2024-09-22 21:09:20,595 [SpringContextShutdownHook] INFO  [c.alibaba.nacos.client.identify.CredentialService] CredentialService.java:98 - [null] CredentialService is freed
2024-09-22 21:09:20,596 [SpringContextShutdownHook] INFO  [o.s.scheduling.concurrent.ThreadPoolTaskExecutor] ExecutorConfigurationSupport.java:218 - Shutting down ExecutorService 'applicationTaskExecutor'
2024-09-22 21:09:20,601 [SpringContextShutdownHook] WARN  [o.s.beans.factory.support.DisposableBeanAdapter] DisposableBeanAdapter.java:349 - Destroy method 'close' on bean with name 'nacosServiceRegistry' threw an exception: java.lang.NullPointerException
2024-09-22 21:09:20,604 [SpringContextShutdownHook] INFO  [c.alibaba.nacos.client.config.http.ServerHttpAgent] ServerHttpAgent.java:453 - com.alibaba.nacos.client.config.http.ServerHttpAgent do shutdown begin
2024-09-22 21:09:20,605 [SpringContextShutdownHook] INFO  [c.alibaba.nacos.client.config.http.ServerHttpAgent] ServerHttpAgent.java:457 - com.alibaba.nacos.client.config.http.ServerHttpAgent do shutdown stop
2024-09-22 21:09:20,605 [SpringContextShutdownHook] INFO  [com.alibaba.nacos.client.config.impl.ClientWorker] ClientWorker.java:560 - com.alibaba.nacos.client.config.impl.ClientWorker do shutdown begin
2024-09-22 21:09:23,636 [SpringContextShutdownHook] INFO  [com.alibaba.nacos.client.config.impl.ClientWorker] ClientWorker.java:563 - com.alibaba.nacos.client.config.impl.ClientWorker do shutdown stop
2024-09-22 21:09:23,650 [SpringContextShutdownHook] INFO  [com.alibaba.druid.pool.DruidDataSource] DruidDataSource.java:2032 - {dataSource-1} closing ...
2024-09-22 21:09:23,661 [SpringContextShutdownHook] INFO  [com.alibaba.druid.pool.DruidDataSource] DruidDataSource.java:2104 - {dataSource-1} closed
