2024-09-22 21:06:59,989 [background-preinit] INFO  [org.hibernate.validator.internal.util.Version] Version.java:21 - HV000001: Hibernate Validator 6.1.5.Final
2024-09-22 21:07:01,747 [main] INFO  [c.u.j.c.EnableEncryptablePropertiesBeanFactoryPostProcessor] EnableEncryptablePropertiesBeanFactoryPostProcessor.java:50 - Post-processing PropertySource instances
2024-09-22 21:07:01,944 [main] INFO  [c.u.j.EncryptablePropertySourceConverter] EncryptablePropertySourceConverter.java:39 - Converting PropertySource configurationProperties [org.springframework.boot.context.properties.source.ConfigurationPropertySourcesPropertySource] to AOP Proxy
2024-09-22 21:07:01,946 [main] INFO  [c.u.j.EncryptablePropertySourceConverter] EncryptablePropertySourceConverter.java:39 - Converting PropertySource bootstrap [org.springframework.core.env.MapPropertySource] to EncryptableMapPropertySourceWrapper
2024-09-22 21:07:01,947 [main] INFO  [c.u.j.EncryptablePropertySourceConverter] EncryptablePropertySourceConverter.java:39 - Converting PropertySource systemProperties [org.springframework.core.env.PropertiesPropertySource] to EncryptableMapPropertySourceWrapper
2024-09-22 21:07:01,947 [main] INFO  [c.u.j.EncryptablePropertySourceConverter] EncryptablePropertySourceConverter.java:39 - Converting PropertySource systemEnvironment [org.springframework.boot.env.SystemEnvironmentPropertySourceEnvironmentPostProcessor$OriginAwareSystemEnvironmentPropertySource] to EncryptableMapPropertySourceWrapper
2024-09-22 21:07:01,949 [main] INFO  [c.u.j.EncryptablePropertySourceConverter] EncryptablePropertySourceConverter.java:39 - Converting PropertySource random [org.springframework.boot.env.RandomValuePropertySource] to EncryptablePropertySourceWrapper
2024-09-22 21:07:01,949 [main] INFO  [c.u.j.EncryptablePropertySourceConverter] EncryptablePropertySourceConverter.java:39 - Converting PropertySource springCloudClientHostInfo [org.springframework.core.env.MapPropertySource] to EncryptableMapPropertySourceWrapper
2024-09-22 21:07:01,950 [main] INFO  [c.u.j.EncryptablePropertySourceConverter] EncryptablePropertySourceConverter.java:39 - Converting PropertySource applicationConfig: [classpath:/bootstrap.yml] [org.springframework.boot.env.OriginTrackedMapPropertySource] to EncryptableMapPropertySourceWrapper
2024-09-22 21:07:02,080 [main] INFO  [c.u.j.filter.DefaultLazyPropertyFilter] DefaultLazyPropertyFilter.java:31 - Property Filter custom Bean not found with name 'encryptablePropertyFilter'. Initializing Default Property Filter
2024-09-22 21:07:02,087 [main] INFO  [c.u.j.resolver.DefaultLazyPropertyResolver] DefaultLazyPropertyResolver.java:31 - Property Resolver custom Bean not found with name 'encryptablePropertyResolver'. Initializing Default Property Resolver
2024-09-22 21:07:02,090 [main] INFO  [c.u.j.detector.DefaultLazyPropertyDetector] DefaultLazyPropertyDetector.java:30 - Property Detector custom Bean not found with name 'encryptablePropertyDetector'. Initializing Default Property Detector
2024-09-22 21:07:03,541 [main] INFO  [c.a.n.client.config.impl.LocalConfigInfoProcessor] LocalConfigInfoProcessor.java:212 - LOCAL_SNAPSHOT_PATH:C:\Users\Administrator\nacos\config
2024-09-22 21:07:03,656 [main] INFO  [com.alibaba.nacos.client.config.impl.Limiter] Limiter.java:54 - limitTime:5.0
2024-09-22 21:07:03,740 [main] INFO  [com.alibaba.nacos.client.config.utils.JvmUtil] JvmUtil.java:49 - isMultiInstance:false
2024-09-22 21:07:03,774 [main] WARN  [c.a.cloud.nacos.client.NacosPropertySourceBuilder] NacosPropertySourceBuilder.java:87 - Ignore the empty nacos configuration and get it based on dataId[bizspring-order] & group[DEFAULT_GROUP]
2024-09-22 21:07:03,777 [main] WARN  [c.a.cloud.nacos.client.NacosPropertySourceBuilder] NacosPropertySourceBuilder.java:87 - Ignore the empty nacos configuration and get it based on dataId[bizspring-order.yml] & group[DEFAULT_GROUP]
2024-09-22 21:07:03,787 [main] INFO  [o.s.c.b.c.PropertySourceBootstrapConfiguration] PropertySourceBootstrapConfiguration.java:112 - Located property source: [BootstrapPropertySource {name='bootstrapProperties-bizspring-order-dev.yml,DEFAULT_GROUP'}, BootstrapPropertySource {name='bootstrapProperties-bizspring-order.yml,DEFAULT_GROUP'}, BootstrapPropertySource {name='bootstrapProperties-bizspring-order,DEFAULT_GROUP'}, BootstrapPropertySource {name='bootstrapProperties-application-dev.yml,DEFAULT_GROUP'}]
2024-09-22 21:07:03,858 [main] INFO  [c.u.j.c.EnableEncryptablePropertiesConfiguration] EnableEncryptablePropertiesConfiguration.java:72 - Bootstraping jasypt-string-boot auto configuration in context: bizspring-order-1
2024-09-22 21:07:03,859 [main] INFO  [c.b.cloud.order.admin.BizSpringOrderApplication] SpringApplication.java:655 - The following profiles are active: dev
2024-09-22 21:07:07,144 [main] INFO  [o.s.context.annotation.AutoProxyRegistrar] AutoProxyRegistrar.java:83 - AutoProxyRegistrar was imported but no annotations were found having both 'mode' and 'proxyTargetClass' attributes of type AdviceMode and boolean respectively. This means that auto proxy creator registration and configuration may not have occurred as intended, and components may not be proxied as expected. Check to ensure that AutoProxyRegistrar has been @Import'ed on the same class where these annotations are declared; otherwise remove the import of AutoProxyRegistrar altogether.
2024-09-22 21:07:08,677 [main] INFO  [o.s.d.r.config.RepositoryConfigurationDelegate] RepositoryConfigurationDelegate.java:249 - Multiple Spring Data modules found, entering strict repository configuration mode!
2024-09-22 21:07:08,681 [main] INFO  [o.s.d.r.config.RepositoryConfigurationDelegate] RepositoryConfigurationDelegate.java:127 - Bootstrapping Spring Data Elasticsearch repositories in DEFAULT mode.
2024-09-22 21:07:08,756 [main] INFO  [o.s.d.r.config.RepositoryConfigurationDelegate] RepositoryConfigurationDelegate.java:187 - Finished Spring Data repository scanning in 50ms. Found 0 Elasticsearch repository interfaces.
2024-09-22 21:07:08,764 [main] INFO  [o.s.d.r.config.RepositoryConfigurationDelegate] RepositoryConfigurationDelegate.java:249 - Multiple Spring Data modules found, entering strict repository configuration mode!
2024-09-22 21:07:08,765 [main] INFO  [o.s.d.r.config.RepositoryConfigurationDelegate] RepositoryConfigurationDelegate.java:127 - Bootstrapping Spring Data Reactive Elasticsearch repositories in DEFAULT mode.
2024-09-22 21:07:08,791 [main] INFO  [o.s.d.r.config.RepositoryConfigurationDelegate] RepositoryConfigurationDelegate.java:187 - Finished Spring Data repository scanning in 25ms. Found 0 Reactive Elasticsearch repository interfaces.
2024-09-22 21:07:08,813 [main] INFO  [o.s.d.r.config.RepositoryConfigurationDelegate] RepositoryConfigurationDelegate.java:249 - Multiple Spring Data modules found, entering strict repository configuration mode!
2024-09-22 21:07:08,816 [main] INFO  [o.s.d.r.config.RepositoryConfigurationDelegate] RepositoryConfigurationDelegate.java:127 - Bootstrapping Spring Data Redis repositories in DEFAULT mode.
2024-09-22 21:07:08,860 [main] INFO  [o.s.d.r.config.RepositoryConfigurationDelegate] RepositoryConfigurationDelegate.java:187 - Finished Spring Data repository scanning in 18ms. Found 0 Redis repository interfaces.
2024-09-22 21:07:09,194 [main] WARN  [o.springframework.boot.actuate.endpoint.EndpointId] EndpointId.java:155 - Endpoint ID 'service-registry' contains invalid characters, please migrate to a valid format.
2024-09-22 21:07:09,849 [main] INFO  [o.springframework.cloud.context.scope.GenericScope] GenericScope.java:295 - BeanFactory id=ec15d67c-1855-34bf-83ee-a268a2931998
2024-09-22 21:07:09,934 [main] INFO  [c.u.j.c.EnableEncryptablePropertiesBeanFactoryPostProcessor] EnableEncryptablePropertiesBeanFactoryPostProcessor.java:50 - Post-processing PropertySource instances
2024-09-22 21:07:09,965 [main] INFO  [c.u.j.EncryptablePropertySourceConverter] EncryptablePropertySourceConverter.java:39 - Converting PropertySource bootstrapProperties-bizspring-order-dev.yml,DEFAULT_GROUP [org.springframework.cloud.bootstrap.config.BootstrapPropertySource] to EncryptableEnumerablePropertySourceWrapper
2024-09-22 21:07:09,966 [main] INFO  [c.u.j.EncryptablePropertySourceConverter] EncryptablePropertySourceConverter.java:39 - Converting PropertySource bootstrapProperties-bizspring-order.yml,DEFAULT_GROUP [org.springframework.cloud.bootstrap.config.BootstrapPropertySource] to EncryptableEnumerablePropertySourceWrapper
2024-09-22 21:07:09,966 [main] INFO  [c.u.j.EncryptablePropertySourceConverter] EncryptablePropertySourceConverter.java:39 - Converting PropertySource bootstrapProperties-bizspring-order,DEFAULT_GROUP [org.springframework.cloud.bootstrap.config.BootstrapPropertySource] to EncryptableEnumerablePropertySourceWrapper
2024-09-22 21:07:09,967 [main] INFO  [c.u.j.EncryptablePropertySourceConverter] EncryptablePropertySourceConverter.java:39 - Converting PropertySource bootstrapProperties-application-dev.yml,DEFAULT_GROUP [org.springframework.cloud.bootstrap.config.BootstrapPropertySource] to EncryptableEnumerablePropertySourceWrapper
2024-09-22 21:07:09,968 [main] INFO  [c.u.j.EncryptablePropertySourceConverter] EncryptablePropertySourceConverter.java:39 - Converting PropertySource configurationProperties [org.springframework.boot.context.properties.source.ConfigurationPropertySourcesPropertySource] to AOP Proxy
2024-09-22 21:07:09,969 [main] INFO  [c.u.j.EncryptablePropertySourceConverter] EncryptablePropertySourceConverter.java:39 - Converting PropertySource servletConfigInitParams [org.springframework.core.env.PropertySource$StubPropertySource] to EncryptablePropertySourceWrapper
2024-09-22 21:07:09,969 [main] INFO  [c.u.j.EncryptablePropertySourceConverter] EncryptablePropertySourceConverter.java:39 - Converting PropertySource servletContextInitParams [org.springframework.core.env.PropertySource$StubPropertySource] to EncryptablePropertySourceWrapper
2024-09-22 21:07:09,970 [main] INFO  [c.u.j.EncryptablePropertySourceConverter] EncryptablePropertySourceConverter.java:39 - Converting PropertySource systemProperties [org.springframework.core.env.PropertiesPropertySource] to EncryptableMapPropertySourceWrapper
2024-09-22 21:07:09,970 [main] INFO  [c.u.j.EncryptablePropertySourceConverter] EncryptablePropertySourceConverter.java:39 - Converting PropertySource systemEnvironment [org.springframework.boot.env.SystemEnvironmentPropertySourceEnvironmentPostProcessor$OriginAwareSystemEnvironmentPropertySource] to EncryptableMapPropertySourceWrapper
2024-09-22 21:07:09,971 [main] INFO  [c.u.j.EncryptablePropertySourceConverter] EncryptablePropertySourceConverter.java:39 - Converting PropertySource random [org.springframework.boot.env.RandomValuePropertySource] to EncryptablePropertySourceWrapper
2024-09-22 21:07:09,971 [main] INFO  [c.u.j.EncryptablePropertySourceConverter] EncryptablePropertySourceConverter.java:39 - Converting PropertySource springCloudClientHostInfo [org.springframework.core.env.MapPropertySource] to EncryptableMapPropertySourceWrapper
2024-09-22 21:07:09,971 [main] INFO  [c.u.j.EncryptablePropertySourceConverter] EncryptablePropertySourceConverter.java:39 - Converting PropertySource springCloudDefaultProperties [org.springframework.core.env.MapPropertySource] to EncryptableMapPropertySourceWrapper
2024-09-22 21:07:09,971 [main] INFO  [c.u.j.EncryptablePropertySourceConverter] EncryptablePropertySourceConverter.java:39 - Converting PropertySource cachedrandom [org.springframework.cloud.util.random.CachedRandomPropertySource] to EncryptablePropertySourceWrapper
2024-09-22 21:07:09,999 [main] INFO  [c.u.j.filter.DefaultLazyPropertyFilter] DefaultLazyPropertyFilter.java:31 - Property Filter custom Bean not found with name 'encryptablePropertyFilter'. Initializing Default Property Filter
2024-09-22 21:07:10,798 [main] INFO  [o.s.c.s.PostProcessorRegistrationDelegate$BeanPostProcessorChecker] PostProcessorRegistrationDelegate.java:335 - Bean 'org.springframework.security.access.expression.method.DefaultMethodSecurityExpressionHandler@54c29340' of type [org.springframework.security.oauth2.provider.expression.OAuth2MethodSecurityExpressionHandler] is not eligible for getting processed by all BeanPostProcessors (for example: not eligible for auto-proxying)
2024-09-22 21:07:10,820 [main] INFO  [o.s.c.s.PostProcessorRegistrationDelegate$BeanPostProcessorChecker] PostProcessorRegistrationDelegate.java:335 - Bean 'methodSecurityMetadataSource' of type [org.springframework.security.access.method.DelegatingMethodSecurityMetadataSource] is not eligible for getting processed by all BeanPostProcessors (for example: not eligible for auto-proxying)
2024-09-22 21:07:10,848 [main] INFO  [c.u.j.resolver.DefaultLazyPropertyResolver] DefaultLazyPropertyResolver.java:31 - Property Resolver custom Bean not found with name 'encryptablePropertyResolver'. Initializing Default Property Resolver
2024-09-22 21:07:10,848 [main] INFO  [c.u.j.detector.DefaultLazyPropertyDetector] DefaultLazyPropertyDetector.java:30 - Property Detector custom Bean not found with name 'encryptablePropertyDetector'. Initializing Default Property Detector
2024-09-22 21:07:10,964 [main] INFO  [o.s.c.s.PostProcessorRegistrationDelegate$BeanPostProcessorChecker] PostProcessorRegistrationDelegate.java:335 - Bean 'spring.cloud.sentinel-com.alibaba.cloud.sentinel.SentinelProperties' of type [com.alibaba.cloud.sentinel.SentinelProperties] is not eligible for getting processed by all BeanPostProcessors (for example: not eligible for auto-proxying)
2024-09-22 21:07:11,071 [main] INFO  [o.s.c.s.PostProcessorRegistrationDelegate$BeanPostProcessorChecker] PostProcessorRegistrationDelegate.java:335 - Bean 'com.alibaba.cloud.sentinel.custom.SentinelAutoConfiguration' of type [com.alibaba.cloud.sentinel.custom.SentinelAutoConfiguration] is not eligible for getting processed by all BeanPostProcessors (for example: not eligible for auto-proxying)
2024-09-22 21:07:11,108 [main] INFO  [o.s.c.s.PostProcessorRegistrationDelegate$BeanPostProcessorChecker] PostProcessorRegistrationDelegate.java:335 - Bean 'org.springframework.cloud.client.loadbalancer.reactive.LoadBalancerBeanPostProcessorAutoConfiguration' of type [org.springframework.cloud.client.loadbalancer.reactive.LoadBalancerBeanPostProcessorAutoConfiguration] is not eligible for getting processed by all BeanPostProcessors (for example: not eligible for auto-proxying)
2024-09-22 21:07:11,112 [main] INFO  [o.s.c.s.PostProcessorRegistrationDelegate$BeanPostProcessorChecker] PostProcessorRegistrationDelegate.java:335 - Bean 'org.springframework.cloud.client.loadbalancer.reactive.LoadBalancerBeanPostProcessorAutoConfiguration$ReactiveLoadBalancerConfig' of type [org.springframework.cloud.client.loadbalancer.reactive.LoadBalancerBeanPostProcessorAutoConfiguration$ReactiveLoadBalancerConfig] is not eligible for getting processed by all BeanPostProcessors (for example: not eligible for auto-proxying)
2024-09-22 21:07:11,116 [main] INFO  [o.s.c.s.PostProcessorRegistrationDelegate$BeanPostProcessorChecker] PostProcessorRegistrationDelegate.java:335 - Bean 'deferringLoadBalancerExchangeFilterFunction' of type [org.springframework.cloud.client.loadbalancer.reactive.DeferringLoadBalancerExchangeFilterFunction] is not eligible for getting processed by all BeanPostProcessors (for example: not eligible for auto-proxying)
2024-09-22 21:07:12,177 [main] INFO  [o.s.boot.web.embedded.tomcat.TomcatWebServer] TomcatWebServer.java:108 - Tomcat initialized with port(s): 5779 (http)
2024-09-22 21:07:12,243 [main] INFO  [org.apache.coyote.http11.Http11NioProtocol] DirectJDKLog.java:173 - Initializing ProtocolHandler ["http-nio-5779"]
2024-09-22 21:07:12,245 [main] INFO  [org.apache.catalina.core.StandardService] DirectJDKLog.java:173 - Starting service [Tomcat]
2024-09-22 21:07:12,245 [main] INFO  [org.apache.catalina.core.StandardEngine] DirectJDKLog.java:173 - Starting Servlet engine: [Apache Tomcat/9.0.38]
2024-09-22 21:07:12,629 [main] INFO  [o.a.c.core.ContainerBase.[Tomcat].[localhost].[/]] DirectJDKLog.java:173 - Initializing Spring embedded WebApplicationContext
2024-09-22 21:07:12,629 [main] INFO  [o.s.b.w.s.c.ServletWebServerApplicationContext] ServletWebServerApplicationContext.java:285 - Root WebApplicationContext: initialization completed in 8662 ms
2024-09-22 21:07:14,056 [main] INFO  [c.a.d.s.b.a.DruidDataSourceAutoConfigure] DruidDataSourceAutoConfigure.java:56 - Init DruidDataSource
2024-09-22 21:07:14,328 [main] INFO  [com.alibaba.druid.pool.DruidDataSource] DruidDataSource.java:985 - {dataSource-1} inited
2024-09-22 21:07:15,761 [main] WARN  [c.b.mybatisplus.core.injector.AbstractMethod] AbstractMethod.java:324 - [cn.bizspring.cloud.order.admin.mapper.CartItemMapper.update] Has been loaded by XML or SqlProvider or Mybatis's Annotation, so ignoring this injection for [class com.baomidou.mybatisplus.core.injector.methods.Update]
2024-09-22 21:07:15,899 [main] WARN  [c.b.mybatisplus.core.injector.AbstractMethod] AbstractMethod.java:324 - [cn.bizspring.cloud.order.admin.mapper.OrderItemMapper.update] Has been loaded by XML or SqlProvider or Mybatis's Annotation, so ignoring this injection for [class com.baomidou.mybatisplus.core.injector.methods.Update]
2024-09-22 21:07:16,004 [main] WARN  [c.b.mybatisplus.core.injector.AbstractMethod] AbstractMethod.java:324 - [cn.bizspring.cloud.order.admin.mapper.OrderMapper.update] Has been loaded by XML or SqlProvider or Mybatis's Annotation, so ignoring this injection for [class com.baomidou.mybatisplus.core.injector.methods.Update]
2024-09-22 21:07:16,091 [main] WARN  [c.b.mybatisplus.core.injector.AbstractMethod] AbstractMethod.java:324 - [cn.bizspring.cloud.order.admin.mapper.OrderPaymentMapper.selectPage] Has been loaded by XML or SqlProvider or Mybatis's Annotation, so ignoring this injection for [class com.baomidou.mybatisplus.core.injector.methods.SelectPage]
2024-09-22 21:07:16,193 [main] WARN  [c.b.mybatisplus.core.injector.AbstractMethod] AbstractMethod.java:324 - [cn.bizspring.cloud.order.admin.mapper.OrderShippingMapper.selectPage] Has been loaded by XML or SqlProvider or Mybatis's Annotation, so ignoring this injection for [class com.baomidou.mybatisplus.core.injector.methods.SelectPage]
2024-09-22 21:07:16,220 [main] WARN  [c.b.mybatisplus.core.injector.AbstractMethod] AbstractMethod.java:324 - [cn.bizspring.cloud.order.admin.mapper.PaymentConfigMapper.update] Has been loaded by XML or SqlProvider or Mybatis's Annotation, so ignoring this injection for [class com.baomidou.mybatisplus.core.injector.methods.Update]
2024-09-22 21:07:16,265 [main] WARN  [c.b.mybatisplus.core.injector.AbstractMethod] AbstractMethod.java:324 - [cn.bizspring.cloud.order.admin.mapper.PaymentLogMapper.update] Has been loaded by XML or SqlProvider or Mybatis's Annotation, so ignoring this injection for [class com.baomidou.mybatisplus.core.injector.methods.Update]
2024-09-22 21:07:16,320 [main] WARN  [c.b.mybatisplus.core.injector.AbstractMethod] AbstractMethod.java:324 - [cn.bizspring.cloud.order.admin.mapper.SnMapper.update] Has been loaded by XML or SqlProvider or Mybatis's Annotation, so ignoring this injection for [class com.baomidou.mybatisplus.core.injector.methods.Update]
2024-09-22 21:07:17,555 [main] WARN  [c.baomidou.mybatisplus.core.toolkit.ReflectionKit] ReflectionKit.java:112 - Warn: Index: 1, Size of OrderLogServiceImpl's Parameterized Type: 1 .
2024-09-22 21:07:17,678 [main] WARN  [c.baomidou.mybatisplus.core.toolkit.ReflectionKit] ReflectionKit.java:112 - Warn: Index: 1, Size of SnServiceImpl's Parameterized Type: 1 .
2024-09-22 21:07:17,741 [main] WARN  [c.baomidou.mybatisplus.core.toolkit.ReflectionKit] ReflectionKit.java:112 - Warn: Index: 1, Size of OrderPaymentServiceImpl's Parameterized Type: 1 .
2024-09-22 21:07:17,816 [main] WARN  [c.baomidou.mybatisplus.core.toolkit.ReflectionKit] ReflectionKit.java:112 - Warn: Index: 1, Size of OrderShippingServiceImpl's Parameterized Type: 1 .
2024-09-22 21:07:18,937 [main] WARN  [c.baomidou.mybatisplus.core.toolkit.ReflectionKit] ReflectionKit.java:112 - Warn: Index: 1, Size of CartItemServiceImpl's Parameterized Type: 1 .
2024-09-22 21:07:18,993 [main] WARN  [c.baomidou.mybatisplus.core.toolkit.ReflectionKit] ReflectionKit.java:112 - Warn: Index: 1, Size of CartServiceImpl's Parameterized Type: 1 .
2024-09-22 21:07:19,090 [main] WARN  [c.baomidou.mybatisplus.core.toolkit.ReflectionKit] ReflectionKit.java:112 - Warn: Index: 1, Size of OrderServiceImpl's Parameterized Type: 1 .
2024-09-22 21:07:19,277 [main] WARN  [c.baomidou.mybatisplus.core.toolkit.ReflectionKit] ReflectionKit.java:112 - Warn: Index: 1, Size of OrderItemServiceImpl's Parameterized Type: 1 .
2024-09-22 21:07:19,442 [main] WARN  [c.baomidou.mybatisplus.core.toolkit.ReflectionKit] ReflectionKit.java:112 - Warn: Index: 1, Size of PaymentLogServiceImpl's Parameterized Type: 1 .
2024-09-22 21:07:19,543 [main] WARN  [c.baomidou.mybatisplus.core.toolkit.ReflectionKit] ReflectionKit.java:112 - Warn: Index: 1, Size of OrderShippingItemServiceImpl's Parameterized Type: 1 .
2024-09-22 21:07:19,599 [main] WARN  [c.baomidou.mybatisplus.core.toolkit.ReflectionKit] ReflectionKit.java:112 - Warn: Index: 1, Size of PaymentConfigServiceImpl's Parameterized Type: 1 .
2024-09-22 21:07:19,995 [main] INFO  [c.a.cloud.sentinel.SentinelWebAutoConfiguration] SentinelWebAutoConfiguration.java:80 - [Sentinel Starter] register SentinelWebInterceptor with urlPatterns: [/**].
2024-09-22 21:07:22,410 [main] INFO  [o.s.b.actuate.endpoint.web.EndpointLinksResolver] EndpointLinksResolver.java:58 - Exposing 20 endpoint(s) beneath base path '/actuator'
2024-09-22 21:07:22,781 [main] INFO  [s.d.s.w.PropertySourcedRequestMappingHandlerMapping] PropertySourcedRequestMappingHandlerMapping.java:69 - Mapped URL path [/v2/api-docs] onto method [springfox.documentation.swagger2.web.Swagger2Controller#getDocumentation(String, HttpServletRequest)]
2024-09-22 21:07:23,041 [main] WARN  [com.netflix.config.sources.URLConfigurationSource] URLConfigurationSource.java:121 - No URLs will be polled as dynamic configuration sources.
2024-09-22 21:07:23,042 [main] INFO  [com.netflix.config.sources.URLConfigurationSource] URLConfigurationSource.java:122 - To enable URLs as dynamic configuration sources, define System property archaius.configurationSource.additionalUrls or make config.properties available on classpath.
2024-09-22 21:07:23,053 [main] WARN  [com.netflix.config.sources.URLConfigurationSource] URLConfigurationSource.java:121 - No URLs will be polled as dynamic configuration sources.
2024-09-22 21:07:23,053 [main] INFO  [com.netflix.config.sources.URLConfigurationSource] URLConfigurationSource.java:122 - To enable URLs as dynamic configuration sources, define System property archaius.configurationSource.additionalUrls or make config.properties available on classpath.
2024-09-22 21:07:23,247 [main] INFO  [o.s.scheduling.concurrent.ThreadPoolTaskExecutor] ExecutorConfigurationSupport.java:181 - Initializing ExecutorService 'applicationTaskExecutor'
2024-09-22 21:07:23,799 [main] INFO  [o.s.scheduling.concurrent.ThreadPoolTaskScheduler] ExecutorConfigurationSupport.java:181 - Initializing ExecutorService 'Nacos-Watch-Task-Scheduler'
2024-09-22 21:07:26,678 [main] INFO  [o.s.security.web.DefaultSecurityFilterChain] DefaultSecurityFilterChain.java:43 - Creating filter chain: any request, [org.springframework.security.web.context.request.async.WebAsyncManagerIntegrationFilter@e7c92af, org.springframework.security.web.context.SecurityContextPersistenceFilter@7c51e7eb, org.springframework.security.web.header.HeaderWriterFilter@447940ae, org.springframework.security.web.authentication.logout.LogoutFilter@41b5faf, org.springframework.security.oauth2.provider.authentication.OAuth2AuthenticationProcessingFilter@13af83de, org.springframework.security.web.savedrequest.RequestCacheAwareFilter@30a9e023, org.springframework.security.web.servletapi.SecurityContextHolderAwareRequestFilter@343ea911, org.springframework.security.web.authentication.AnonymousAuthenticationFilter@348fd40, org.springframework.security.web.session.SessionManagementFilter@1abeb592, org.springframework.security.web.access.ExceptionTranslationFilter@2b99f3e4, org.springframework.security.web.access.intercept.FilterSecurityInterceptor@4998589c]
2024-09-22 21:07:26,727 [main] WARN  [org.springframework.data.convert.CustomConversions] CustomConversions.java:273 - Registering converter from class org.springframework.data.geo.Point to interface java.util.Map as writing converter although it doesn't convert to a store-supported type! You might want to check your annotation setup at the converter implementation.
2024-09-22 21:07:26,728 [main] WARN  [org.springframework.data.convert.CustomConversions] CustomConversions.java:263 - Registering converter from interface java.util.Map to class org.springframework.data.geo.Point as reading converter although it doesn't convert from a store-supported type! You might want to check your annotation setup at the converter implementation.
2024-09-22 21:07:26,728 [main] WARN  [org.springframework.data.convert.CustomConversions] CustomConversions.java:273 - Registering converter from class org.springframework.data.elasticsearch.core.geo.GeoPoint to interface java.util.Map as writing converter although it doesn't convert to a store-supported type! You might want to check your annotation setup at the converter implementation.
2024-09-22 21:07:26,728 [main] WARN  [org.springframework.data.convert.CustomConversions] CustomConversions.java:263 - Registering converter from interface java.util.Map to class org.springframework.data.elasticsearch.core.geo.GeoPoint as reading converter although it doesn't convert from a store-supported type! You might want to check your annotation setup at the converter implementation.
2024-09-22 21:07:27,032 [main] INFO  [o.s.data.elasticsearch.support.VersionInfo] VersionInfo.java:59 - Version Spring Data Elasticsearch: 4.0.4.RELEASE
2024-09-22 21:07:27,033 [main] INFO  [o.s.data.elasticsearch.support.VersionInfo] VersionInfo.java:60 - Version Elasticsearch Client in build: 7.6.2
2024-09-22 21:07:27,033 [main] INFO  [o.s.data.elasticsearch.support.VersionInfo] VersionInfo.java:61 - Version Elasticsearch Client used: 7.6.2
2024-09-22 21:07:27,033 [main] INFO  [o.s.data.elasticsearch.support.VersionInfo] VersionInfo.java:69 - Version Elasticsearch cluster: 7.6.2
2024-09-22 21:07:29,172 [main] WARN  [o.s.c.s.o.SpringCloudSecurityAutoConfiguration] SpringCloudSecurityAutoConfiguration.java:38 - All Spring Cloud Security modules and starters are deprecated. They will be moved to individual projects in the next major release.
2024-09-22 21:07:29,507 [main] INFO  [org.apache.coyote.http11.Http11NioProtocol] DirectJDKLog.java:173 - Starting ProtocolHandler ["http-nio-5779"]
2024-09-22 21:07:29,552 [main] INFO  [o.s.boot.web.embedded.tomcat.TomcatWebServer] TomcatWebServer.java:220 - Tomcat started on port(s): 5779 (http) with context path ''
2024-09-22 21:07:30,540 [main] INFO  [c.a.cloud.nacos.registry.NacosServiceRegistry] NacosServiceRegistry.java:75 - nacos registry, DEFAULT_GROUP bizspring-order 192.168.2.2:5779 register finished
2024-09-22 21:07:31,210 [main] INFO  [s.d.s.web.plugins.DocumentationPluginsBootstrapper] DocumentationPluginsBootstrapper.java:160 - Context refreshed
2024-09-22 21:07:31,242 [main] INFO  [s.d.s.web.plugins.DocumentationPluginsBootstrapper] DocumentationPluginsBootstrapper.java:163 - Found 1 custom documentation plugin(s)
2024-09-22 21:07:31,323 [main] INFO  [s.d.spring.web.scanners.ApiListingReferenceScanner] ApiListingReferenceScanner.java:41 - Scanning for api listing references
2024-09-22 21:07:31,527 [main] WARN  [s.d.s.w.readers.parameter.ParameterDataTypeReader] ParameterDataTypeReader.java:92 - Trying to infer dataType java.lang.String[]
2024-09-22 21:07:31,535 [main] WARN  [s.d.s.w.readers.parameter.ParameterDataTypeReader] ParameterDataTypeReader.java:92 - Trying to infer dataType java.lang.String[]
2024-09-22 21:07:31,537 [main] WARN  [s.d.s.w.readers.parameter.ParameterDataTypeReader] ParameterDataTypeReader.java:92 - Trying to infer dataType cn.bizspring.cloud.order.common.entity.Order$Status
2024-09-22 21:07:31,539 [main] WARN  [s.d.s.w.readers.parameter.ParameterDataTypeReader] ParameterDataTypeReader.java:92 - Trying to infer dataType java.lang.String[]
2024-09-22 21:07:31,597 [main] WARN  [s.d.s.w.readers.parameter.ParameterDataTypeReader] ParameterDataTypeReader.java:92 - Trying to infer dataType cn.bizspring.cloud.order.common.entity.Order$Status
2024-09-22 21:07:31,602 [main] INFO  [s.d.s.w.r.operation.CachingOperationNameGenerator] CachingOperationNameGenerator.java:40 - Generating unique operation named: listUsingGET_1
2024-09-22 21:07:31,663 [main] WARN  [s.d.s.w.readers.parameter.ParameterDataTypeReader] ParameterDataTypeReader.java:92 - Trying to infer dataType cn.bizspring.cloud.order.common.entity.Order$Status
2024-09-22 21:07:31,665 [main] INFO  [s.d.s.w.r.operation.CachingOperationNameGenerator] CachingOperationNameGenerator.java:40 - Generating unique operation named: listUsingGET_2
2024-09-22 21:07:31,667 [main] WARN  [s.d.s.w.readers.parameter.ParameterDataTypeReader] ParameterDataTypeReader.java:92 - Trying to infer dataType java.lang.String[]
2024-09-22 21:07:31,669 [main] INFO  [s.d.s.w.r.operation.CachingOperationNameGenerator] CachingOperationNameGenerator.java:40 - Generating unique operation named: listUsingGET_3
2024-09-22 21:07:31,682 [main] INFO  [s.d.s.w.r.operation.CachingOperationNameGenerator] CachingOperationNameGenerator.java:40 - Generating unique operation named: testPostPayUsingGET_1
2024-09-22 21:07:31,683 [main] INFO  [s.d.s.w.r.operation.CachingOperationNameGenerator] CachingOperationNameGenerator.java:40 - Generating unique operation named: testPostPayUsingHEAD_1
2024-09-22 21:07:31,684 [main] INFO  [s.d.s.w.r.operation.CachingOperationNameGenerator] CachingOperationNameGenerator.java:40 - Generating unique operation named: testPostPayUsingPOST_1
2024-09-22 21:07:31,684 [main] INFO  [s.d.s.w.r.operation.CachingOperationNameGenerator] CachingOperationNameGenerator.java:40 - Generating unique operation named: testPostPayUsingPUT_1
2024-09-22 21:07:31,685 [main] INFO  [s.d.s.w.r.operation.CachingOperationNameGenerator] CachingOperationNameGenerator.java:40 - Generating unique operation named: testPostPayUsingPATCH_1
2024-09-22 21:07:31,687 [main] INFO  [s.d.s.w.r.operation.CachingOperationNameGenerator] CachingOperationNameGenerator.java:40 - Generating unique operation named: testPostPayUsingDELETE_1
2024-09-22 21:07:31,687 [main] INFO  [s.d.s.w.r.operation.CachingOperationNameGenerator] CachingOperationNameGenerator.java:40 - Generating unique operation named: testPostPayUsingOPTIONS_1
2024-09-22 21:07:31,688 [main] INFO  [s.d.s.w.r.operation.CachingOperationNameGenerator] CachingOperationNameGenerator.java:40 - Generating unique operation named: testPostPayUsingTRACE_1
2024-09-22 21:07:31,733 [main] INFO  [c.b.cloud.order.admin.BizSpringOrderApplication] StartupInfoLogger.java:61 - Started BizSpringOrderApplication in 34.983 seconds (JVM running for 42.907)
2024-09-22 21:07:31,748 [main] INFO  [com.alibaba.nacos.client.config.impl.ClientWorker] ClientWorker.java:239 - [fixed-bizspring-module-nacos_8878] [subscribe] bizspring-order-dev.yml+DEFAULT_GROUP
2024-09-22 21:07:31,751 [main] INFO  [com.alibaba.nacos.client.config.impl.CacheData] CacheData.java:93 - [fixed-bizspring-module-nacos_8878] [add-listener] ok, tenant=, dataId=bizspring-order-dev.yml, group=DEFAULT_GROUP, cnt=1
2024-09-22 21:07:31,752 [main] INFO  [com.alibaba.nacos.client.config.impl.ClientWorker] ClientWorker.java:239 - [fixed-bizspring-module-nacos_8878] [subscribe] bizspring-order.yml+DEFAULT_GROUP
2024-09-22 21:07:31,752 [main] INFO  [com.alibaba.nacos.client.config.impl.CacheData] CacheData.java:93 - [fixed-bizspring-module-nacos_8878] [add-listener] ok, tenant=, dataId=bizspring-order.yml, group=DEFAULT_GROUP, cnt=1
2024-09-22 21:07:31,752 [main] INFO  [com.alibaba.nacos.client.config.impl.ClientWorker] ClientWorker.java:239 - [fixed-bizspring-module-nacos_8878] [subscribe] bizspring-order+DEFAULT_GROUP
2024-09-22 21:07:31,752 [main] INFO  [com.alibaba.nacos.client.config.impl.CacheData] CacheData.java:93 - [fixed-bizspring-module-nacos_8878] [add-listener] ok, tenant=, dataId=bizspring-order, group=DEFAULT_GROUP, cnt=1
2024-09-22 21:07:32,446 [RMI TCP Connection(1)-192.168.2.2] INFO  [o.a.c.core.ContainerBase.[Tomcat].[localhost].[/]] DirectJDKLog.java:173 - Initializing Spring DispatcherServlet 'dispatcherServlet'
2024-09-22 21:07:32,447 [RMI TCP Connection(1)-192.168.2.2] INFO  [org.springframework.web.servlet.DispatcherServlet] FrameworkServlet.java:525 - Initializing Servlet 'dispatcherServlet'
2024-09-22 21:07:32,465 [RMI TCP Connection(1)-192.168.2.2] INFO  [org.springframework.web.servlet.DispatcherServlet] FrameworkServlet.java:547 - Completed initialization in 18 ms
2024-09-22 21:09:52,788 [Thread-74] WARN  [com.alibaba.nacos.common.notify.NotifyCenter] NotifyCenter.java:145 - [NotifyCenter] Start destroying Publisher
2024-09-22 21:09:52,788 [Thread-24] WARN  [com.alibaba.nacos.common.http.HttpClientBeanHolder] HttpClientBeanHolder.java:108 - [HttpClientBeanHolder] Start destroying common HttpClient
2024-09-22 21:09:52,788 [Thread-74] WARN  [com.alibaba.nacos.common.notify.NotifyCenter] NotifyCenter.java:162 - [NotifyCenter] Destruction of the end
2024-09-22 21:09:52,798 [Thread-24] WARN  [com.alibaba.nacos.common.http.HttpClientBeanHolder] HttpClientBeanHolder.java:114 - [HttpClientBeanHolder] Destruction of the end
2024-09-22 21:09:53,084 [SpringContextShutdownHook] INFO  [o.s.scheduling.concurrent.ThreadPoolTaskScheduler] ExecutorConfigurationSupport.java:218 - Shutting down ExecutorService 'Nacos-Watch-Task-Scheduler'
2024-09-22 21:09:55,178 [SpringContextShutdownHook] INFO  [c.a.cloud.nacos.registry.NacosServiceRegistry] NacosServiceRegistry.java:90 - De-registering from Nacos Server now...
2024-09-22 21:09:55,180 [SpringContextShutdownHook] INFO  [c.a.cloud.nacos.registry.NacosServiceRegistry] NacosServiceRegistry.java:110 - De-registration finished.
2024-09-22 21:10:01,929 [SpringContextShutdownHook] INFO  [c.alibaba.nacos.client.identify.CredentialWatcher] CredentialWatcher.java:105 - [null] CredentialWatcher is stopped
2024-09-22 21:10:01,930 [SpringContextShutdownHook] INFO  [c.alibaba.nacos.client.identify.CredentialService] CredentialService.java:98 - [null] CredentialService is freed
2024-09-22 21:10:01,932 [SpringContextShutdownHook] INFO  [o.s.scheduling.concurrent.ThreadPoolTaskExecutor] ExecutorConfigurationSupport.java:218 - Shutting down ExecutorService 'applicationTaskExecutor'
2024-09-22 21:10:01,937 [SpringContextShutdownHook] WARN  [o.s.beans.factory.support.DisposableBeanAdapter] DisposableBeanAdapter.java:349 - Destroy method 'close' on bean with name 'nacosServiceRegistry' threw an exception: java.lang.NullPointerException
2024-09-22 21:10:01,940 [SpringContextShutdownHook] INFO  [c.alibaba.nacos.client.config.http.ServerHttpAgent] ServerHttpAgent.java:453 - com.alibaba.nacos.client.config.http.ServerHttpAgent do shutdown begin
2024-09-22 21:10:01,941 [SpringContextShutdownHook] INFO  [c.alibaba.nacos.client.config.http.ServerHttpAgent] ServerHttpAgent.java:457 - com.alibaba.nacos.client.config.http.ServerHttpAgent do shutdown stop
2024-09-22 21:10:01,941 [SpringContextShutdownHook] INFO  [com.alibaba.nacos.client.config.impl.ClientWorker] ClientWorker.java:560 - com.alibaba.nacos.client.config.impl.ClientWorker do shutdown begin
2024-09-22 21:10:04,975 [SpringContextShutdownHook] INFO  [com.alibaba.nacos.client.config.impl.ClientWorker] ClientWorker.java:563 - com.alibaba.nacos.client.config.impl.ClientWorker do shutdown stop
2024-09-22 21:10:04,990 [SpringContextShutdownHook] INFO  [com.alibaba.druid.pool.DruidDataSource] DruidDataSource.java:2032 - {dataSource-1} closing ...
2024-09-22 21:10:05,001 [SpringContextShutdownHook] INFO  [com.alibaba.druid.pool.DruidDataSource] DruidDataSource.java:2104 - {dataSource-1} closed
