2024-09-22 21:07:03,327 [background-preinit] INFO  [org.hibernate.validator.internal.util.Version] Version.java:21 - HV000001: Hibernate Validator 6.1.5.Final
2024-09-22 21:07:05,100 [main] INFO  [c.u.j.c.EnableEncryptablePropertiesBeanFactoryPostProcessor] EnableEncryptablePropertiesBeanFactoryPostProcessor.java:50 - Post-processing PropertySource instances
2024-09-22 21:07:05,268 [main] INFO  [c.u.j.EncryptablePropertySourceConverter] EncryptablePropertySourceConverter.java:39 - Converting PropertySource configurationProperties [org.springframework.boot.context.properties.source.ConfigurationPropertySourcesPropertySource] to AOP Proxy
2024-09-22 21:07:05,270 [main] INFO  [c.u.j.EncryptablePropertySourceConverter] EncryptablePropertySourceConverter.java:39 - Converting PropertySource bootstrap [org.springframework.core.env.MapPropertySource] to EncryptableMapPropertySourceWrapper
2024-09-22 21:07:05,280 [main] INFO  [c.u.j.EncryptablePropertySourceConverter] EncryptablePropertySourceConverter.java:39 - Converting PropertySource systemProperties [org.springframework.core.env.PropertiesPropertySource] to EncryptableMapPropertySourceWrapper
2024-09-22 21:07:05,280 [main] INFO  [c.u.j.EncryptablePropertySourceConverter] EncryptablePropertySourceConverter.java:39 - Converting PropertySource systemEnvironment [org.springframework.boot.env.SystemEnvironmentPropertySourceEnvironmentPostProcessor$OriginAwareSystemEnvironmentPropertySource] to EncryptableMapPropertySourceWrapper
2024-09-22 21:07:05,282 [main] INFO  [c.u.j.EncryptablePropertySourceConverter] EncryptablePropertySourceConverter.java:39 - Converting PropertySource random [org.springframework.boot.env.RandomValuePropertySource] to EncryptablePropertySourceWrapper
2024-09-22 21:07:05,282 [main] INFO  [c.u.j.EncryptablePropertySourceConverter] EncryptablePropertySourceConverter.java:39 - Converting PropertySource springCloudClientHostInfo [org.springframework.core.env.MapPropertySource] to EncryptableMapPropertySourceWrapper
2024-09-22 21:07:05,283 [main] INFO  [c.u.j.EncryptablePropertySourceConverter] EncryptablePropertySourceConverter.java:39 - Converting PropertySource applicationConfig: [classpath:/bootstrap.yml] [org.springframework.boot.env.OriginTrackedMapPropertySource] to EncryptableMapPropertySourceWrapper
2024-09-22 21:07:05,419 [main] INFO  [c.u.j.filter.DefaultLazyPropertyFilter] DefaultLazyPropertyFilter.java:31 - Property Filter custom Bean not found with name 'encryptablePropertyFilter'. Initializing Default Property Filter
2024-09-22 21:07:05,428 [main] INFO  [c.u.j.resolver.DefaultLazyPropertyResolver] DefaultLazyPropertyResolver.java:31 - Property Resolver custom Bean not found with name 'encryptablePropertyResolver'. Initializing Default Property Resolver
2024-09-22 21:07:05,431 [main] INFO  [c.u.j.detector.DefaultLazyPropertyDetector] DefaultLazyPropertyDetector.java:30 - Property Detector custom Bean not found with name 'encryptablePropertyDetector'. Initializing Default Property Detector
2024-09-22 21:07:07,001 [main] INFO  [c.a.n.client.config.impl.LocalConfigInfoProcessor] LocalConfigInfoProcessor.java:212 - LOCAL_SNAPSHOT_PATH:C:\Users\Administrator\nacos\config
2024-09-22 21:07:07,107 [main] INFO  [com.alibaba.nacos.client.config.impl.Limiter] Limiter.java:54 - limitTime:5.0
2024-09-22 21:07:07,179 [main] INFO  [com.alibaba.nacos.client.config.utils.JvmUtil] JvmUtil.java:49 - isMultiInstance:false
2024-09-22 21:07:07,210 [main] WARN  [c.a.cloud.nacos.client.NacosPropertySourceBuilder] NacosPropertySourceBuilder.java:87 - Ignore the empty nacos configuration and get it based on dataId[bizspring-store] & group[DEFAULT_GROUP]
2024-09-22 21:07:07,214 [main] WARN  [c.a.cloud.nacos.client.NacosPropertySourceBuilder] NacosPropertySourceBuilder.java:87 - Ignore the empty nacos configuration and get it based on dataId[bizspring-store.yml] & group[DEFAULT_GROUP]
2024-09-22 21:07:07,228 [main] INFO  [o.s.c.b.c.PropertySourceBootstrapConfiguration] PropertySourceBootstrapConfiguration.java:112 - Located property source: [BootstrapPropertySource {name='bootstrapProperties-bizspring-store-dev.yml,DEFAULT_GROUP'}, BootstrapPropertySource {name='bootstrapProperties-bizspring-store.yml,DEFAULT_GROUP'}, BootstrapPropertySource {name='bootstrapProperties-bizspring-store,DEFAULT_GROUP'}, BootstrapPropertySource {name='bootstrapProperties-application-dev.yml,DEFAULT_GROUP'}]
2024-09-22 21:07:07,300 [main] INFO  [c.u.j.c.EnableEncryptablePropertiesConfiguration] EnableEncryptablePropertiesConfiguration.java:72 - Bootstraping jasypt-string-boot auto configuration in context: bizspring-store-1
2024-09-22 21:07:07,301 [main] INFO  [c.b.cloud.store.admin.BizSpringStoreApplication] SpringApplication.java:655 - The following profiles are active: dev
2024-09-22 21:07:10,553 [main] INFO  [o.s.context.annotation.AutoProxyRegistrar] AutoProxyRegistrar.java:83 - AutoProxyRegistrar was imported but no annotations were found having both 'mode' and 'proxyTargetClass' attributes of type AdviceMode and boolean respectively. This means that auto proxy creator registration and configuration may not have occurred as intended, and components may not be proxied as expected. Check to ensure that AutoProxyRegistrar has been @Import'ed on the same class where these annotations are declared; otherwise remove the import of AutoProxyRegistrar altogether.
2024-09-22 21:07:12,204 [main] INFO  [o.s.d.r.config.RepositoryConfigurationDelegate] RepositoryConfigurationDelegate.java:249 - Multiple Spring Data modules found, entering strict repository configuration mode!
2024-09-22 21:07:12,209 [main] INFO  [o.s.d.r.config.RepositoryConfigurationDelegate] RepositoryConfigurationDelegate.java:127 - Bootstrapping Spring Data Elasticsearch repositories in DEFAULT mode.
2024-09-22 21:07:12,408 [main] INFO  [o.s.d.r.config.RepositoryConfigurationDelegate] RepositoryConfigurationDelegate.java:187 - Finished Spring Data repository scanning in 176ms. Found 1 Elasticsearch repository interfaces.
2024-09-22 21:07:12,420 [main] INFO  [o.s.d.r.config.RepositoryConfigurationDelegate] RepositoryConfigurationDelegate.java:249 - Multiple Spring Data modules found, entering strict repository configuration mode!
2024-09-22 21:07:12,421 [main] INFO  [o.s.d.r.config.RepositoryConfigurationDelegate] RepositoryConfigurationDelegate.java:127 - Bootstrapping Spring Data Reactive Elasticsearch repositories in DEFAULT mode.
2024-09-22 21:07:12,443 [main] INFO  [o.s.d.r.config.RepositoryConfigurationDelegate] RepositoryConfigurationDelegate.java:187 - Finished Spring Data repository scanning in 21ms. Found 0 Reactive Elasticsearch repository interfaces.
2024-09-22 21:07:12,465 [main] INFO  [o.s.d.r.config.RepositoryConfigurationDelegate] RepositoryConfigurationDelegate.java:249 - Multiple Spring Data modules found, entering strict repository configuration mode!
2024-09-22 21:07:12,467 [main] INFO  [o.s.d.r.config.RepositoryConfigurationDelegate] RepositoryConfigurationDelegate.java:127 - Bootstrapping Spring Data Redis repositories in DEFAULT mode.
2024-09-22 21:07:12,510 [main] INFO  [o.s.d.r.c.RepositoryConfigurationExtensionSupport] RepositoryConfigurationExtensionSupport.java:348 - Spring Data Redis - Could not safely identify store assignment for repository candidate interface cn.bizspring.cloud.store.admin.repository.StoreRepository. If you want this repository to be a Redis repository, consider annotating your entities with one of these annotations: org.springframework.data.redis.core.RedisHash (preferred), or consider extending one of the following types with your repository: org.springframework.data.keyvalue.repository.KeyValueRepository.
2024-09-22 21:07:12,510 [main] INFO  [o.s.d.r.config.RepositoryConfigurationDelegate] RepositoryConfigurationDelegate.java:187 - Finished Spring Data repository scanning in 18ms. Found 0 Redis repository interfaces.
2024-09-22 21:07:12,847 [main] WARN  [o.springframework.boot.actuate.endpoint.EndpointId] EndpointId.java:155 - Endpoint ID 'service-registry' contains invalid characters, please migrate to a valid format.
2024-09-22 21:07:13,501 [main] INFO  [o.springframework.cloud.context.scope.GenericScope] GenericScope.java:295 - BeanFactory id=a3d54389-7443-3742-9389-a54e20ddebd4
2024-09-22 21:07:13,579 [main] INFO  [c.u.j.c.EnableEncryptablePropertiesBeanFactoryPostProcessor] EnableEncryptablePropertiesBeanFactoryPostProcessor.java:50 - Post-processing PropertySource instances
2024-09-22 21:07:13,602 [main] INFO  [c.u.j.EncryptablePropertySourceConverter] EncryptablePropertySourceConverter.java:39 - Converting PropertySource bootstrapProperties-bizspring-store-dev.yml,DEFAULT_GROUP [org.springframework.cloud.bootstrap.config.BootstrapPropertySource] to EncryptableEnumerablePropertySourceWrapper
2024-09-22 21:07:13,603 [main] INFO  [c.u.j.EncryptablePropertySourceConverter] EncryptablePropertySourceConverter.java:39 - Converting PropertySource bootstrapProperties-bizspring-store.yml,DEFAULT_GROUP [org.springframework.cloud.bootstrap.config.BootstrapPropertySource] to EncryptableEnumerablePropertySourceWrapper
2024-09-22 21:07:13,603 [main] INFO  [c.u.j.EncryptablePropertySourceConverter] EncryptablePropertySourceConverter.java:39 - Converting PropertySource bootstrapProperties-bizspring-store,DEFAULT_GROUP [org.springframework.cloud.bootstrap.config.BootstrapPropertySource] to EncryptableEnumerablePropertySourceWrapper
2024-09-22 21:07:13,604 [main] INFO  [c.u.j.EncryptablePropertySourceConverter] EncryptablePropertySourceConverter.java:39 - Converting PropertySource bootstrapProperties-application-dev.yml,DEFAULT_GROUP [org.springframework.cloud.bootstrap.config.BootstrapPropertySource] to EncryptableEnumerablePropertySourceWrapper
2024-09-22 21:07:13,605 [main] INFO  [c.u.j.EncryptablePropertySourceConverter] EncryptablePropertySourceConverter.java:39 - Converting PropertySource configurationProperties [org.springframework.boot.context.properties.source.ConfigurationPropertySourcesPropertySource] to AOP Proxy
2024-09-22 21:07:13,605 [main] INFO  [c.u.j.EncryptablePropertySourceConverter] EncryptablePropertySourceConverter.java:39 - Converting PropertySource servletConfigInitParams [org.springframework.core.env.PropertySource$StubPropertySource] to EncryptablePropertySourceWrapper
2024-09-22 21:07:13,605 [main] INFO  [c.u.j.EncryptablePropertySourceConverter] EncryptablePropertySourceConverter.java:39 - Converting PropertySource servletContextInitParams [org.springframework.core.env.PropertySource$StubPropertySource] to EncryptablePropertySourceWrapper
2024-09-22 21:07:13,605 [main] INFO  [c.u.j.EncryptablePropertySourceConverter] EncryptablePropertySourceConverter.java:39 - Converting PropertySource systemProperties [org.springframework.core.env.PropertiesPropertySource] to EncryptableMapPropertySourceWrapper
2024-09-22 21:07:13,607 [main] INFO  [c.u.j.EncryptablePropertySourceConverter] EncryptablePropertySourceConverter.java:39 - Converting PropertySource systemEnvironment [org.springframework.boot.env.SystemEnvironmentPropertySourceEnvironmentPostProcessor$OriginAwareSystemEnvironmentPropertySource] to EncryptableMapPropertySourceWrapper
2024-09-22 21:07:13,607 [main] INFO  [c.u.j.EncryptablePropertySourceConverter] EncryptablePropertySourceConverter.java:39 - Converting PropertySource random [org.springframework.boot.env.RandomValuePropertySource] to EncryptablePropertySourceWrapper
2024-09-22 21:07:13,607 [main] INFO  [c.u.j.EncryptablePropertySourceConverter] EncryptablePropertySourceConverter.java:39 - Converting PropertySource springCloudClientHostInfo [org.springframework.core.env.MapPropertySource] to EncryptableMapPropertySourceWrapper
2024-09-22 21:07:13,607 [main] INFO  [c.u.j.EncryptablePropertySourceConverter] EncryptablePropertySourceConverter.java:39 - Converting PropertySource springCloudDefaultProperties [org.springframework.core.env.MapPropertySource] to EncryptableMapPropertySourceWrapper
2024-09-22 21:07:13,607 [main] INFO  [c.u.j.EncryptablePropertySourceConverter] EncryptablePropertySourceConverter.java:39 - Converting PropertySource cachedrandom [org.springframework.cloud.util.random.CachedRandomPropertySource] to EncryptablePropertySourceWrapper
2024-09-22 21:07:13,631 [main] INFO  [c.u.j.filter.DefaultLazyPropertyFilter] DefaultLazyPropertyFilter.java:31 - Property Filter custom Bean not found with name 'encryptablePropertyFilter'. Initializing Default Property Filter
2024-09-22 21:07:14,313 [main] INFO  [o.s.c.s.PostProcessorRegistrationDelegate$BeanPostProcessorChecker] PostProcessorRegistrationDelegate.java:335 - Bean 'org.springframework.security.access.expression.method.DefaultMethodSecurityExpressionHandler@245ff3b1' of type [org.springframework.security.oauth2.provider.expression.OAuth2MethodSecurityExpressionHandler] is not eligible for getting processed by all BeanPostProcessors (for example: not eligible for auto-proxying)
2024-09-22 21:07:14,341 [main] INFO  [o.s.c.s.PostProcessorRegistrationDelegate$BeanPostProcessorChecker] PostProcessorRegistrationDelegate.java:335 - Bean 'methodSecurityMetadataSource' of type [org.springframework.security.access.method.DelegatingMethodSecurityMetadataSource] is not eligible for getting processed by all BeanPostProcessors (for example: not eligible for auto-proxying)
2024-09-22 21:07:14,364 [main] INFO  [c.u.j.resolver.DefaultLazyPropertyResolver] DefaultLazyPropertyResolver.java:31 - Property Resolver custom Bean not found with name 'encryptablePropertyResolver'. Initializing Default Property Resolver
2024-09-22 21:07:14,365 [main] INFO  [c.u.j.detector.DefaultLazyPropertyDetector] DefaultLazyPropertyDetector.java:30 - Property Detector custom Bean not found with name 'encryptablePropertyDetector'. Initializing Default Property Detector
2024-09-22 21:07:14,474 [main] INFO  [o.s.c.s.PostProcessorRegistrationDelegate$BeanPostProcessorChecker] PostProcessorRegistrationDelegate.java:335 - Bean 'spring.cloud.sentinel-com.alibaba.cloud.sentinel.SentinelProperties' of type [com.alibaba.cloud.sentinel.SentinelProperties] is not eligible for getting processed by all BeanPostProcessors (for example: not eligible for auto-proxying)
2024-09-22 21:07:14,573 [main] INFO  [o.s.c.s.PostProcessorRegistrationDelegate$BeanPostProcessorChecker] PostProcessorRegistrationDelegate.java:335 - Bean 'com.alibaba.cloud.sentinel.custom.SentinelAutoConfiguration' of type [com.alibaba.cloud.sentinel.custom.SentinelAutoConfiguration] is not eligible for getting processed by all BeanPostProcessors (for example: not eligible for auto-proxying)
2024-09-22 21:07:14,618 [main] INFO  [o.s.c.s.PostProcessorRegistrationDelegate$BeanPostProcessorChecker] PostProcessorRegistrationDelegate.java:335 - Bean 'org.springframework.cloud.client.loadbalancer.reactive.LoadBalancerBeanPostProcessorAutoConfiguration' of type [org.springframework.cloud.client.loadbalancer.reactive.LoadBalancerBeanPostProcessorAutoConfiguration] is not eligible for getting processed by all BeanPostProcessors (for example: not eligible for auto-proxying)
2024-09-22 21:07:14,625 [main] INFO  [o.s.c.s.PostProcessorRegistrationDelegate$BeanPostProcessorChecker] PostProcessorRegistrationDelegate.java:335 - Bean 'org.springframework.cloud.client.loadbalancer.reactive.LoadBalancerBeanPostProcessorAutoConfiguration$ReactiveLoadBalancerConfig' of type [org.springframework.cloud.client.loadbalancer.reactive.LoadBalancerBeanPostProcessorAutoConfiguration$ReactiveLoadBalancerConfig] is not eligible for getting processed by all BeanPostProcessors (for example: not eligible for auto-proxying)
2024-09-22 21:07:14,631 [main] INFO  [o.s.c.s.PostProcessorRegistrationDelegate$BeanPostProcessorChecker] PostProcessorRegistrationDelegate.java:335 - Bean 'deferringLoadBalancerExchangeFilterFunction' of type [org.springframework.cloud.client.loadbalancer.reactive.DeferringLoadBalancerExchangeFilterFunction] is not eligible for getting processed by all BeanPostProcessors (for example: not eligible for auto-proxying)
2024-09-22 21:07:15,625 [main] INFO  [o.s.boot.web.embedded.tomcat.TomcatWebServer] TomcatWebServer.java:108 - Tomcat initialized with port(s): 5579 (http)
2024-09-22 21:07:15,685 [main] INFO  [org.apache.coyote.http11.Http11NioProtocol] DirectJDKLog.java:173 - Initializing ProtocolHandler ["http-nio-5579"]
2024-09-22 21:07:15,687 [main] INFO  [org.apache.catalina.core.StandardService] DirectJDKLog.java:173 - Starting service [Tomcat]
2024-09-22 21:07:15,687 [main] INFO  [org.apache.catalina.core.StandardEngine] DirectJDKLog.java:173 - Starting Servlet engine: [Apache Tomcat/9.0.38]
2024-09-22 21:07:16,087 [main] INFO  [o.a.c.core.ContainerBase.[Tomcat].[localhost].[/]] DirectJDKLog.java:173 - Initializing Spring embedded WebApplicationContext
2024-09-22 21:07:16,088 [main] INFO  [o.s.b.w.s.c.ServletWebServerApplicationContext] ServletWebServerApplicationContext.java:285 - Root WebApplicationContext: initialization completed in 8681 ms
2024-09-22 21:07:17,343 [main] INFO  [c.a.d.s.b.a.DruidDataSourceAutoConfigure] DruidDataSourceAutoConfigure.java:56 - Init DruidDataSource
2024-09-22 21:07:17,632 [main] INFO  [com.alibaba.druid.pool.DruidDataSource] DruidDataSource.java:985 - {dataSource-1} inited
2024-09-22 21:07:18,778 [main] WARN  [c.b.mybatisplus.core.injector.AbstractMethod] AbstractMethod.java:324 - [cn.bizspring.cloud.store.admin.mapper.DefaultFreightMapper.update] Has been loaded by XML or SqlProvider or Mybatis's Annotation, so ignoring this injection for [class com.baomidou.mybatisplus.core.injector.methods.Update]
2024-09-22 21:07:18,870 [main] WARN  [c.b.mybatisplus.core.injector.AbstractMethod] AbstractMethod.java:324 - [cn.bizspring.cloud.store.admin.mapper.ExpressCompanyMapper.update] Has been loaded by XML or SqlProvider or Mybatis's Annotation, so ignoring this injection for [class com.baomidou.mybatisplus.core.injector.methods.Update]
2024-09-22 21:07:18,903 [main] WARN  [c.b.mybatisplus.core.injector.AbstractMethod] AbstractMethod.java:324 - [cn.bizspring.cloud.store.admin.mapper.ExpressCompanyMapper.selectPage] Has been loaded by XML or SqlProvider or Mybatis's Annotation, so ignoring this injection for [class com.baomidou.mybatisplus.core.injector.methods.SelectPage]
2024-09-22 21:07:18,996 [main] WARN  [c.b.mybatisplus.core.injector.AbstractMethod] AbstractMethod.java:324 - [cn.bizspring.cloud.store.admin.mapper.PaymentPatternMapper.update] Has been loaded by XML or SqlProvider or Mybatis's Annotation, so ignoring this injection for [class com.baomidou.mybatisplus.core.injector.methods.Update]
2024-09-22 21:07:19,027 [main] WARN  [c.b.mybatisplus.core.injector.AbstractMethod] AbstractMethod.java:324 - [cn.bizspring.cloud.store.admin.mapper.PaymentPatternMapper.selectPage] Has been loaded by XML or SqlProvider or Mybatis's Annotation, so ignoring this injection for [class com.baomidou.mybatisplus.core.injector.methods.SelectPage]
2024-09-22 21:07:19,065 [main] WARN  [c.b.mybatisplus.core.injector.AbstractMethod] AbstractMethod.java:324 - [cn.bizspring.cloud.store.admin.mapper.RegionFreightMapper.update] Has been loaded by XML or SqlProvider or Mybatis's Annotation, so ignoring this injection for [class com.baomidou.mybatisplus.core.injector.methods.Update]
2024-09-22 21:07:19,113 [main] WARN  [c.b.mybatisplus.core.injector.AbstractMethod] AbstractMethod.java:324 - [cn.bizspring.cloud.store.admin.mapper.ShippingMethodMapper.delete] Has been loaded by XML or SqlProvider or Mybatis's Annotation, so ignoring this injection for [class com.baomidou.mybatisplus.core.injector.methods.Delete]
2024-09-22 21:07:19,122 [main] WARN  [c.b.mybatisplus.core.injector.AbstractMethod] AbstractMethod.java:324 - [cn.bizspring.cloud.store.admin.mapper.ShippingMethodMapper.update] Has been loaded by XML or SqlProvider or Mybatis's Annotation, so ignoring this injection for [class com.baomidou.mybatisplus.core.injector.methods.Update]
2024-09-22 21:07:19,145 [main] WARN  [c.b.mybatisplus.core.injector.AbstractMethod] AbstractMethod.java:324 - [cn.bizspring.cloud.store.admin.mapper.ShippingMethodMapper.selectPage] Has been loaded by XML or SqlProvider or Mybatis's Annotation, so ignoring this injection for [class com.baomidou.mybatisplus.core.injector.methods.SelectPage]
2024-09-22 21:07:19,182 [main] WARN  [c.b.mybatisplus.core.injector.AbstractMethod] AbstractMethod.java:324 - [cn.bizspring.cloud.store.admin.mapper.StoreCategoryMapper.update] Has been loaded by XML or SqlProvider or Mybatis's Annotation, so ignoring this injection for [class com.baomidou.mybatisplus.core.injector.methods.Update]
2024-09-22 21:07:19,211 [main] WARN  [c.b.mybatisplus.core.injector.AbstractMethod] AbstractMethod.java:324 - [cn.bizspring.cloud.store.admin.mapper.StoreCategoryMapper.selectPage] Has been loaded by XML or SqlProvider or Mybatis's Annotation, so ignoring this injection for [class com.baomidou.mybatisplus.core.injector.methods.SelectPage]
2024-09-22 21:07:19,245 [main] WARN  [c.b.mybatisplus.core.injector.AbstractMethod] AbstractMethod.java:324 - [cn.bizspring.cloud.store.admin.mapper.StoreGoodsCategoryMapper.update] Has been loaded by XML or SqlProvider or Mybatis's Annotation, so ignoring this injection for [class com.baomidou.mybatisplus.core.injector.methods.Update]
2024-09-22 21:07:19,328 [main] WARN  [c.b.mybatisplus.core.injector.AbstractMethod] AbstractMethod.java:324 - [cn.bizspring.cloud.store.admin.mapper.StoreMapper.update] Has been loaded by XML or SqlProvider or Mybatis's Annotation, so ignoring this injection for [class com.baomidou.mybatisplus.core.injector.methods.Update]
2024-09-22 21:07:20,326 [main] WARN  [c.baomidou.mybatisplus.core.toolkit.ReflectionKit] ReflectionKit.java:112 - Warn: Index: 1, Size of StoreServiceImpl's Parameterized Type: 1 .
2024-09-22 21:07:20,421 [main] WARN  [c.baomidou.mybatisplus.core.toolkit.ReflectionKit] ReflectionKit.java:112 - Warn: Index: 1, Size of StoreCategoryServiceImpl's Parameterized Type: 1 .
2024-09-22 21:07:21,190 [main] WARN  [c.baomidou.mybatisplus.core.toolkit.ReflectionKit] ReflectionKit.java:112 - Warn: Index: 1, Size of RegionFreightServiceImpl's Parameterized Type: 1 .
2024-09-22 21:07:21,269 [main] WARN  [c.baomidou.mybatisplus.core.toolkit.ReflectionKit] ReflectionKit.java:112 - Warn: Index: 1, Size of ShippingMethodServiceImpl's Parameterized Type: 1 .
2024-09-22 21:07:21,321 [main] WARN  [c.baomidou.mybatisplus.core.toolkit.ReflectionKit] ReflectionKit.java:112 - Warn: Index: 1, Size of DefaultFreightServiceImpl's Parameterized Type: 1 .
2024-09-22 21:07:21,381 [main] WARN  [c.baomidou.mybatisplus.core.toolkit.ReflectionKit] ReflectionKit.java:112 - Warn: Index: 1, Size of StoreGoodsCategoryServiceImpl's Parameterized Type: 1 .
2024-09-22 21:07:21,457 [main] WARN  [c.baomidou.mybatisplus.core.toolkit.ReflectionKit] ReflectionKit.java:112 - Warn: Index: 1, Size of ExpressCompanyServiceImpl's Parameterized Type: 1 .
2024-09-22 21:07:21,521 [main] WARN  [c.baomidou.mybatisplus.core.toolkit.ReflectionKit] ReflectionKit.java:112 - Warn: Index: 1, Size of GoodsCategoryStoreServiceImpl's Parameterized Type: 1 .
2024-09-22 21:07:21,563 [main] WARN  [c.baomidou.mybatisplus.core.toolkit.ReflectionKit] ReflectionKit.java:112 - Warn: Index: 1, Size of PaymentPatternServiceImpl's Parameterized Type: 1 .
2024-09-22 21:07:22,373 [main] WARN  [org.springframework.data.convert.CustomConversions] CustomConversions.java:273 - Registering converter from class org.springframework.data.geo.Point to interface java.util.Map as writing converter although it doesn't convert to a store-supported type! You might want to check your annotation setup at the converter implementation.
2024-09-22 21:07:22,373 [main] WARN  [org.springframework.data.convert.CustomConversions] CustomConversions.java:263 - Registering converter from interface java.util.Map to class org.springframework.data.geo.Point as reading converter although it doesn't convert from a store-supported type! You might want to check your annotation setup at the converter implementation.
2024-09-22 21:07:22,374 [main] WARN  [org.springframework.data.convert.CustomConversions] CustomConversions.java:273 - Registering converter from class org.springframework.data.elasticsearch.core.geo.GeoPoint to interface java.util.Map as writing converter although it doesn't convert to a store-supported type! You might want to check your annotation setup at the converter implementation.
2024-09-22 21:07:22,374 [main] WARN  [org.springframework.data.convert.CustomConversions] CustomConversions.java:263 - Registering converter from interface java.util.Map to class org.springframework.data.elasticsearch.core.geo.GeoPoint as reading converter although it doesn't convert from a store-supported type! You might want to check your annotation setup at the converter implementation.
2024-09-22 21:07:22,617 [main] INFO  [o.s.data.elasticsearch.support.VersionInfo] VersionInfo.java:59 - Version Spring Data Elasticsearch: 4.0.4.RELEASE
2024-09-22 21:07:22,617 [main] INFO  [o.s.data.elasticsearch.support.VersionInfo] VersionInfo.java:60 - Version Elasticsearch Client in build: 7.6.2
2024-09-22 21:07:22,617 [main] INFO  [o.s.data.elasticsearch.support.VersionInfo] VersionInfo.java:61 - Version Elasticsearch Client used: 7.6.2
2024-09-22 21:07:22,618 [main] INFO  [o.s.data.elasticsearch.support.VersionInfo] VersionInfo.java:69 - Version Elasticsearch cluster: 7.6.2
2024-09-22 21:07:23,218 [main] INFO  [c.a.cloud.sentinel.SentinelWebAutoConfiguration] SentinelWebAutoConfiguration.java:80 - [Sentinel Starter] register SentinelWebInterceptor with urlPatterns: [/**].
2024-09-22 21:07:25,360 [main] INFO  [o.s.b.actuate.endpoint.web.EndpointLinksResolver] EndpointLinksResolver.java:58 - Exposing 20 endpoint(s) beneath base path '/actuator'
2024-09-22 21:07:25,702 [main] INFO  [s.d.s.w.PropertySourcedRequestMappingHandlerMapping] PropertySourcedRequestMappingHandlerMapping.java:69 - Mapped URL path [/v2/api-docs] onto method [springfox.documentation.swagger2.web.Swagger2Controller#getDocumentation(String, HttpServletRequest)]
2024-09-22 21:07:25,959 [main] WARN  [com.netflix.config.sources.URLConfigurationSource] URLConfigurationSource.java:121 - No URLs will be polled as dynamic configuration sources.
2024-09-22 21:07:25,960 [main] INFO  [com.netflix.config.sources.URLConfigurationSource] URLConfigurationSource.java:122 - To enable URLs as dynamic configuration sources, define System property archaius.configurationSource.additionalUrls or make config.properties available on classpath.
2024-09-22 21:07:25,970 [main] WARN  [com.netflix.config.sources.URLConfigurationSource] URLConfigurationSource.java:121 - No URLs will be polled as dynamic configuration sources.
2024-09-22 21:07:25,970 [main] INFO  [com.netflix.config.sources.URLConfigurationSource] URLConfigurationSource.java:122 - To enable URLs as dynamic configuration sources, define System property archaius.configurationSource.additionalUrls or make config.properties available on classpath.
2024-09-22 21:07:26,211 [main] INFO  [o.s.scheduling.concurrent.ThreadPoolTaskExecutor] ExecutorConfigurationSupport.java:181 - Initializing ExecutorService 'applicationTaskExecutor'
2024-09-22 21:07:26,743 [main] INFO  [o.s.scheduling.concurrent.ThreadPoolTaskScheduler] ExecutorConfigurationSupport.java:181 - Initializing ExecutorService 'Nacos-Watch-Task-Scheduler'
2024-09-22 21:07:29,206 [main] INFO  [o.s.security.web.DefaultSecurityFilterChain] DefaultSecurityFilterChain.java:43 - Creating filter chain: any request, [org.springframework.security.web.context.request.async.WebAsyncManagerIntegrationFilter@6f66006, org.springframework.security.web.context.SecurityContextPersistenceFilter@7feae5bf, org.springframework.security.web.header.HeaderWriterFilter@1cea97f3, org.springframework.security.web.authentication.logout.LogoutFilter@79587517, org.springframework.security.oauth2.provider.authentication.OAuth2AuthenticationProcessingFilter@78c4e941, org.springframework.security.web.savedrequest.RequestCacheAwareFilter@2e11d27e, org.springframework.security.web.servletapi.SecurityContextHolderAwareRequestFilter@6980db59, org.springframework.security.web.authentication.AnonymousAuthenticationFilter@5481fd4f, org.springframework.security.web.session.SessionManagementFilter@7ea7ad33, org.springframework.security.web.access.ExceptionTranslationFilter@2c3e520a, org.springframework.security.web.access.intercept.FilterSecurityInterceptor@7bf0689d]
2024-09-22 21:07:31,353 [main] WARN  [o.s.c.s.o.SpringCloudSecurityAutoConfiguration] SpringCloudSecurityAutoConfiguration.java:38 - All Spring Cloud Security modules and starters are deprecated. They will be moved to individual projects in the next major release.
2024-09-22 21:07:31,710 [main] INFO  [org.apache.coyote.http11.Http11NioProtocol] DirectJDKLog.java:173 - Starting ProtocolHandler ["http-nio-5579"]
2024-09-22 21:07:31,748 [main] INFO  [o.s.boot.web.embedded.tomcat.TomcatWebServer] TomcatWebServer.java:220 - Tomcat started on port(s): 5579 (http) with context path ''
2024-09-22 21:07:32,518 [main] INFO  [c.a.cloud.nacos.registry.NacosServiceRegistry] NacosServiceRegistry.java:75 - nacos registry, DEFAULT_GROUP bizspring-store 192.168.2.2:5579 register finished
2024-09-22 21:07:33,080 [main] INFO  [s.d.s.web.plugins.DocumentationPluginsBootstrapper] DocumentationPluginsBootstrapper.java:160 - Context refreshed
2024-09-22 21:07:33,108 [main] INFO  [s.d.s.web.plugins.DocumentationPluginsBootstrapper] DocumentationPluginsBootstrapper.java:163 - Found 1 custom documentation plugin(s)
2024-09-22 21:07:33,168 [main] INFO  [s.d.spring.web.scanners.ApiListingReferenceScanner] ApiListingReferenceScanner.java:41 - Scanning for api listing references
2024-09-22 21:07:33,294 [main] INFO  [s.d.s.w.r.operation.CachingOperationNameGenerator] CachingOperationNameGenerator.java:40 - Generating unique operation named: findAllUsingGET_1
2024-09-22 21:07:33,315 [main] INFO  [s.d.s.w.r.operation.CachingOperationNameGenerator] CachingOperationNameGenerator.java:40 - Generating unique operation named: findAllUsingGET_2
2024-09-22 21:07:33,383 [main] INFO  [s.d.s.w.r.operation.CachingOperationNameGenerator] CachingOperationNameGenerator.java:40 - Generating unique operation named: editUsingGET_1
2024-09-22 21:07:33,385 [main] INFO  [s.d.s.w.r.operation.CachingOperationNameGenerator] CachingOperationNameGenerator.java:40 - Generating unique operation named: listUsingGET_1
2024-09-22 21:07:33,387 [main] INFO  [s.d.s.w.r.operation.CachingOperationNameGenerator] CachingOperationNameGenerator.java:40 - Generating unique operation named: updateUsingPOST_1
2024-09-22 21:07:33,456 [main] INFO  [s.d.s.w.r.operation.CachingOperationNameGenerator] CachingOperationNameGenerator.java:40 - Generating unique operation named: findUsingGET_1
2024-09-22 21:07:33,459 [main] INFO  [s.d.s.w.r.operation.CachingOperationNameGenerator] CachingOperationNameGenerator.java:40 - Generating unique operation named: findAllUsingGET_3
2024-09-22 21:07:33,461 [main] INFO  [s.d.s.w.r.operation.CachingOperationNameGenerator] CachingOperationNameGenerator.java:40 - Generating unique operation named: addUsingGET_1
2024-09-22 21:07:33,463 [main] WARN  [s.d.s.w.readers.parameter.ParameterDataTypeReader] ParameterDataTypeReader.java:92 - Trying to infer dataType java.lang.String[]
2024-09-22 21:07:33,464 [main] INFO  [s.d.s.w.r.operation.CachingOperationNameGenerator] CachingOperationNameGenerator.java:40 - Generating unique operation named: editUsingGET_2
2024-09-22 21:07:33,467 [main] WARN  [s.d.s.w.readers.parameter.ParameterDataTypeReader] ParameterDataTypeReader.java:92 - Trying to infer dataType cn.bizspring.cloud.store.common.entity.Store$Type
2024-09-22 21:07:33,467 [main] WARN  [s.d.s.w.readers.parameter.ParameterDataTypeReader] ParameterDataTypeReader.java:92 - Trying to infer dataType cn.bizspring.cloud.store.common.entity.Store$Status
2024-09-22 21:07:33,468 [main] INFO  [s.d.s.w.r.operation.CachingOperationNameGenerator] CachingOperationNameGenerator.java:40 - Generating unique operation named: listUsingGET_2
2024-09-22 21:07:33,473 [main] WARN  [s.d.s.w.readers.parameter.ParameterDataTypeReader] ParameterDataTypeReader.java:92 - Trying to infer dataType java.lang.String[]
2024-09-22 21:07:33,473 [main] INFO  [s.d.s.w.r.operation.CachingOperationNameGenerator] CachingOperationNameGenerator.java:40 - Generating unique operation named: saveUsingPOST_1
2024-09-22 21:07:33,483 [main] INFO  [s.d.s.w.r.operation.CachingOperationNameGenerator] CachingOperationNameGenerator.java:40 - Generating unique operation named: findUsingGET_2
2024-09-22 21:07:33,484 [main] INFO  [s.d.s.w.r.operation.CachingOperationNameGenerator] CachingOperationNameGenerator.java:40 - Generating unique operation named: findAllUsingGET_4
2024-09-22 21:07:33,489 [main] INFO  [s.d.s.w.r.operation.CachingOperationNameGenerator] CachingOperationNameGenerator.java:40 - Generating unique operation named: findUsingGET_3
2024-09-22 21:07:33,491 [main] INFO  [s.d.s.w.r.operation.CachingOperationNameGenerator] CachingOperationNameGenerator.java:40 - Generating unique operation named: addUsingGET_2
2024-09-22 21:07:33,492 [main] INFO  [s.d.s.w.r.operation.CachingOperationNameGenerator] CachingOperationNameGenerator.java:40 - Generating unique operation named: deleteUsingDELETE_1
2024-09-22 21:07:33,493 [main] INFO  [s.d.s.w.r.operation.CachingOperationNameGenerator] CachingOperationNameGenerator.java:40 - Generating unique operation named: editUsingGET_3
2024-09-22 21:07:33,494 [main] INFO  [s.d.s.w.r.operation.CachingOperationNameGenerator] CachingOperationNameGenerator.java:40 - Generating unique operation named: listUsingGET_3
2024-09-22 21:07:33,497 [main] INFO  [s.d.s.w.r.operation.CachingOperationNameGenerator] CachingOperationNameGenerator.java:40 - Generating unique operation named: saveUsingPOST_2
2024-09-22 21:07:33,498 [main] INFO  [s.d.s.w.r.operation.CachingOperationNameGenerator] CachingOperationNameGenerator.java:40 - Generating unique operation named: updateUsingPOST_2
2024-09-22 21:07:33,536 [main] INFO  [c.b.cloud.store.admin.BizSpringStoreApplication] StartupInfoLogger.java:61 - Started BizSpringStoreApplication in 33.2 seconds (JVM running for 41.504)
2024-09-22 21:07:33,548 [main] INFO  [com.alibaba.nacos.client.config.impl.ClientWorker] ClientWorker.java:239 - [fixed-bizspring-module-nacos_8878] [subscribe] bizspring-store+DEFAULT_GROUP
2024-09-22 21:07:33,550 [main] INFO  [com.alibaba.nacos.client.config.impl.CacheData] CacheData.java:93 - [fixed-bizspring-module-nacos_8878] [add-listener] ok, tenant=, dataId=bizspring-store, group=DEFAULT_GROUP, cnt=1
2024-09-22 21:07:33,551 [main] INFO  [com.alibaba.nacos.client.config.impl.ClientWorker] ClientWorker.java:239 - [fixed-bizspring-module-nacos_8878] [subscribe] bizspring-store-dev.yml+DEFAULT_GROUP
2024-09-22 21:07:33,551 [main] INFO  [com.alibaba.nacos.client.config.impl.CacheData] CacheData.java:93 - [fixed-bizspring-module-nacos_8878] [add-listener] ok, tenant=, dataId=bizspring-store-dev.yml, group=DEFAULT_GROUP, cnt=1
2024-09-22 21:07:33,551 [main] INFO  [com.alibaba.nacos.client.config.impl.ClientWorker] ClientWorker.java:239 - [fixed-bizspring-module-nacos_8878] [subscribe] bizspring-store.yml+DEFAULT_GROUP
2024-09-22 21:07:33,551 [main] INFO  [com.alibaba.nacos.client.config.impl.CacheData] CacheData.java:93 - [fixed-bizspring-module-nacos_8878] [add-listener] ok, tenant=, dataId=bizspring-store.yml, group=DEFAULT_GROUP, cnt=1
2024-09-22 21:07:34,202 [RMI TCP Connection(2)-192.168.2.2] INFO  [o.a.c.core.ContainerBase.[Tomcat].[localhost].[/]] DirectJDKLog.java:173 - Initializing Spring DispatcherServlet 'dispatcherServlet'
2024-09-22 21:07:34,202 [RMI TCP Connection(2)-192.168.2.2] INFO  [org.springframework.web.servlet.DispatcherServlet] FrameworkServlet.java:525 - Initializing Servlet 'dispatcherServlet'
2024-09-22 21:07:34,216 [RMI TCP Connection(2)-192.168.2.2] INFO  [org.springframework.web.servlet.DispatcherServlet] FrameworkServlet.java:547 - Completed initialization in 14 ms
2024-09-22 21:10:05,885 [Thread-24] WARN  [com.alibaba.nacos.common.http.HttpClientBeanHolder] HttpClientBeanHolder.java:108 - [HttpClientBeanHolder] Start destroying common HttpClient
2024-09-22 21:10:05,885 [Thread-73] WARN  [com.alibaba.nacos.common.notify.NotifyCenter] NotifyCenter.java:145 - [NotifyCenter] Start destroying Publisher
2024-09-22 21:10:05,890 [Thread-73] WARN  [com.alibaba.nacos.common.notify.NotifyCenter] NotifyCenter.java:162 - [NotifyCenter] Destruction of the end
2024-09-22 21:10:05,892 [Thread-24] WARN  [com.alibaba.nacos.common.http.HttpClientBeanHolder] HttpClientBeanHolder.java:114 - [HttpClientBeanHolder] Destruction of the end
2024-09-22 21:10:06,151 [SpringContextShutdownHook] INFO  [o.s.scheduling.concurrent.ThreadPoolTaskScheduler] ExecutorConfigurationSupport.java:218 - Shutting down ExecutorService 'Nacos-Watch-Task-Scheduler'
2024-09-22 21:10:08,263 [SpringContextShutdownHook] INFO  [c.a.cloud.nacos.registry.NacosServiceRegistry] NacosServiceRegistry.java:90 - De-registering from Nacos Server now...
2024-09-22 21:10:08,266 [SpringContextShutdownHook] INFO  [c.a.cloud.nacos.registry.NacosServiceRegistry] NacosServiceRegistry.java:110 - De-registration finished.
2024-09-22 21:10:15,973 [SpringContextShutdownHook] INFO  [c.alibaba.nacos.client.identify.CredentialWatcher] CredentialWatcher.java:105 - [null] CredentialWatcher is stopped
2024-09-22 21:10:15,974 [SpringContextShutdownHook] INFO  [c.alibaba.nacos.client.identify.CredentialService] CredentialService.java:98 - [null] CredentialService is freed
2024-09-22 21:10:15,975 [SpringContextShutdownHook] INFO  [o.s.scheduling.concurrent.ThreadPoolTaskExecutor] ExecutorConfigurationSupport.java:218 - Shutting down ExecutorService 'applicationTaskExecutor'
2024-09-22 21:10:15,979 [SpringContextShutdownHook] WARN  [o.s.beans.factory.support.DisposableBeanAdapter] DisposableBeanAdapter.java:349 - Destroy method 'close' on bean with name 'nacosServiceRegistry' threw an exception: java.lang.NullPointerException
2024-09-22 21:10:15,981 [SpringContextShutdownHook] INFO  [c.alibaba.nacos.client.config.http.ServerHttpAgent] ServerHttpAgent.java:453 - com.alibaba.nacos.client.config.http.ServerHttpAgent do shutdown begin
2024-09-22 21:10:15,981 [SpringContextShutdownHook] INFO  [c.alibaba.nacos.client.config.http.ServerHttpAgent] ServerHttpAgent.java:457 - com.alibaba.nacos.client.config.http.ServerHttpAgent do shutdown stop
2024-09-22 21:10:15,981 [SpringContextShutdownHook] INFO  [com.alibaba.nacos.client.config.impl.ClientWorker] ClientWorker.java:560 - com.alibaba.nacos.client.config.impl.ClientWorker do shutdown begin
2024-09-22 21:10:19,015 [SpringContextShutdownHook] INFO  [com.alibaba.nacos.client.config.impl.ClientWorker] ClientWorker.java:563 - com.alibaba.nacos.client.config.impl.ClientWorker do shutdown stop
2024-09-22 21:10:19,033 [SpringContextShutdownHook] INFO  [com.alibaba.druid.pool.DruidDataSource] DruidDataSource.java:2032 - {dataSource-1} closing ...
2024-09-22 21:10:19,042 [SpringContextShutdownHook] INFO  [com.alibaba.druid.pool.DruidDataSource] DruidDataSource.java:2104 - {dataSource-1} closed
