2024-09-22 21:06:57,867 [background-preinit] INFO  [org.hibernate.validator.internal.util.Version] Version.java:21 - HV000001: Hibernate Validator 6.1.5.Final
2024-09-22 21:07:00,184 [main] INFO  [c.u.j.c.EnableEncryptablePropertiesBeanFactoryPostProcessor] EnableEncryptablePropertiesBeanFactoryPostProcessor.java:50 - Post-processing PropertySource instances
2024-09-22 21:07:00,403 [main] INFO  [c.u.j.EncryptablePropertySourceConverter] EncryptablePropertySourceConverter.java:39 - Converting PropertySource configurationProperties [org.springframework.boot.context.properties.source.ConfigurationPropertySourcesPropertySource] to AOP Proxy
2024-09-22 21:07:00,405 [main] INFO  [c.u.j.EncryptablePropertySourceConverter] EncryptablePropertySourceConverter.java:39 - Converting PropertySource bootstrap [org.springframework.core.env.MapPropertySource] to EncryptableMapPropertySourceWrapper
2024-09-22 21:07:00,408 [main] INFO  [c.u.j.EncryptablePropertySourceConverter] EncryptablePropertySourceConverter.java:39 - Converting PropertySource systemProperties [org.springframework.core.env.PropertiesPropertySource] to EncryptableMapPropertySourceWrapper
2024-09-22 21:07:00,408 [main] INFO  [c.u.j.EncryptablePropertySourceConverter] EncryptablePropertySourceConverter.java:39 - Converting PropertySource systemEnvironment [org.springframework.boot.env.SystemEnvironmentPropertySourceEnvironmentPostProcessor$OriginAwareSystemEnvironmentPropertySource] to EncryptableMapPropertySourceWrapper
2024-09-22 21:07:00,410 [main] INFO  [c.u.j.EncryptablePropertySourceConverter] EncryptablePropertySourceConverter.java:39 - Converting PropertySource random [org.springframework.boot.env.RandomValuePropertySource] to EncryptablePropertySourceWrapper
2024-09-22 21:07:00,411 [main] INFO  [c.u.j.EncryptablePropertySourceConverter] EncryptablePropertySourceConverter.java:39 - Converting PropertySource springCloudClientHostInfo [org.springframework.core.env.MapPropertySource] to EncryptableMapPropertySourceWrapper
2024-09-22 21:07:00,412 [main] INFO  [c.u.j.EncryptablePropertySourceConverter] EncryptablePropertySourceConverter.java:39 - Converting PropertySource applicationConfig: [classpath:/bootstrap.yml] [org.springframework.boot.env.OriginTrackedMapPropertySource] to EncryptableMapPropertySourceWrapper
2024-09-22 21:07:00,555 [main] INFO  [c.u.j.filter.DefaultLazyPropertyFilter] DefaultLazyPropertyFilter.java:31 - Property Filter custom Bean not found with name 'encryptablePropertyFilter'. Initializing Default Property Filter
2024-09-22 21:07:00,563 [main] INFO  [c.u.j.resolver.DefaultLazyPropertyResolver] DefaultLazyPropertyResolver.java:31 - Property Resolver custom Bean not found with name 'encryptablePropertyResolver'. Initializing Default Property Resolver
2024-09-22 21:07:00,566 [main] INFO  [c.u.j.detector.DefaultLazyPropertyDetector] DefaultLazyPropertyDetector.java:30 - Property Detector custom Bean not found with name 'encryptablePropertyDetector'. Initializing Default Property Detector
2024-09-22 21:07:02,132 [main] INFO  [c.a.n.client.config.impl.LocalConfigInfoProcessor] LocalConfigInfoProcessor.java:212 - LOCAL_SNAPSHOT_PATH:C:\Users\Administrator\nacos\config
2024-09-22 21:07:02,224 [main] INFO  [com.alibaba.nacos.client.config.impl.Limiter] Limiter.java:54 - limitTime:5.0
2024-09-22 21:07:02,290 [main] INFO  [com.alibaba.nacos.client.config.utils.JvmUtil] JvmUtil.java:49 - isMultiInstance:false
2024-09-22 21:07:02,314 [main] WARN  [c.a.cloud.nacos.client.NacosPropertySourceBuilder] NacosPropertySourceBuilder.java:87 - Ignore the empty nacos configuration and get it based on dataId[bizspring-goods] & group[DEFAULT_GROUP]
2024-09-22 21:07:02,318 [main] WARN  [c.a.cloud.nacos.client.NacosPropertySourceBuilder] NacosPropertySourceBuilder.java:87 - Ignore the empty nacos configuration and get it based on dataId[bizspring-goods.yml] & group[DEFAULT_GROUP]
2024-09-22 21:07:02,330 [main] INFO  [o.s.c.b.c.PropertySourceBootstrapConfiguration] PropertySourceBootstrapConfiguration.java:112 - Located property source: [BootstrapPropertySource {name='bootstrapProperties-bizspring-goods-dev.yml,DEFAULT_GROUP'}, BootstrapPropertySource {name='bootstrapProperties-bizspring-goods.yml,DEFAULT_GROUP'}, BootstrapPropertySource {name='bootstrapProperties-bizspring-goods,DEFAULT_GROUP'}, BootstrapPropertySource {name='bootstrapProperties-application-dev.yml,DEFAULT_GROUP'}]
2024-09-22 21:07:02,410 [main] INFO  [c.u.j.c.EnableEncryptablePropertiesConfiguration] EnableEncryptablePropertiesConfiguration.java:72 - Bootstraping jasypt-string-boot auto configuration in context: bizspring-goods-1
2024-09-22 21:07:02,415 [main] INFO  [c.b.cloud.goods.admin.BizSpringGoodsApplication] SpringApplication.java:655 - The following profiles are active: dev
2024-09-22 21:07:05,702 [main] INFO  [o.s.d.r.config.RepositoryConfigurationDelegate] RepositoryConfigurationDelegate.java:249 - Multiple Spring Data modules found, entering strict repository configuration mode!
2024-09-22 21:07:05,705 [main] INFO  [o.s.d.r.config.RepositoryConfigurationDelegate] RepositoryConfigurationDelegate.java:127 - Bootstrapping Spring Data Elasticsearch repositories in DEFAULT mode.
2024-09-22 21:07:05,886 [main] INFO  [o.s.d.r.config.RepositoryConfigurationDelegate] RepositoryConfigurationDelegate.java:187 - Finished Spring Data repository scanning in 151ms. Found 1 Elasticsearch repository interfaces.
2024-09-22 21:07:06,092 [main] INFO  [o.s.context.annotation.AutoProxyRegistrar] AutoProxyRegistrar.java:83 - AutoProxyRegistrar was imported but no annotations were found having both 'mode' and 'proxyTargetClass' attributes of type AdviceMode and boolean respectively. This means that auto proxy creator registration and configuration may not have occurred as intended, and components may not be proxied as expected. Check to ensure that AutoProxyRegistrar has been @Import'ed on the same class where these annotations are declared; otherwise remove the import of AutoProxyRegistrar altogether.
2024-09-22 21:07:07,556 [main] INFO  [o.s.d.r.config.RepositoryConfigurationDelegate] RepositoryConfigurationDelegate.java:249 - Multiple Spring Data modules found, entering strict repository configuration mode!
2024-09-22 21:07:07,557 [main] INFO  [o.s.d.r.config.RepositoryConfigurationDelegate] RepositoryConfigurationDelegate.java:127 - Bootstrapping Spring Data Reactive Elasticsearch repositories in DEFAULT mode.
2024-09-22 21:07:07,617 [main] INFO  [o.s.d.r.config.RepositoryConfigurationDelegate] RepositoryConfigurationDelegate.java:187 - Finished Spring Data repository scanning in 59ms. Found 0 Reactive Elasticsearch repository interfaces.
2024-09-22 21:07:07,645 [main] INFO  [o.s.d.r.config.RepositoryConfigurationDelegate] RepositoryConfigurationDelegate.java:249 - Multiple Spring Data modules found, entering strict repository configuration mode!
2024-09-22 21:07:07,649 [main] INFO  [o.s.d.r.config.RepositoryConfigurationDelegate] RepositoryConfigurationDelegate.java:127 - Bootstrapping Spring Data Redis repositories in DEFAULT mode.
2024-09-22 21:07:07,703 [main] INFO  [o.s.d.r.c.RepositoryConfigurationExtensionSupport] RepositoryConfigurationExtensionSupport.java:348 - Spring Data Redis - Could not safely identify store assignment for repository candidate interface cn.bizspring.cloud.goods.admin.repository.GoodsRepository. If you want this repository to be a Redis repository, consider annotating your entities with one of these annotations: org.springframework.data.redis.core.RedisHash (preferred), or consider extending one of the following types with your repository: org.springframework.data.keyvalue.repository.KeyValueRepository.
2024-09-22 21:07:07,704 [main] INFO  [o.s.d.r.config.RepositoryConfigurationDelegate] RepositoryConfigurationDelegate.java:187 - Finished Spring Data repository scanning in 29ms. Found 0 Redis repository interfaces.
2024-09-22 21:07:08,023 [main] WARN  [o.springframework.boot.actuate.endpoint.EndpointId] EndpointId.java:155 - Endpoint ID 'service-registry' contains invalid characters, please migrate to a valid format.
2024-09-22 21:07:08,605 [main] INFO  [o.springframework.cloud.context.scope.GenericScope] GenericScope.java:295 - BeanFactory id=3f1df952-405d-3f7f-ba8b-ed90e5f3c38a
2024-09-22 21:07:08,684 [main] INFO  [c.u.j.c.EnableEncryptablePropertiesBeanFactoryPostProcessor] EnableEncryptablePropertiesBeanFactoryPostProcessor.java:50 - Post-processing PropertySource instances
2024-09-22 21:07:08,710 [main] INFO  [c.u.j.EncryptablePropertySourceConverter] EncryptablePropertySourceConverter.java:39 - Converting PropertySource bootstrapProperties-bizspring-goods-dev.yml,DEFAULT_GROUP [org.springframework.cloud.bootstrap.config.BootstrapPropertySource] to EncryptableEnumerablePropertySourceWrapper
2024-09-22 21:07:08,711 [main] INFO  [c.u.j.EncryptablePropertySourceConverter] EncryptablePropertySourceConverter.java:39 - Converting PropertySource bootstrapProperties-bizspring-goods.yml,DEFAULT_GROUP [org.springframework.cloud.bootstrap.config.BootstrapPropertySource] to EncryptableEnumerablePropertySourceWrapper
2024-09-22 21:07:08,711 [main] INFO  [c.u.j.EncryptablePropertySourceConverter] EncryptablePropertySourceConverter.java:39 - Converting PropertySource bootstrapProperties-bizspring-goods,DEFAULT_GROUP [org.springframework.cloud.bootstrap.config.BootstrapPropertySource] to EncryptableEnumerablePropertySourceWrapper
2024-09-22 21:07:08,712 [main] INFO  [c.u.j.EncryptablePropertySourceConverter] EncryptablePropertySourceConverter.java:39 - Converting PropertySource bootstrapProperties-application-dev.yml,DEFAULT_GROUP [org.springframework.cloud.bootstrap.config.BootstrapPropertySource] to EncryptableEnumerablePropertySourceWrapper
2024-09-22 21:07:08,713 [main] INFO  [c.u.j.EncryptablePropertySourceConverter] EncryptablePropertySourceConverter.java:39 - Converting PropertySource configurationProperties [org.springframework.boot.context.properties.source.ConfigurationPropertySourcesPropertySource] to AOP Proxy
2024-09-22 21:07:08,713 [main] INFO  [c.u.j.EncryptablePropertySourceConverter] EncryptablePropertySourceConverter.java:39 - Converting PropertySource servletConfigInitParams [org.springframework.core.env.PropertySource$StubPropertySource] to EncryptablePropertySourceWrapper
2024-09-22 21:07:08,713 [main] INFO  [c.u.j.EncryptablePropertySourceConverter] EncryptablePropertySourceConverter.java:39 - Converting PropertySource servletContextInitParams [org.springframework.core.env.PropertySource$StubPropertySource] to EncryptablePropertySourceWrapper
2024-09-22 21:07:08,713 [main] INFO  [c.u.j.EncryptablePropertySourceConverter] EncryptablePropertySourceConverter.java:39 - Converting PropertySource systemProperties [org.springframework.core.env.PropertiesPropertySource] to EncryptableMapPropertySourceWrapper
2024-09-22 21:07:08,714 [main] INFO  [c.u.j.EncryptablePropertySourceConverter] EncryptablePropertySourceConverter.java:39 - Converting PropertySource systemEnvironment [org.springframework.boot.env.SystemEnvironmentPropertySourceEnvironmentPostProcessor$OriginAwareSystemEnvironmentPropertySource] to EncryptableMapPropertySourceWrapper
2024-09-22 21:07:08,714 [main] INFO  [c.u.j.EncryptablePropertySourceConverter] EncryptablePropertySourceConverter.java:39 - Converting PropertySource random [org.springframework.boot.env.RandomValuePropertySource] to EncryptablePropertySourceWrapper
2024-09-22 21:07:08,715 [main] INFO  [c.u.j.EncryptablePropertySourceConverter] EncryptablePropertySourceConverter.java:39 - Converting PropertySource springCloudClientHostInfo [org.springframework.core.env.MapPropertySource] to EncryptableMapPropertySourceWrapper
2024-09-22 21:07:08,715 [main] INFO  [c.u.j.EncryptablePropertySourceConverter] EncryptablePropertySourceConverter.java:39 - Converting PropertySource applicationConfig: [classpath:/application.properties] [org.springframework.boot.env.OriginTrackedMapPropertySource] to EncryptableMapPropertySourceWrapper
2024-09-22 21:07:08,715 [main] INFO  [c.u.j.EncryptablePropertySourceConverter] EncryptablePropertySourceConverter.java:39 - Converting PropertySource springCloudDefaultProperties [org.springframework.core.env.MapPropertySource] to EncryptableMapPropertySourceWrapper
2024-09-22 21:07:08,716 [main] INFO  [c.u.j.EncryptablePropertySourceConverter] EncryptablePropertySourceConverter.java:39 - Converting PropertySource cachedrandom [org.springframework.cloud.util.random.CachedRandomPropertySource] to EncryptablePropertySourceWrapper
2024-09-22 21:07:08,746 [main] INFO  [c.u.j.filter.DefaultLazyPropertyFilter] DefaultLazyPropertyFilter.java:31 - Property Filter custom Bean not found with name 'encryptablePropertyFilter'. Initializing Default Property Filter
2024-09-22 21:07:09,466 [main] INFO  [o.s.c.s.PostProcessorRegistrationDelegate$BeanPostProcessorChecker] PostProcessorRegistrationDelegate.java:335 - Bean 'org.springframework.security.access.expression.method.DefaultMethodSecurityExpressionHandler@5e2bb4b2' of type [org.springframework.security.oauth2.provider.expression.OAuth2MethodSecurityExpressionHandler] is not eligible for getting processed by all BeanPostProcessors (for example: not eligible for auto-proxying)
2024-09-22 21:07:09,484 [main] INFO  [o.s.c.s.PostProcessorRegistrationDelegate$BeanPostProcessorChecker] PostProcessorRegistrationDelegate.java:335 - Bean 'methodSecurityMetadataSource' of type [org.springframework.security.access.method.DelegatingMethodSecurityMetadataSource] is not eligible for getting processed by all BeanPostProcessors (for example: not eligible for auto-proxying)
2024-09-22 21:07:09,510 [main] INFO  [c.u.j.resolver.DefaultLazyPropertyResolver] DefaultLazyPropertyResolver.java:31 - Property Resolver custom Bean not found with name 'encryptablePropertyResolver'. Initializing Default Property Resolver
2024-09-22 21:07:09,510 [main] INFO  [c.u.j.detector.DefaultLazyPropertyDetector] DefaultLazyPropertyDetector.java:30 - Property Detector custom Bean not found with name 'encryptablePropertyDetector'. Initializing Default Property Detector
2024-09-22 21:07:09,617 [main] INFO  [o.s.c.s.PostProcessorRegistrationDelegate$BeanPostProcessorChecker] PostProcessorRegistrationDelegate.java:335 - Bean 'spring.cloud.sentinel-com.alibaba.cloud.sentinel.SentinelProperties' of type [com.alibaba.cloud.sentinel.SentinelProperties] is not eligible for getting processed by all BeanPostProcessors (for example: not eligible for auto-proxying)
2024-09-22 21:07:09,728 [main] INFO  [o.s.c.s.PostProcessorRegistrationDelegate$BeanPostProcessorChecker] PostProcessorRegistrationDelegate.java:335 - Bean 'com.alibaba.cloud.sentinel.custom.SentinelAutoConfiguration' of type [com.alibaba.cloud.sentinel.custom.SentinelAutoConfiguration] is not eligible for getting processed by all BeanPostProcessors (for example: not eligible for auto-proxying)
2024-09-22 21:07:09,770 [main] INFO  [o.s.c.s.PostProcessorRegistrationDelegate$BeanPostProcessorChecker] PostProcessorRegistrationDelegate.java:335 - Bean 'org.springframework.cloud.client.loadbalancer.reactive.LoadBalancerBeanPostProcessorAutoConfiguration' of type [org.springframework.cloud.client.loadbalancer.reactive.LoadBalancerBeanPostProcessorAutoConfiguration] is not eligible for getting processed by all BeanPostProcessors (for example: not eligible for auto-proxying)
2024-09-22 21:07:09,778 [main] INFO  [o.s.c.s.PostProcessorRegistrationDelegate$BeanPostProcessorChecker] PostProcessorRegistrationDelegate.java:335 - Bean 'org.springframework.cloud.client.loadbalancer.reactive.LoadBalancerBeanPostProcessorAutoConfiguration$ReactiveLoadBalancerConfig' of type [org.springframework.cloud.client.loadbalancer.reactive.LoadBalancerBeanPostProcessorAutoConfiguration$ReactiveLoadBalancerConfig] is not eligible for getting processed by all BeanPostProcessors (for example: not eligible for auto-proxying)
2024-09-22 21:07:09,783 [main] INFO  [o.s.c.s.PostProcessorRegistrationDelegate$BeanPostProcessorChecker] PostProcessorRegistrationDelegate.java:335 - Bean 'deferringLoadBalancerExchangeFilterFunction' of type [org.springframework.cloud.client.loadbalancer.reactive.DeferringLoadBalancerExchangeFilterFunction] is not eligible for getting processed by all BeanPostProcessors (for example: not eligible for auto-proxying)
2024-09-22 21:07:10,851 [main] INFO  [o.s.boot.web.embedded.tomcat.TomcatWebServer] TomcatWebServer.java:108 - Tomcat initialized with port(s): 5879 (http)
2024-09-22 21:07:10,940 [main] INFO  [org.apache.coyote.http11.Http11NioProtocol] DirectJDKLog.java:173 - Initializing ProtocolHandler ["http-nio-5879"]
2024-09-22 21:07:10,941 [main] INFO  [org.apache.catalina.core.StandardService] DirectJDKLog.java:173 - Starting service [Tomcat]
2024-09-22 21:07:10,941 [main] INFO  [org.apache.catalina.core.StandardEngine] DirectJDKLog.java:173 - Starting Servlet engine: [Apache Tomcat/9.0.38]
2024-09-22 21:07:11,464 [main] INFO  [o.a.c.core.ContainerBase.[Tomcat].[localhost].[/]] DirectJDKLog.java:173 - Initializing Spring embedded WebApplicationContext
2024-09-22 21:07:11,464 [main] INFO  [o.s.b.w.s.c.ServletWebServerApplicationContext] ServletWebServerApplicationContext.java:285 - Root WebApplicationContext: initialization completed in 8920 ms
2024-09-22 21:07:12,874 [main] INFO  [c.a.d.s.b.a.DruidDataSourceAutoConfigure] DruidDataSourceAutoConfigure.java:56 - Init DruidDataSource
2024-09-22 21:07:13,198 [main] INFO  [com.alibaba.druid.pool.DruidDataSource] DruidDataSource.java:985 - {dataSource-1} inited
2024-09-22 21:07:13,345 [main] WARN  [c.baomidou.mybatisplus.core.toolkit.ReflectionKit] ReflectionKit.java:112 - Warn: Index: 1, Size of BrandServiceImpl's Parameterized Type: 1 .
2024-09-22 21:07:14,566 [main] WARN  [c.b.mybatisplus.core.injector.AbstractMethod] AbstractMethod.java:324 - [cn.bizspring.cloud.goods.admin.mapper.BrandMapper.update] Has been loaded by XML or SqlProvider or Mybatis's Annotation, so ignoring this injection for [class com.baomidou.mybatisplus.core.injector.methods.Update]
2024-09-22 21:07:14,615 [main] WARN  [c.b.mybatisplus.core.injector.AbstractMethod] AbstractMethod.java:324 - [cn.bizspring.cloud.goods.admin.mapper.BrandMapper.selectPage] Has been loaded by XML or SqlProvider or Mybatis's Annotation, so ignoring this injection for [class com.baomidou.mybatisplus.core.injector.methods.SelectPage]
2024-09-22 21:07:14,664 [main] WARN  [c.b.mybatisplus.core.injector.AbstractMethod] AbstractMethod.java:324 - [cn.bizspring.cloud.goods.admin.mapper.GoodsCategoryMapper.deleteById] Has been loaded by XML or SqlProvider or Mybatis's Annotation, so ignoring this injection for [class com.baomidou.mybatisplus.core.injector.methods.DeleteById]
2024-09-22 21:07:14,670 [main] WARN  [c.b.mybatisplus.core.injector.AbstractMethod] AbstractMethod.java:324 - [cn.bizspring.cloud.goods.admin.mapper.GoodsCategoryMapper.update] Has been loaded by XML or SqlProvider or Mybatis's Annotation, so ignoring this injection for [class com.baomidou.mybatisplus.core.injector.methods.Update]
2024-09-22 21:07:14,753 [main] WARN  [c.b.mybatisplus.core.injector.AbstractMethod] AbstractMethod.java:324 - [cn.bizspring.cloud.goods.admin.mapper.GoodsMapper.delete] Has been loaded by XML or SqlProvider or Mybatis's Annotation, so ignoring this injection for [class com.baomidou.mybatisplus.core.injector.methods.Delete]
2024-09-22 21:07:14,766 [main] WARN  [c.b.mybatisplus.core.injector.AbstractMethod] AbstractMethod.java:324 - [cn.bizspring.cloud.goods.admin.mapper.GoodsMapper.update] Has been loaded by XML or SqlProvider or Mybatis's Annotation, so ignoring this injection for [class com.baomidou.mybatisplus.core.injector.methods.Update]
2024-09-22 21:07:14,876 [main] WARN  [c.b.mybatisplus.core.injector.AbstractMethod] AbstractMethod.java:324 - [cn.bizspring.cloud.goods.admin.mapper.SkuMapper.update] Has been loaded by XML or SqlProvider or Mybatis's Annotation, so ignoring this injection for [class com.baomidou.mybatisplus.core.injector.methods.Update]
2024-09-22 21:07:14,889 [main] WARN  [c.b.mybatisplus.core.injector.AbstractMethod] AbstractMethod.java:324 - [cn.bizspring.cloud.goods.admin.mapper.SkuMapper.selectOne] Has been loaded by XML or SqlProvider or Mybatis's Annotation, so ignoring this injection for [class com.baomidou.mybatisplus.core.injector.methods.SelectOne]
2024-09-22 21:07:14,934 [main] WARN  [c.b.mybatisplus.core.injector.AbstractMethod] AbstractMethod.java:324 - [cn.bizspring.cloud.goods.admin.mapper.SpecificationMapper.update] Has been loaded by XML or SqlProvider or Mybatis's Annotation, so ignoring this injection for [class com.baomidou.mybatisplus.core.injector.methods.Update]
2024-09-22 21:07:14,981 [main] WARN  [c.b.mybatisplus.core.injector.AbstractMethod] AbstractMethod.java:324 - [cn.bizspring.cloud.goods.admin.mapper.SpecificationMapper.selectPage] Has been loaded by XML or SqlProvider or Mybatis's Annotation, so ignoring this injection for [class com.baomidou.mybatisplus.core.injector.methods.SelectPage]
2024-09-22 21:07:15,041 [main] WARN  [c.b.mybatisplus.core.injector.AbstractMethod] AbstractMethod.java:324 - [cn.bizspring.cloud.goods.admin.mapper.StockMapper.selectPage] Has been loaded by XML or SqlProvider or Mybatis's Annotation, so ignoring this injection for [class com.baomidou.mybatisplus.core.injector.methods.SelectPage]
2024-09-22 21:07:16,380 [main] WARN  [c.baomidou.mybatisplus.core.toolkit.ReflectionKit] ReflectionKit.java:112 - Warn: Index: 1, Size of GoodsCategoryServiceImpl's Parameterized Type: 1 .
2024-09-22 21:07:17,160 [main] WARN  [org.springframework.data.convert.CustomConversions] CustomConversions.java:273 - Registering converter from class org.springframework.data.geo.Point to interface java.util.Map as writing converter although it doesn't convert to a store-supported type! You might want to check your annotation setup at the converter implementation.
2024-09-22 21:07:17,161 [main] WARN  [org.springframework.data.convert.CustomConversions] CustomConversions.java:263 - Registering converter from interface java.util.Map to class org.springframework.data.geo.Point as reading converter although it doesn't convert from a store-supported type! You might want to check your annotation setup at the converter implementation.
2024-09-22 21:07:17,162 [main] WARN  [org.springframework.data.convert.CustomConversions] CustomConversions.java:273 - Registering converter from class org.springframework.data.elasticsearch.core.geo.GeoPoint to interface java.util.Map as writing converter although it doesn't convert to a store-supported type! You might want to check your annotation setup at the converter implementation.
2024-09-22 21:07:17,162 [main] WARN  [org.springframework.data.convert.CustomConversions] CustomConversions.java:263 - Registering converter from interface java.util.Map to class org.springframework.data.elasticsearch.core.geo.GeoPoint as reading converter although it doesn't convert from a store-supported type! You might want to check your annotation setup at the converter implementation.
2024-09-22 21:07:17,405 [main] INFO  [o.s.data.elasticsearch.support.VersionInfo] VersionInfo.java:59 - Version Spring Data Elasticsearch: 4.0.4.RELEASE
2024-09-22 21:07:17,405 [main] INFO  [o.s.data.elasticsearch.support.VersionInfo] VersionInfo.java:60 - Version Elasticsearch Client in build: 7.6.2
2024-09-22 21:07:17,405 [main] INFO  [o.s.data.elasticsearch.support.VersionInfo] VersionInfo.java:61 - Version Elasticsearch Client used: 7.6.2
2024-09-22 21:07:17,412 [main] INFO  [o.s.data.elasticsearch.support.VersionInfo] VersionInfo.java:69 - Version Elasticsearch cluster: 7.6.2
2024-09-22 21:07:18,805 [main] WARN  [c.baomidou.mybatisplus.core.toolkit.ReflectionKit] ReflectionKit.java:112 - Warn: Index: 1, Size of GoodsServiceImpl's Parameterized Type: 1 .
2024-09-22 21:07:18,914 [main] WARN  [c.baomidou.mybatisplus.core.toolkit.ReflectionKit] ReflectionKit.java:112 - Warn: Index: 1, Size of SkuServiceImpl's Parameterized Type: 1 .
2024-09-22 21:07:19,097 [main] INFO  [o.s.scheduling.concurrent.ThreadPoolTaskExecutor] ExecutorConfigurationSupport.java:181 - Initializing ExecutorService 'applicationTaskExecutor'
2024-09-22 21:07:19,195 [main] WARN  [c.baomidou.mybatisplus.core.toolkit.ReflectionKit] ReflectionKit.java:112 - Warn: Index: 1, Size of SpecificationServiceImpl's Parameterized Type: 1 .
2024-09-22 21:07:19,283 [main] WARN  [c.baomidou.mybatisplus.core.toolkit.ReflectionKit] ReflectionKit.java:112 - Warn: Index: 1, Size of StockServiceImpl's Parameterized Type: 1 .
2024-09-22 21:07:19,745 [main] INFO  [c.a.cloud.sentinel.SentinelWebAutoConfiguration] SentinelWebAutoConfiguration.java:80 - [Sentinel Starter] register SentinelWebInterceptor with urlPatterns: [/**].
2024-09-22 21:07:22,179 [main] INFO  [o.s.b.actuate.endpoint.web.EndpointLinksResolver] EndpointLinksResolver.java:58 - Exposing 20 endpoint(s) beneath base path '/actuator'
2024-09-22 21:07:22,591 [main] INFO  [s.d.s.w.PropertySourcedRequestMappingHandlerMapping] PropertySourcedRequestMappingHandlerMapping.java:69 - Mapped URL path [/v2/api-docs] onto method [springfox.documentation.swagger2.web.Swagger2Controller#getDocumentation(String, HttpServletRequest)]
2024-09-22 21:07:22,880 [main] WARN  [com.netflix.config.sources.URLConfigurationSource] URLConfigurationSource.java:121 - No URLs will be polled as dynamic configuration sources.
2024-09-22 21:07:22,881 [main] INFO  [com.netflix.config.sources.URLConfigurationSource] URLConfigurationSource.java:122 - To enable URLs as dynamic configuration sources, define System property archaius.configurationSource.additionalUrls or make config.properties available on classpath.
2024-09-22 21:07:22,892 [main] WARN  [com.netflix.config.sources.URLConfigurationSource] URLConfigurationSource.java:121 - No URLs will be polled as dynamic configuration sources.
2024-09-22 21:07:22,893 [main] INFO  [com.netflix.config.sources.URLConfigurationSource] URLConfigurationSource.java:122 - To enable URLs as dynamic configuration sources, define System property archaius.configurationSource.additionalUrls or make config.properties available on classpath.
2024-09-22 21:07:23,670 [main] INFO  [o.s.scheduling.concurrent.ThreadPoolTaskScheduler] ExecutorConfigurationSupport.java:181 - Initializing ExecutorService 'Nacos-Watch-Task-Scheduler'
2024-09-22 21:07:26,002 [main] INFO  [o.s.security.web.DefaultSecurityFilterChain] DefaultSecurityFilterChain.java:43 - Creating filter chain: any request, [org.springframework.security.web.context.request.async.WebAsyncManagerIntegrationFilter@401e582c, org.springframework.security.web.context.SecurityContextPersistenceFilter@40ea1540, org.springframework.security.web.header.HeaderWriterFilter@4c1bfb7, org.springframework.security.web.authentication.logout.LogoutFilter@7918bc24, org.springframework.security.oauth2.provider.authentication.OAuth2AuthenticationProcessingFilter@5481fd4f, org.springframework.security.web.savedrequest.RequestCacheAwareFilter@125873ed, org.springframework.security.web.servletapi.SecurityContextHolderAwareRequestFilter@4accd7fa, org.springframework.security.web.authentication.AnonymousAuthenticationFilter@44a4ecf0, org.springframework.security.web.session.SessionManagementFilter@b982d15, org.springframework.security.web.access.ExceptionTranslationFilter@4db8c433, org.springframework.security.web.access.intercept.FilterSecurityInterceptor@3052d4bc]
2024-09-22 21:07:28,283 [main] WARN  [o.s.c.s.o.SpringCloudSecurityAutoConfiguration] SpringCloudSecurityAutoConfiguration.java:38 - All Spring Cloud Security modules and starters are deprecated. They will be moved to individual projects in the next major release.
2024-09-22 21:07:28,620 [main] INFO  [org.apache.coyote.http11.Http11NioProtocol] DirectJDKLog.java:173 - Starting ProtocolHandler ["http-nio-5879"]
2024-09-22 21:07:28,660 [main] INFO  [o.s.boot.web.embedded.tomcat.TomcatWebServer] TomcatWebServer.java:220 - Tomcat started on port(s): 5879 (http) with context path ''
2024-09-22 21:07:29,351 [main] INFO  [c.a.cloud.nacos.registry.NacosServiceRegistry] NacosServiceRegistry.java:75 - nacos registry, DEFAULT_GROUP bizspring-goods 192.168.2.2:5879 register finished
2024-09-22 21:07:30,187 [main] INFO  [s.d.s.web.plugins.DocumentationPluginsBootstrapper] DocumentationPluginsBootstrapper.java:160 - Context refreshed
2024-09-22 21:07:30,226 [main] INFO  [s.d.s.web.plugins.DocumentationPluginsBootstrapper] DocumentationPluginsBootstrapper.java:163 - Found 1 custom documentation plugin(s)
2024-09-22 21:07:30,320 [main] INFO  [s.d.spring.web.scanners.ApiListingReferenceScanner] ApiListingReferenceScanner.java:41 - Scanning for api listing references
2024-09-22 21:07:30,478 [main] WARN  [s.d.s.w.readers.parameter.ParameterDataTypeReader] ParameterDataTypeReader.java:92 - Trying to infer dataType java.lang.String[]
2024-09-22 21:07:30,584 [main] INFO  [s.d.s.w.r.operation.CachingOperationNameGenerator] CachingOperationNameGenerator.java:40 - Generating unique operation named: addUsingGET_1
2024-09-22 21:07:30,587 [main] WARN  [s.d.s.w.readers.parameter.ParameterDataTypeReader] ParameterDataTypeReader.java:92 - Trying to infer dataType java.lang.String[]
2024-09-22 21:07:30,588 [main] INFO  [s.d.s.w.r.operation.CachingOperationNameGenerator] CachingOperationNameGenerator.java:40 - Generating unique operation named: deleteUsingDELETE_1
2024-09-22 21:07:30,591 [main] INFO  [s.d.s.w.r.operation.CachingOperationNameGenerator] CachingOperationNameGenerator.java:40 - Generating unique operation named: editUsingGET_1
2024-09-22 21:07:30,594 [main] INFO  [s.d.s.w.r.operation.CachingOperationNameGenerator] CachingOperationNameGenerator.java:40 - Generating unique operation named: listUsingGET_1
2024-09-22 21:07:30,608 [main] INFO  [s.d.s.w.r.operation.CachingOperationNameGenerator] CachingOperationNameGenerator.java:40 - Generating unique operation named: saveUsingPOST_1
2024-09-22 21:07:30,613 [main] INFO  [s.d.s.w.r.operation.CachingOperationNameGenerator] CachingOperationNameGenerator.java:40 - Generating unique operation named: updateUsingPUT_1
2024-09-22 21:07:30,637 [main] INFO  [s.d.s.w.r.operation.CachingOperationNameGenerator] CachingOperationNameGenerator.java:40 - Generating unique operation named: addUsingGET_2
2024-09-22 21:07:30,641 [main] WARN  [s.d.s.w.readers.parameter.ParameterDataTypeReader] ParameterDataTypeReader.java:92 - Trying to infer dataType java.lang.String[]
2024-09-22 21:07:30,643 [main] INFO  [s.d.s.w.r.operation.CachingOperationNameGenerator] CachingOperationNameGenerator.java:40 - Generating unique operation named: deleteUsingDELETE_2
2024-09-22 21:07:30,644 [main] INFO  [s.d.s.w.r.operation.CachingOperationNameGenerator] CachingOperationNameGenerator.java:40 - Generating unique operation named: editUsingGET_2
2024-09-22 21:07:30,646 [main] WARN  [s.d.s.w.readers.parameter.ParameterDataTypeReader] ParameterDataTypeReader.java:92 - Trying to infer dataType cn.bizspring.cloud.goods.common.entity.Goods$OrderType
2024-09-22 21:07:30,650 [main] INFO  [s.d.s.w.r.operation.CachingOperationNameGenerator] CachingOperationNameGenerator.java:40 - Generating unique operation named: listUsingGET_2
2024-09-22 21:07:30,744 [main] INFO  [s.d.s.w.r.operation.CachingOperationNameGenerator] CachingOperationNameGenerator.java:40 - Generating unique operation named: saveUsingPOST_2
2024-09-22 21:07:30,747 [main] INFO  [s.d.s.w.r.operation.CachingOperationNameGenerator] CachingOperationNameGenerator.java:40 - Generating unique operation named: updateUsingPUT_2
2024-09-22 21:07:30,752 [main] WARN  [s.d.s.w.readers.parameter.ParameterDataTypeReader] ParameterDataTypeReader.java:92 - Trying to infer dataType java.lang.String[]
2024-09-22 21:07:30,753 [main] INFO  [s.d.s.w.r.operation.CachingOperationNameGenerator] CachingOperationNameGenerator.java:40 - Generating unique operation named: deleteUsingDELETE_3
2024-09-22 21:07:30,759 [main] INFO  [s.d.s.w.r.operation.CachingOperationNameGenerator] CachingOperationNameGenerator.java:40 - Generating unique operation named: listUsingGET_3
2024-09-22 21:07:30,762 [main] WARN  [s.d.s.w.readers.parameter.ParameterDataTypeReader] ParameterDataTypeReader.java:92 - Trying to infer dataType cn.bizspring.cloud.goods.common.entity.Goods$OrderType
2024-09-22 21:07:30,763 [main] INFO  [s.d.s.w.r.operation.CachingOperationNameGenerator] CachingOperationNameGenerator.java:40 - Generating unique operation named: indexUsingGET_1
2024-09-22 21:07:30,768 [main] WARN  [s.d.s.w.readers.parameter.ParameterDataTypeReader] ParameterDataTypeReader.java:92 - Trying to infer dataType cn.bizspring.cloud.store.common.entity.Store$Type
2024-09-22 21:07:30,769 [main] WARN  [s.d.s.w.readers.parameter.ParameterDataTypeReader] ParameterDataTypeReader.java:92 - Trying to infer dataType cn.bizspring.cloud.goods.common.entity.Goods$OrderType
2024-09-22 21:07:30,771 [main] WARN  [s.d.s.w.readers.parameter.ParameterDataTypeReader] ParameterDataTypeReader.java:92 - Trying to infer dataType cn.bizspring.cloud.goods.common.entity.Goods$OrderType
2024-09-22 21:07:30,773 [main] INFO  [s.d.s.w.r.operation.CachingOperationNameGenerator] CachingOperationNameGenerator.java:40 - Generating unique operation named: listUsingGET_4
2024-09-22 21:07:30,787 [main] INFO  [s.d.s.w.r.operation.CachingOperationNameGenerator] CachingOperationNameGenerator.java:40 - Generating unique operation named: findUsingGET_1
2024-09-22 21:07:30,822 [main] INFO  [s.d.s.w.r.operation.CachingOperationNameGenerator] CachingOperationNameGenerator.java:40 - Generating unique operation named: findUsingGET_2
2024-09-22 21:07:30,862 [main] INFO  [c.b.cloud.goods.admin.BizSpringGoodsApplication] StartupInfoLogger.java:61 - Started BizSpringGoodsApplication in 36.376 seconds (JVM running for 44.568)
2024-09-22 21:07:30,875 [main] INFO  [com.alibaba.nacos.client.config.impl.ClientWorker] ClientWorker.java:239 - [fixed-bizspring-module-nacos_8878] [subscribe] bizspring-goods+DEFAULT_GROUP
2024-09-22 21:07:30,878 [main] INFO  [com.alibaba.nacos.client.config.impl.CacheData] CacheData.java:93 - [fixed-bizspring-module-nacos_8878] [add-listener] ok, tenant=, dataId=bizspring-goods, group=DEFAULT_GROUP, cnt=1
2024-09-22 21:07:30,878 [main] INFO  [com.alibaba.nacos.client.config.impl.ClientWorker] ClientWorker.java:239 - [fixed-bizspring-module-nacos_8878] [subscribe] bizspring-goods.yml+DEFAULT_GROUP
2024-09-22 21:07:30,878 [main] INFO  [com.alibaba.nacos.client.config.impl.CacheData] CacheData.java:93 - [fixed-bizspring-module-nacos_8878] [add-listener] ok, tenant=, dataId=bizspring-goods.yml, group=DEFAULT_GROUP, cnt=1
2024-09-22 21:07:30,878 [main] INFO  [com.alibaba.nacos.client.config.impl.ClientWorker] ClientWorker.java:239 - [fixed-bizspring-module-nacos_8878] [subscribe] bizspring-goods-dev.yml+DEFAULT_GROUP
2024-09-22 21:07:30,878 [main] INFO  [com.alibaba.nacos.client.config.impl.CacheData] CacheData.java:93 - [fixed-bizspring-module-nacos_8878] [add-listener] ok, tenant=, dataId=bizspring-goods-dev.yml, group=DEFAULT_GROUP, cnt=1
2024-09-22 21:07:31,829 [RMI TCP Connection(2)-192.168.2.2] INFO  [o.a.c.core.ContainerBase.[Tomcat].[localhost].[/]] DirectJDKLog.java:173 - Initializing Spring DispatcherServlet 'dispatcherServlet'
2024-09-22 21:07:31,832 [RMI TCP Connection(2)-192.168.2.2] INFO  [org.springframework.web.servlet.DispatcherServlet] FrameworkServlet.java:525 - Initializing Servlet 'dispatcherServlet'
2024-09-22 21:07:31,847 [RMI TCP Connection(2)-192.168.2.2] INFO  [org.springframework.web.servlet.DispatcherServlet] FrameworkServlet.java:547 - Completed initialization in 15 ms
2024-09-22 21:09:37,349 [Thread-79] WARN  [com.alibaba.nacos.common.notify.NotifyCenter] NotifyCenter.java:145 - [NotifyCenter] Start destroying Publisher
2024-09-22 21:09:37,350 [Thread-26] WARN  [com.alibaba.nacos.common.http.HttpClientBeanHolder] HttpClientBeanHolder.java:108 - [HttpClientBeanHolder] Start destroying common HttpClient
2024-09-22 21:09:37,350 [Thread-79] WARN  [com.alibaba.nacos.common.notify.NotifyCenter] NotifyCenter.java:162 - [NotifyCenter] Destruction of the end
2024-09-22 21:09:37,355 [Thread-26] WARN  [com.alibaba.nacos.common.http.HttpClientBeanHolder] HttpClientBeanHolder.java:114 - [HttpClientBeanHolder] Destruction of the end
2024-09-22 21:09:37,613 [SpringContextShutdownHook] INFO  [o.s.scheduling.concurrent.ThreadPoolTaskScheduler] ExecutorConfigurationSupport.java:218 - Shutting down ExecutorService 'Nacos-Watch-Task-Scheduler'
2024-09-22 21:09:39,710 [SpringContextShutdownHook] INFO  [c.a.cloud.nacos.registry.NacosServiceRegistry] NacosServiceRegistry.java:90 - De-registering from Nacos Server now...
2024-09-22 21:09:39,712 [SpringContextShutdownHook] INFO  [c.a.cloud.nacos.registry.NacosServiceRegistry] NacosServiceRegistry.java:110 - De-registration finished.
2024-09-22 21:09:48,814 [SpringContextShutdownHook] INFO  [c.alibaba.nacos.client.identify.CredentialWatcher] CredentialWatcher.java:105 - [null] CredentialWatcher is stopped
2024-09-22 21:09:48,815 [SpringContextShutdownHook] INFO  [c.alibaba.nacos.client.identify.CredentialService] CredentialService.java:98 - [null] CredentialService is freed
2024-09-22 21:09:48,818 [SpringContextShutdownHook] WARN  [o.s.beans.factory.support.DisposableBeanAdapter] DisposableBeanAdapter.java:349 - Destroy method 'close' on bean with name 'nacosServiceRegistry' threw an exception: java.lang.NullPointerException
2024-09-22 21:09:48,819 [SpringContextShutdownHook] INFO  [c.alibaba.nacos.client.config.http.ServerHttpAgent] ServerHttpAgent.java:453 - com.alibaba.nacos.client.config.http.ServerHttpAgent do shutdown begin
2024-09-22 21:09:48,820 [SpringContextShutdownHook] INFO  [c.alibaba.nacos.client.config.http.ServerHttpAgent] ServerHttpAgent.java:457 - com.alibaba.nacos.client.config.http.ServerHttpAgent do shutdown stop
2024-09-22 21:09:48,820 [SpringContextShutdownHook] INFO  [com.alibaba.nacos.client.config.impl.ClientWorker] ClientWorker.java:560 - com.alibaba.nacos.client.config.impl.ClientWorker do shutdown begin
2024-09-22 21:09:51,858 [SpringContextShutdownHook] INFO  [com.alibaba.nacos.client.config.impl.ClientWorker] ClientWorker.java:563 - com.alibaba.nacos.client.config.impl.ClientWorker do shutdown stop
2024-09-22 21:09:51,861 [SpringContextShutdownHook] INFO  [o.s.scheduling.concurrent.ThreadPoolTaskExecutor] ExecutorConfigurationSupport.java:218 - Shutting down ExecutorService 'applicationTaskExecutor'
2024-09-22 21:09:51,876 [SpringContextShutdownHook] INFO  [com.alibaba.druid.pool.DruidDataSource] DruidDataSource.java:2032 - {dataSource-1} closing ...
2024-09-22 21:09:51,885 [SpringContextShutdownHook] INFO  [com.alibaba.druid.pool.DruidDataSource] DruidDataSource.java:2104 - {dataSource-1} closed
